                                      1 ;--------------------------------------------------------
                                      2 ; File Created by SDCC : free open source ANSI-C Compiler
                                      3 ; Version 3.9.3 #11345 (Linux)
                                      4 ;--------------------------------------------------------
                                      5 	.module _divslong
                                      6 	.optsdcc -mstm8
                                      7 	
                                      8 ;--------------------------------------------------------
                                      9 ; Public variables in this module
                                     10 ;--------------------------------------------------------
                                     11 	.globl __divslong
                                     12 ;--------------------------------------------------------
                                     13 ; ram data
                                     14 ;--------------------------------------------------------
                                     15 	.area DATA
                                     16 ;--------------------------------------------------------
                                     17 ; ram data
                                     18 ;--------------------------------------------------------
                                     19 	.area INITIALIZED
                                     20 ;--------------------------------------------------------
                                     21 ; absolute external ram data
                                     22 ;--------------------------------------------------------
                                     23 	.area DABS (ABS)
                                     24 
                                     25 ; default segment ordering for linker
                                     26 	.area HOME
                                     27 	.area GSINIT
                                     28 	.area GSFINAL
                                     29 	.area CONST
                                     30 	.area INITIALIZER
                                     31 	.area CODE
                                     32 
                                     33 ;--------------------------------------------------------
                                     34 ; global & static initialisations
                                     35 ;--------------------------------------------------------
                                     36 	.area HOME
                                     37 	.area GSINIT
                                     38 	.area GSFINAL
                                     39 	.area GSINIT
                                     40 ;--------------------------------------------------------
                                     41 ; Home
                                     42 ;--------------------------------------------------------
                                     43 	.area HOME
                                     44 	.area HOME
                                     45 ;--------------------------------------------------------
                                     46 ; code
                                     47 ;--------------------------------------------------------
                                     48 	.area CODE
                                     49 ;	../_divslong.c: 259: _divslong (long x, long y)
                                     50 ;	-----------------------------------------
                                     51 ;	 function _divslong
                                     52 ;	-----------------------------------------
      000000                         53 __divslong:
      000000 52 0A            [ 2]   54 	sub	sp, #10
                                     55 ;	../_divslong.c: 263: r = (unsigned long)(x < 0 ? -x : x) / (unsigned long)(y < 0 ? -y : y);
      000002 0D 0E            [ 1]   56 	tnz	(0x0e, sp)
      000004 2B 04            [ 1]   57 	jrmi	00125$
      000006 0F 01            [ 1]   58 	clr	(0x01, sp)
      000008 20 04            [ 2]   59 	jra	00126$
      00000A                         60 00125$:
      00000A A6 01            [ 1]   61 	ld	a, #0x01
      00000C 6B 01            [ 1]   62 	ld	(0x01, sp), a
      00000E                         63 00126$:
      00000E 0D 01            [ 1]   64 	tnz	(0x01, sp)
      000010 27 10            [ 1]   65 	jreq	00106$
      000012 16 10            [ 2]   66 	ldw	y, (0x10, sp)
      000014 90 50            [ 2]   67 	negw	y
      000016 1E 0E            [ 2]   68 	ldw	x, (0x0e, sp)
      000018 24 01            [ 1]   69 	jrnc	00128$
      00001A 5C               [ 1]   70 	incw	x
      00001B                         71 00128$:
      00001B 50               [ 2]   72 	negw	x
      00001C 17 09            [ 2]   73 	ldw	(0x09, sp), y
      00001E 1F 07            [ 2]   74 	ldw	(0x07, sp), x
      000020 20 08            [ 2]   75 	jra	00107$
      000022                         76 00106$:
      000022 16 10            [ 2]   77 	ldw	y, (0x10, sp)
      000024 17 09            [ 2]   78 	ldw	(0x09, sp), y
      000026 16 0E            [ 2]   79 	ldw	y, (0x0e, sp)
      000028 17 07            [ 2]   80 	ldw	(0x07, sp), y
      00002A                         81 00107$:
      00002A 16 09            [ 2]   82 	ldw	y, (0x09, sp)
      00002C 17 04            [ 2]   83 	ldw	(0x04, sp), y
      00002E 16 07            [ 2]   84 	ldw	y, (0x07, sp)
      000030 17 02            [ 2]   85 	ldw	(0x02, sp), y
      000032 0D 12            [ 1]   86 	tnz	(0x12, sp)
      000034 2B 04            [ 1]   87 	jrmi	00129$
      000036 0F 06            [ 1]   88 	clr	(0x06, sp)
      000038 20 04            [ 2]   89 	jra	00130$
      00003A                         90 00129$:
      00003A A6 01            [ 1]   91 	ld	a, #0x01
      00003C 6B 06            [ 1]   92 	ld	(0x06, sp), a
      00003E                         93 00130$:
      00003E 0D 06            [ 1]   94 	tnz	(0x06, sp)
      000040 27 16            [ 1]   95 	jreq	00108$
      000042 7B 15            [ 1]   96 	ld	a, (0x15, sp)
      000044 40               [ 1]   97 	neg	a
      000045 6B 0A            [ 1]   98 	ld	(0x0a, sp), a
      000047 4F               [ 1]   99 	clr	a
      000048 12 14            [ 1]  100 	sbc	a, (0x14, sp)
      00004A 6B 09            [ 1]  101 	ld	(0x09, sp), a
      00004C 4F               [ 1]  102 	clr	a
      00004D 12 13            [ 1]  103 	sbc	a, (0x13, sp)
      00004F 6B 08            [ 1]  104 	ld	(0x08, sp), a
      000051 4F               [ 1]  105 	clr	a
      000052 12 12            [ 1]  106 	sbc	a, (0x12, sp)
      000054 6B 07            [ 1]  107 	ld	(0x07, sp), a
      000056 20 08            [ 2]  108 	jra	00109$
      000058                        109 00108$:
      000058 16 14            [ 2]  110 	ldw	y, (0x14, sp)
      00005A 17 09            [ 2]  111 	ldw	(0x09, sp), y
      00005C 16 12            [ 2]  112 	ldw	y, (0x12, sp)
      00005E 17 07            [ 2]  113 	ldw	(0x07, sp), y
      000060                        114 00109$:
      000060 1E 09            [ 2]  115 	ldw	x, (0x09, sp)
      000062 16 07            [ 2]  116 	ldw	y, (0x07, sp)
      000064 89               [ 2]  117 	pushw	x
      000065 90 89            [ 2]  118 	pushw	y
      000067 1E 08            [ 2]  119 	ldw	x, (0x08, sp)
      000069 89               [ 2]  120 	pushw	x
      00006A 1E 08            [ 2]  121 	ldw	x, (0x08, sp)
      00006C 89               [ 2]  122 	pushw	x
      00006D 8Ds00r00r00      [ 5]  123 	callf	__divulong
      000071 5B 08            [ 2]  124 	addw	sp, #8
      000073 1F 09            [ 2]  125 	ldw	(0x09, sp), x
      000075 17 07            [ 2]  126 	ldw	(0x07, sp), y
                                    127 ;	../_divslong.c: 264: if ((x < 0) ^ (y < 0))
      000077 7B 01            [ 1]  128 	ld	a, (0x01, sp)
      000079 18 06            [ 1]  129 	xor	a, (0x06, sp)
      00007B 27 0D            [ 1]  130 	jreq	00102$
                                    131 ;	../_divslong.c: 265: return -r;
      00007D 1E 09            [ 2]  132 	ldw	x, (0x09, sp)
      00007F 50               [ 2]  133 	negw	x
      000080 16 07            [ 2]  134 	ldw	y, (0x07, sp)
      000082 24 02            [ 1]  135 	jrnc	00133$
      000084 90 5C            [ 1]  136 	incw	y
      000086                        137 00133$:
      000086 90 50            [ 2]  138 	negw	y
      000088 20 04            [ 2]  139 	jra	00104$
      00008A                        140 00102$:
                                    141 ;	../_divslong.c: 267: return r;
      00008A 1E 09            [ 2]  142 	ldw	x, (0x09, sp)
      00008C 16 07            [ 2]  143 	ldw	y, (0x07, sp)
      00008E                        144 00104$:
                                    145 ;	../_divslong.c: 268: }
      00008E 5B 0A            [ 2]  146 	addw	sp, #10
      000090 87               [ 5]  147 	retf
                                    148 	.area CODE
                                    149 	.area CONST
                                    150 	.area INITIALIZER
                                    151 	.area CABS (ABS)
