                                      1 ;--------------------------------------------------------
                                      2 ; File Created by SDCC : free open source ANSI-C Compiler
                                      3 ; Version 3.9.3 #11345 (Linux)
                                      4 ;--------------------------------------------------------
                                      5 	.module _fs2uint
                                      6 	.optsdcc -mstm8
                                      7 	
                                      8 ;--------------------------------------------------------
                                      9 ; Public variables in this module
                                     10 ;--------------------------------------------------------
                                     11 	.globl ___fs2ulong
                                     12 	.globl ___fs2uint
                                     13 ;--------------------------------------------------------
                                     14 ; ram data
                                     15 ;--------------------------------------------------------
                                     16 	.area DATA
                                     17 ;--------------------------------------------------------
                                     18 ; ram data
                                     19 ;--------------------------------------------------------
                                     20 	.area INITIALIZED
                                     21 ;--------------------------------------------------------
                                     22 ; absolute external ram data
                                     23 ;--------------------------------------------------------
                                     24 	.area DABS (ABS)
                                     25 
                                     26 ; default segment ordering for linker
                                     27 	.area HOME
                                     28 	.area GSINIT
                                     29 	.area GSFINAL
                                     30 	.area CONST
                                     31 	.area INITIALIZER
                                     32 	.area CODE
                                     33 
                                     34 ;--------------------------------------------------------
                                     35 ; global & static initialisations
                                     36 ;--------------------------------------------------------
                                     37 	.area HOME
                                     38 	.area GSINIT
                                     39 	.area GSFINAL
                                     40 	.area GSINIT
                                     41 ;--------------------------------------------------------
                                     42 ; Home
                                     43 ;--------------------------------------------------------
                                     44 	.area HOME
                                     45 	.area HOME
                                     46 ;--------------------------------------------------------
                                     47 ; code
                                     48 ;--------------------------------------------------------
                                     49 	.area CODE
                                     50 ;	../_fs2uint.c: 54: unsigned int __fs2uint (float f)
                                     51 ;	-----------------------------------------
                                     52 ;	 function __fs2uint
                                     53 ;	-----------------------------------------
      000000                         54 ___fs2uint:
      000000 52 04            [ 2]   55 	sub	sp, #4
                                     56 ;	../_fs2uint.c: 56: unsigned long ul=__fs2ulong(f);
      000002 1E 0A            [ 2]   57 	ldw	x, (0x0a, sp)
      000004 89               [ 2]   58 	pushw	x
      000005 1E 0A            [ 2]   59 	ldw	x, (0x0a, sp)
      000007 89               [ 2]   60 	pushw	x
      000008 8Ds00r00r00      [ 5]   61 	callf	___fs2ulong
      00000C 5B 04            [ 2]   62 	addw	sp, #4
      00000E 1F 03            [ 2]   63 	ldw	(0x03, sp), x
      000010 17 01            [ 2]   64 	ldw	(0x01, sp), y
                                     65 ;	../_fs2uint.c: 57: if (ul>=UINT_MAX) return UINT_MAX;
      000012 7B 04            [ 1]   66 	ld	a, (0x04, sp)
      000014 A1 FF            [ 1]   67 	cp	a, #0xff
      000016 7B 03            [ 1]   68 	ld	a, (0x03, sp)
      000018 A2 FF            [ 1]   69 	sbc	a, #0xff
      00001A 7B 02            [ 1]   70 	ld	a, (0x02, sp)
      00001C A2 00            [ 1]   71 	sbc	a, #0x00
      00001E 7B 01            [ 1]   72 	ld	a, (0x01, sp)
      000020 A2 00            [ 1]   73 	sbc	a, #0x00
      000022 25 03            [ 1]   74 	jrc	00102$
      000024 5F               [ 1]   75 	clrw	x
      000025 5A               [ 2]   76 	decw	x
                                     77 ;	../_fs2uint.c: 58: return ul;
      000026 C5                      78 	.byte 0xc5
      000027                         79 00102$:
      000027 1E 03            [ 2]   80 	ldw	x, (0x03, sp)
      000029                         81 00103$:
                                     82 ;	../_fs2uint.c: 59: }
      000029 5B 04            [ 2]   83 	addw	sp, #4
      00002B 87               [ 5]   84 	retf
                                     85 	.area CODE
                                     86 	.area CONST
                                     87 	.area INITIALIZER
                                     88 	.area CABS (ABS)
