                                      1 ;--------------------------------------------------------
                                      2 ; File Created by SDCC : free open source ANSI-C Compiler
                                      3 ; Version 3.9.3 #11345 (Linux)
                                      4 ;--------------------------------------------------------
                                      5 	.module _fsadd
                                      6 	.optsdcc -mstm8
                                      7 	
                                      8 ;--------------------------------------------------------
                                      9 ; Public variables in this module
                                     10 ;--------------------------------------------------------
                                     11 	.globl ___fsadd
                                     12 ;--------------------------------------------------------
                                     13 ; ram data
                                     14 ;--------------------------------------------------------
                                     15 	.area DATA
                                     16 ;--------------------------------------------------------
                                     17 ; ram data
                                     18 ;--------------------------------------------------------
                                     19 	.area INITIALIZED
                                     20 ;--------------------------------------------------------
                                     21 ; absolute external ram data
                                     22 ;--------------------------------------------------------
                                     23 	.area DABS (ABS)
                                     24 
                                     25 ; default segment ordering for linker
                                     26 	.area HOME
                                     27 	.area GSINIT
                                     28 	.area GSFINAL
                                     29 	.area CONST
                                     30 	.area INITIALIZER
                                     31 	.area CODE
                                     32 
                                     33 ;--------------------------------------------------------
                                     34 ; global & static initialisations
                                     35 ;--------------------------------------------------------
                                     36 	.area HOME
                                     37 	.area GSINIT
                                     38 	.area GSFINAL
                                     39 	.area GSINIT
                                     40 ;--------------------------------------------------------
                                     41 ; Home
                                     42 ;--------------------------------------------------------
                                     43 	.area HOME
                                     44 	.area HOME
                                     45 ;--------------------------------------------------------
                                     46 ; code
                                     47 ;--------------------------------------------------------
                                     48 	.area CODE
                                     49 ;	../_fsadd.c: 170: float __fsadd (float a1, float a2)
                                     50 ;	-----------------------------------------
                                     51 ;	 function __fsadd
                                     52 ;	-----------------------------------------
      000000                         53 ___fsadd:
      000000 52 16            [ 2]   54 	sub	sp, #22
                                     55 ;	../_fsadd.c: 178: pfl2 = (long _AUTOMEM *)&a2;
      000002 96               [ 1]   56 	ldw	x, sp
      000003 1C 00 1E         [ 2]   57 	addw	x, #30
                                     58 ;	../_fsadd.c: 179: exp2 = EXP (*pfl2);
      000006 90 93            [ 1]   59 	ldw	y, x
      000008 90 EE 02         [ 2]   60 	ldw	y, (0x2, y)
      00000B 17 11            [ 2]   61 	ldw	(0x11, sp), y
      00000D FE               [ 2]   62 	ldw	x, (x)
      00000E 1F 0F            [ 2]   63 	ldw	(0x0f, sp), x
      000010 16 11            [ 2]   64 	ldw	y, (0x11, sp)
      000012 17 15            [ 2]   65 	ldw	(0x15, sp), y
      000014 16 0F            [ 2]   66 	ldw	y, (0x0f, sp)
      000016 17 13            [ 2]   67 	ldw	(0x13, sp), y
      000018 93               [ 1]   68 	ldw	x, y
      000019 A6 80            [ 1]   69 	ld	a, #0x80
      00001B 62               [ 2]   70 	div	x, a
      00001C 4F               [ 1]   71 	clr	a
      00001D 95               [ 1]   72 	ld	xh, a
      00001E 1F 01            [ 2]   73 	ldw	(0x01, sp), x
                                     74 ;	../_fsadd.c: 180: mant2 = MANT (*pfl2) << 4;
      000020 16 11            [ 2]   75 	ldw	y, (0x11, sp)
      000022 7B 10            [ 1]   76 	ld	a, (0x10, sp)
      000024 A4 7F            [ 1]   77 	and	a, #0x7f
      000026 95               [ 1]   78 	ld	xh, a
      000027 4F               [ 1]   79 	clr	a
      000028 97               [ 1]   80 	ld	xl, a
      000029 58               [ 2]   81 	sllw	x
      00002A 99               [ 1]   82 	scf
      00002B 56               [ 2]   83 	rrcw	x
      00002C 5E               [ 1]   84 	swapw	x
      00002D A6 04            [ 1]   85 	ld	a, #0x04
      00002F                         86 00240$:
      00002F 90 58            [ 2]   87 	sllw	y
      000031 59               [ 2]   88 	rlcw	x
      000032 4A               [ 1]   89 	dec	a
      000033 26 FA            [ 1]   90 	jrne	00240$
      000035 17 05            [ 2]   91 	ldw	(0x05, sp), y
      000037 1F 03            [ 2]   92 	ldw	(0x03, sp), x
                                     93 ;	../_fsadd.c: 181: if (SIGN (*pfl2))
      000039 0D 13            [ 1]   94 	tnz	(0x13, sp)
      00003B 2A 0E            [ 1]   95 	jrpl	00102$
                                     96 ;	../_fsadd.c: 182: mant2 = -mant2;
      00003D 16 05            [ 2]   97 	ldw	y, (0x05, sp)
      00003F 90 50            [ 2]   98 	negw	y
      000041 1E 03            [ 2]   99 	ldw	x, (0x03, sp)
      000043 24 01            [ 1]  100 	jrnc	00243$
      000045 5C               [ 1]  101 	incw	x
      000046                        102 00243$:
      000046 50               [ 2]  103 	negw	x
      000047 17 05            [ 2]  104 	ldw	(0x05, sp), y
      000049 1F 03            [ 2]  105 	ldw	(0x03, sp), x
      00004B                        106 00102$:
                                    107 ;	../_fsadd.c: 184: if (!*pfl2)
      00004B 1E 11            [ 2]  108 	ldw	x, (0x11, sp)
      00004D 26 0C            [ 1]  109 	jrne	00104$
      00004F 1E 0F            [ 2]  110 	ldw	x, (0x0f, sp)
      000051 26 08            [ 1]  111 	jrne	00104$
                                    112 ;	../_fsadd.c: 185: return (a1);
      000053 1E 1C            [ 2]  113 	ldw	x, (0x1c, sp)
      000055 16 1A            [ 2]  114 	ldw	y, (0x1a, sp)
      000057 ACs00r02r80      [ 2]  115 	jpf	00137$
      00005B                        116 00104$:
                                    117 ;	../_fsadd.c: 187: pfl1 = (long _AUTOMEM *)&a1;
      00005B 96               [ 1]  118 	ldw	x, sp
      00005C 1C 00 1A         [ 2]  119 	addw	x, #26
                                    120 ;	../_fsadd.c: 188: exp1 = EXP (*pfl1);
      00005F 1F 07            [ 2]  121 	ldw	(0x07, sp), x
      000061 90 93            [ 1]  122 	ldw	y, x
      000063 90 EE 02         [ 2]  123 	ldw	y, (0x2, y)
      000066 17 0B            [ 2]  124 	ldw	(0x0b, sp), y
      000068 FE               [ 2]  125 	ldw	x, (x)
      000069 1F 09            [ 2]  126 	ldw	(0x09, sp), x
      00006B 16 0B            [ 2]  127 	ldw	y, (0x0b, sp)
      00006D 17 15            [ 2]  128 	ldw	(0x15, sp), y
      00006F 16 09            [ 2]  129 	ldw	y, (0x09, sp)
      000071 17 13            [ 2]  130 	ldw	(0x13, sp), y
      000073 93               [ 1]  131 	ldw	x, y
      000074 A6 80            [ 1]  132 	ld	a, #0x80
      000076 62               [ 2]  133 	div	x, a
      000077 4F               [ 1]  134 	clr	a
      000078 95               [ 1]  135 	ld	xh, a
      000079 1F 0D            [ 2]  136 	ldw	(0x0d, sp), x
                                    137 ;	../_fsadd.c: 189: mant1 = MANT (*pfl1) << 4;
      00007B 16 0B            [ 2]  138 	ldw	y, (0x0b, sp)
      00007D 7B 0A            [ 1]  139 	ld	a, (0x0a, sp)
      00007F A4 7F            [ 1]  140 	and	a, #0x7f
      000081 95               [ 1]  141 	ld	xh, a
      000082 4F               [ 1]  142 	clr	a
      000083 97               [ 1]  143 	ld	xl, a
      000084 58               [ 2]  144 	sllw	x
      000085 99               [ 1]  145 	scf
      000086 56               [ 2]  146 	rrcw	x
      000087 5E               [ 1]  147 	swapw	x
      000088 A6 04            [ 1]  148 	ld	a, #0x04
      00008A                        149 00246$:
      00008A 90 58            [ 2]  150 	sllw	y
      00008C 59               [ 2]  151 	rlcw	x
      00008D 4A               [ 1]  152 	dec	a
      00008E 26 FA            [ 1]  153 	jrne	00246$
      000090 17 11            [ 2]  154 	ldw	(0x11, sp), y
      000092 1F 0F            [ 2]  155 	ldw	(0x0f, sp), x
                                    156 ;	../_fsadd.c: 190: if (SIGN(*pfl1))
      000094 0D 13            [ 1]  157 	tnz	(0x13, sp)
      000096 2A 20            [ 1]  158 	jrpl	00108$
                                    159 ;	../_fsadd.c: 191: if (*pfl1 & 0x80000000)
      000098 0D 09            [ 1]  160 	tnz	(0x09, sp)
      00009A 2A 1C            [ 1]  161 	jrpl	00108$
                                    162 ;	../_fsadd.c: 192: mant1 = -mant1;
      00009C 7B 12            [ 1]  163 	ld	a, (0x12, sp)
      00009E 40               [ 1]  164 	neg	a
      00009F 6B 16            [ 1]  165 	ld	(0x16, sp), a
      0000A1 4F               [ 1]  166 	clr	a
      0000A2 12 11            [ 1]  167 	sbc	a, (0x11, sp)
      0000A4 6B 15            [ 1]  168 	ld	(0x15, sp), a
      0000A6 4F               [ 1]  169 	clr	a
      0000A7 12 10            [ 1]  170 	sbc	a, (0x10, sp)
      0000A9 6B 14            [ 1]  171 	ld	(0x14, sp), a
      0000AB 4F               [ 1]  172 	clr	a
      0000AC 12 0F            [ 1]  173 	sbc	a, (0x0f, sp)
      0000AE 6B 0F            [ 1]  174 	ld	(0x0f, sp), a
      0000B0 16 15            [ 2]  175 	ldw	y, (0x15, sp)
      0000B2 17 11            [ 2]  176 	ldw	(0x11, sp), y
      0000B4 7B 14            [ 1]  177 	ld	a, (0x14, sp)
      0000B6 6B 10            [ 1]  178 	ld	(0x10, sp), a
      0000B8                        179 00108$:
                                    180 ;	../_fsadd.c: 194: if (!*pfl1)
      0000B8 1E 0B            [ 2]  181 	ldw	x, (0x0b, sp)
      0000BA 26 0C            [ 1]  182 	jrne	00110$
      0000BC 1E 09            [ 2]  183 	ldw	x, (0x09, sp)
      0000BE 26 08            [ 1]  184 	jrne	00110$
                                    185 ;	../_fsadd.c: 195: return (a2);
      0000C0 1E 20            [ 2]  186 	ldw	x, (0x20, sp)
      0000C2 16 1E            [ 2]  187 	ldw	y, (0x1e, sp)
      0000C4 ACs00r02r80      [ 2]  188 	jpf	00137$
      0000C8                        189 00110$:
                                    190 ;	../_fsadd.c: 197: expd = exp1 - exp2;
      0000C8 1E 0D            [ 2]  191 	ldw	x, (0x0d, sp)
      0000CA 72 F0 01         [ 2]  192 	subw	x, (0x01, sp)
                                    193 ;	../_fsadd.c: 198: if (expd > 25)
      0000CD 1F 15            [ 2]  194 	ldw	(0x15, sp), x
      0000CF A3 00 19         [ 2]  195 	cpw	x, #0x0019
      0000D2 2D 08            [ 1]  196 	jrsle	00112$
                                    197 ;	../_fsadd.c: 199: return (a1);
      0000D4 1E 1C            [ 2]  198 	ldw	x, (0x1c, sp)
      0000D6 16 1A            [ 2]  199 	ldw	y, (0x1a, sp)
      0000D8 ACs00r02r80      [ 2]  200 	jpf	00137$
      0000DC                        201 00112$:
                                    202 ;	../_fsadd.c: 200: if (expd < -25)
      0000DC 1E 15            [ 2]  203 	ldw	x, (0x15, sp)
      0000DE A3 FF E7         [ 2]  204 	cpw	x, #0xffe7
      0000E1 2E 08            [ 1]  205 	jrsge	00114$
                                    206 ;	../_fsadd.c: 201: return (a2);
      0000E3 1E 20            [ 2]  207 	ldw	x, (0x20, sp)
      0000E5 16 1E            [ 2]  208 	ldw	y, (0x1e, sp)
      0000E7 ACs00r02r80      [ 2]  209 	jpf	00137$
      0000EB                        210 00114$:
                                    211 ;	../_fsadd.c: 203: if (expd < 0)
      0000EB 0D 15            [ 1]  212 	tnz	(0x15, sp)
      0000ED 2A 1E            [ 1]  213 	jrpl	00116$
                                    214 ;	../_fsadd.c: 205: expd = -expd;
      0000EF 1E 15            [ 2]  215 	ldw	x, (0x15, sp)
      0000F1 50               [ 2]  216 	negw	x
                                    217 ;	../_fsadd.c: 206: exp1 += expd;
      0000F2 1F 15            [ 2]  218 	ldw	(0x15, sp), x
      0000F4 72 FB 0D         [ 2]  219 	addw	x, (0x0d, sp)
      0000F7 1F 0D            [ 2]  220 	ldw	(0x0d, sp), x
                                    221 ;	../_fsadd.c: 207: mant1 >>= expd;
      0000F9 1E 11            [ 2]  222 	ldw	x, (0x11, sp)
      0000FB 16 0F            [ 2]  223 	ldw	y, (0x0f, sp)
      0000FD 7B 16            [ 1]  224 	ld	a, (0x16, sp)
      0000FF 27 06            [ 1]  225 	jreq	00256$
      000101                        226 00255$:
      000101 90 57            [ 2]  227 	sraw	y
      000103 56               [ 2]  228 	rrcw	x
      000104 4A               [ 1]  229 	dec	a
      000105 26 FA            [ 1]  230 	jrne	00255$
      000107                        231 00256$:
      000107 1F 11            [ 2]  232 	ldw	(0x11, sp), x
      000109 17 0F            [ 2]  233 	ldw	(0x0f, sp), y
      00010B 20 12            [ 2]  234 	jra	00117$
      00010D                        235 00116$:
                                    236 ;	../_fsadd.c: 211: mant2 >>= expd;
      00010D 1E 05            [ 2]  237 	ldw	x, (0x05, sp)
      00010F 16 03            [ 2]  238 	ldw	y, (0x03, sp)
      000111 7B 16            [ 1]  239 	ld	a, (0x16, sp)
      000113 27 06            [ 1]  240 	jreq	00258$
      000115                        241 00257$:
      000115 90 57            [ 2]  242 	sraw	y
      000117 56               [ 2]  243 	rrcw	x
      000118 4A               [ 1]  244 	dec	a
      000119 26 FA            [ 1]  245 	jrne	00257$
      00011B                        246 00258$:
      00011B 1F 05            [ 2]  247 	ldw	(0x05, sp), x
      00011D 17 03            [ 2]  248 	ldw	(0x03, sp), y
      00011F                        249 00117$:
                                    250 ;	../_fsadd.c: 213: mant1 += mant2;
      00011F 16 11            [ 2]  251 	ldw	y, (0x11, sp)
      000121 72 F9 05         [ 2]  252 	addw	y, (0x05, sp)
      000124 1E 0F            [ 2]  253 	ldw	x, (0x0f, sp)
      000126 24 01            [ 1]  254 	jrnc	00259$
      000128 5C               [ 1]  255 	incw	x
      000129                        256 00259$:
      000129 72 FB 03         [ 2]  257 	addw	x, (0x03, sp)
      00012C 17 13            [ 2]  258 	ldw	(0x13, sp), y
      00012E 1F 11            [ 2]  259 	ldw	(0x11, sp), x
                                    260 ;	../_fsadd.c: 215: sign = false;
      000130 0F 10            [ 1]  261 	clr	(0x10, sp)
                                    262 ;	../_fsadd.c: 217: if (mant1 < 0)
      000132 0D 11            [ 1]  263 	tnz	(0x11, sp)
      000134 2A 14            [ 1]  264 	jrpl	00121$
                                    265 ;	../_fsadd.c: 219: mant1 = -mant1;
      000136 16 13            [ 2]  266 	ldw	y, (0x13, sp)
      000138 90 50            [ 2]  267 	negw	y
      00013A 1E 11            [ 2]  268 	ldw	x, (0x11, sp)
      00013C 24 01            [ 1]  269 	jrnc	00261$
      00013E 5C               [ 1]  270 	incw	x
      00013F                        271 00261$:
      00013F 50               [ 2]  272 	negw	x
      000140 17 13            [ 2]  273 	ldw	(0x13, sp), y
      000142 1F 11            [ 2]  274 	ldw	(0x11, sp), x
                                    275 ;	../_fsadd.c: 220: sign = true;
      000144 A6 01            [ 1]  276 	ld	a, #0x01
      000146 6B 10            [ 1]  277 	ld	(0x10, sp), a
      000148 20 0E            [ 2]  278 	jra	00154$
      00014A                        279 00121$:
                                    280 ;	../_fsadd.c: 222: else if (!mant1)
      00014A 1E 13            [ 2]  281 	ldw	x, (0x13, sp)
      00014C 26 0A            [ 1]  282 	jrne	00154$
                                    283 ;	../_fsadd.c: 223: return (0);
      00014E 1E 11            [ 2]  284 	ldw	x, (0x11, sp)
      000150 26 06            [ 1]  285 	jrne	00154$
      000152 90 5F            [ 1]  286 	clrw	y
      000154 ACs00r02r80      [ 2]  287 	jpf	00137$
                                    288 ;	../_fsadd.c: 226: while (mant1 < (HIDDEN<<4)) {
      000158                        289 00154$:
      000158 16 0D            [ 2]  290 	ldw	y, (0x0d, sp)
      00015A 17 15            [ 2]  291 	ldw	(0x15, sp), y
      00015C                        292 00123$:
      00015C 1E 11            [ 2]  293 	ldw	x, (0x11, sp)
      00015E A3 08 00         [ 2]  294 	cpw	x, #0x0800
      000161 24 0F            [ 1]  295 	jrnc	00157$
                                    296 ;	../_fsadd.c: 227: mant1 <<= 1;
      000163 08 14            [ 1]  297 	sll	(0x14, sp)
      000165 09 13            [ 1]  298 	rlc	(0x13, sp)
      000167 09 12            [ 1]  299 	rlc	(0x12, sp)
      000169 09 11            [ 1]  300 	rlc	(0x11, sp)
                                    301 ;	../_fsadd.c: 228: exp1--;
      00016B 1E 15            [ 2]  302 	ldw	x, (0x15, sp)
      00016D 5A               [ 2]  303 	decw	x
      00016E 1F 15            [ 2]  304 	ldw	(0x15, sp), x
      000170 20 EA            [ 2]  305 	jra	00123$
                                    306 ;	../_fsadd.c: 232: while (mant1 & 0xf0000000) {
      000172                        307 00157$:
      000172                        308 00128$:
      000172 7B 11            [ 1]  309 	ld	a, (0x11, sp)
      000174 A5 F0            [ 1]  310 	bcp	a, #0xf0
      000176 27 23            [ 1]  311 	jreq	00163$
                                    312 ;	../_fsadd.c: 233: if (mant1&1)
      000178 7B 14            [ 1]  313 	ld	a, (0x14, sp)
      00017A 44               [ 1]  314 	srl	a
      00017B 24 0F            [ 1]  315 	jrnc	00127$
                                    316 ;	../_fsadd.c: 234: mant1 += 2;
      00017D 1E 13            [ 2]  317 	ldw	x, (0x13, sp)
      00017F 1C 00 02         [ 2]  318 	addw	x, #0x0002
      000182 16 11            [ 2]  319 	ldw	y, (0x11, sp)
      000184 24 02            [ 1]  320 	jrnc	00267$
      000186 90 5C            [ 1]  321 	incw	y
      000188                        322 00267$:
      000188 1F 13            [ 2]  323 	ldw	(0x13, sp), x
      00018A 17 11            [ 2]  324 	ldw	(0x11, sp), y
      00018C                        325 00127$:
                                    326 ;	../_fsadd.c: 235: mant1 >>= 1;
      00018C 07 11            [ 1]  327 	sra	(0x11, sp)
      00018E 06 12            [ 1]  328 	rrc	(0x12, sp)
      000190 06 13            [ 1]  329 	rrc	(0x13, sp)
      000192 06 14            [ 1]  330 	rrc	(0x14, sp)
                                    331 ;	../_fsadd.c: 236: exp1++;
      000194 1E 15            [ 2]  332 	ldw	x, (0x15, sp)
      000196 5C               [ 1]  333 	incw	x
      000197 1F 15            [ 2]  334 	ldw	(0x15, sp), x
      000199 20 D7            [ 2]  335 	jra	00128$
      00019B                        336 00163$:
      00019B 16 15            [ 2]  337 	ldw	y, (0x15, sp)
      00019D 17 0A            [ 2]  338 	ldw	(0x0a, sp), y
                                    339 ;	../_fsadd.c: 240: mant1 &= ~(HIDDEN<<4);
      00019F 16 13            [ 2]  340 	ldw	y, (0x13, sp)
      0001A1 17 0E            [ 2]  341 	ldw	(0x0e, sp), y
      0001A3 7B 12            [ 1]  342 	ld	a, (0x12, sp)
      0001A5 6B 0D            [ 1]  343 	ld	(0x0d, sp), a
      0001A7 7B 11            [ 1]  344 	ld	a, (0x11, sp)
      0001A9 A4 F7            [ 1]  345 	and	a, #0xf7
      0001AB 6B 0C            [ 1]  346 	ld	(0x0c, sp), a
      0001AD 16 0E            [ 2]  347 	ldw	y, (0x0e, sp)
      0001AF 17 13            [ 2]  348 	ldw	(0x13, sp), y
      0001B1 16 0C            [ 2]  349 	ldw	y, (0x0c, sp)
      0001B3 17 11            [ 2]  350 	ldw	(0x11, sp), y
                                    351 ;	../_fsadd.c: 243: if (exp1 >= 0x100)
      0001B5 1E 15            [ 2]  352 	ldw	x, (0x15, sp)
      0001B7 A3 01 00         [ 2]  353 	cpw	x, #0x0100
      0001BA 2F 23            [ 1]  354 	jrslt	00135$
                                    355 ;	../_fsadd.c: 244: *pfl1 = (sign ? (SIGNBIT | __INFINITY) : __INFINITY);
      0001BC 0D 10            [ 1]  356 	tnz	(0x10, sp)
      0001BE 27 0A            [ 1]  357 	jreq	00139$
      0001C0 5F               [ 1]  358 	clrw	x
      0001C1 1F 15            [ 2]  359 	ldw	(0x15, sp), x
      0001C3 AE FF 80         [ 2]  360 	ldw	x, #0xff80
      0001C6 1F 13            [ 2]  361 	ldw	(0x13, sp), x
      0001C8 20 08            [ 2]  362 	jra	00140$
      0001CA                        363 00139$:
      0001CA 5F               [ 1]  364 	clrw	x
      0001CB 1F 15            [ 2]  365 	ldw	(0x15, sp), x
      0001CD AE 7F 80         [ 2]  366 	ldw	x, #0x7f80
      0001D0 1F 13            [ 2]  367 	ldw	(0x13, sp), x
      0001D2                        368 00140$:
      0001D2 1E 07            [ 2]  369 	ldw	x, (0x07, sp)
      0001D4 16 15            [ 2]  370 	ldw	y, (0x15, sp)
      0001D6 EF 02            [ 2]  371 	ldw	(0x2, x), y
      0001D8 16 13            [ 2]  372 	ldw	y, (0x13, sp)
      0001DA FF               [ 2]  373 	ldw	(x), y
      0001DB ACs00r02r7C      [ 2]  374 	jpf	00136$
      0001DF                        375 00135$:
                                    376 ;	../_fsadd.c: 245: else if (exp1 < 0)
      0001DF 0D 15            [ 1]  377 	tnz	(0x15, sp)
      0001E1 2A 0D            [ 1]  378 	jrpl	00132$
                                    379 ;	../_fsadd.c: 246: *pfl1 = 0;
      0001E3 1E 07            [ 2]  380 	ldw	x, (0x07, sp)
      0001E5 6F 03            [ 1]  381 	clr	(0x3, x)
      0001E7 6F 02            [ 1]  382 	clr	(0x2, x)
      0001E9 6F 01            [ 1]  383 	clr	(0x1, x)
      0001EB 7F               [ 1]  384 	clr	(x)
      0001EC ACs00r02r7C      [ 2]  385 	jpf	00136$
      0001F0                        386 00132$:
                                    387 ;	../_fsadd.c: 248: *pfl1 = PACK (sign ? SIGNBIT : 0 , exp1, mant1>>4);
      0001F0 0D 10            [ 1]  388 	tnz	(0x10, sp)
      0001F2 27 0A            [ 1]  389 	jreq	00141$
      0001F4 5F               [ 1]  390 	clrw	x
      0001F5 1F 05            [ 2]  391 	ldw	(0x05, sp), x
      0001F7 AE 80 00         [ 2]  392 	ldw	x, #0x8000
      0001FA 1F 03            [ 2]  393 	ldw	(0x03, sp), x
      0001FC 20 05            [ 2]  394 	jra	00142$
      0001FE                        395 00141$:
      0001FE 5F               [ 1]  396 	clrw	x
      0001FF 1F 05            [ 2]  397 	ldw	(0x05, sp), x
      000201 1F 03            [ 2]  398 	ldw	(0x03, sp), x
      000203                        399 00142$:
      000203 16 0A            [ 2]  400 	ldw	y, (0x0a, sp)
      000205 17 0F            [ 2]  401 	ldw	(0x0f, sp), y
      000207 7B 0F            [ 1]  402 	ld	a, (0x0f, sp)
      000209 49               [ 1]  403 	rlc	a
      00020A 4F               [ 1]  404 	clr	a
      00020B A2 00            [ 1]  405 	sbc	a, #0x00
      00020D 6B 0E            [ 1]  406 	ld	(0x0e, sp), a
      00020F 6B 0D            [ 1]  407 	ld	(0x0d, sp), a
      000211 16 0F            [ 2]  408 	ldw	y, (0x0f, sp)
      000213 17 0D            [ 2]  409 	ldw	(0x0d, sp), y
      000215 5F               [ 1]  410 	clrw	x
      000216 1F 0F            [ 2]  411 	ldw	(0x0f, sp), x
      000218 A6 07            [ 1]  412 	ld	a, #0x07
      00021A                        413 00273$:
      00021A 08 0E            [ 1]  414 	sll	(0x0e, sp)
      00021C 09 0D            [ 1]  415 	rlc	(0x0d, sp)
      00021E 4A               [ 1]  416 	dec	a
      00021F 26 F9            [ 1]  417 	jrne	00273$
      000221 7B 06            [ 1]  418 	ld	a, (0x06, sp)
      000223 1A 10            [ 1]  419 	or	a, (0x10, sp)
      000225 6B 0C            [ 1]  420 	ld	(0x0c, sp), a
      000227 7B 05            [ 1]  421 	ld	a, (0x05, sp)
      000229 1A 0F            [ 1]  422 	or	a, (0x0f, sp)
      00022B 6B 0B            [ 1]  423 	ld	(0x0b, sp), a
      00022D 7B 04            [ 1]  424 	ld	a, (0x04, sp)
      00022F 1A 0E            [ 1]  425 	or	a, (0x0e, sp)
      000231 6B 0A            [ 1]  426 	ld	(0x0a, sp), a
      000233 7B 03            [ 1]  427 	ld	a, (0x03, sp)
      000235 1A 0D            [ 1]  428 	or	a, (0x0d, sp)
      000237 6B 09            [ 1]  429 	ld	(0x09, sp), a
      000239 16 11            [ 2]  430 	ldw	y, (0x11, sp)
      00023B 17 03            [ 2]  431 	ldw	(0x03, sp), y
      00023D 1E 13            [ 2]  432 	ldw	x, (0x13, sp)
      00023F 07 03            [ 1]  433 	sra	(0x03, sp)
      000241 06 04            [ 1]  434 	rrc	(0x04, sp)
      000243 56               [ 2]  435 	rrcw	x
      000244 07 03            [ 1]  436 	sra	(0x03, sp)
      000246 06 04            [ 1]  437 	rrc	(0x04, sp)
      000248 56               [ 2]  438 	rrcw	x
      000249 07 03            [ 1]  439 	sra	(0x03, sp)
      00024B 06 04            [ 1]  440 	rrc	(0x04, sp)
      00024D 56               [ 2]  441 	rrcw	x
      00024E 07 03            [ 1]  442 	sra	(0x03, sp)
      000250 06 04            [ 1]  443 	rrc	(0x04, sp)
      000252 56               [ 2]  444 	rrcw	x
      000253 1F 05            [ 2]  445 	ldw	(0x05, sp), x
      000255 1F 15            [ 2]  446 	ldw	(0x15, sp), x
      000257 16 03            [ 2]  447 	ldw	y, (0x03, sp)
      000259 17 13            [ 2]  448 	ldw	(0x13, sp), y
      00025B 7B 0C            [ 1]  449 	ld	a, (0x0c, sp)
      00025D 1A 16            [ 1]  450 	or	a, (0x16, sp)
      00025F 6B 12            [ 1]  451 	ld	(0x12, sp), a
      000261 7B 0B            [ 1]  452 	ld	a, (0x0b, sp)
      000263 1A 15            [ 1]  453 	or	a, (0x15, sp)
      000265 6B 11            [ 1]  454 	ld	(0x11, sp), a
      000267 7B 0A            [ 1]  455 	ld	a, (0x0a, sp)
      000269 1A 14            [ 1]  456 	or	a, (0x14, sp)
      00026B 6B 10            [ 1]  457 	ld	(0x10, sp), a
      00026D 7B 09            [ 1]  458 	ld	a, (0x09, sp)
      00026F 1A 13            [ 1]  459 	or	a, (0x13, sp)
      000271 6B 0F            [ 1]  460 	ld	(0x0f, sp), a
      000273 1E 07            [ 2]  461 	ldw	x, (0x07, sp)
      000275 16 11            [ 2]  462 	ldw	y, (0x11, sp)
      000277 EF 02            [ 2]  463 	ldw	(0x2, x), y
      000279 16 0F            [ 2]  464 	ldw	y, (0x0f, sp)
      00027B FF               [ 2]  465 	ldw	(x), y
      00027C                        466 00136$:
                                    467 ;	../_fsadd.c: 249: return (a1);
      00027C 1E 1C            [ 2]  468 	ldw	x, (0x1c, sp)
      00027E 16 1A            [ 2]  469 	ldw	y, (0x1a, sp)
      000280                        470 00137$:
                                    471 ;	../_fsadd.c: 250: }
      000280 5B 16            [ 2]  472 	addw	sp, #22
      000282 87               [ 5]  473 	retf
                                    474 	.area CODE
                                    475 	.area CONST
                                    476 	.area INITIALIZER
                                    477 	.area CABS (ABS)
