                                      1 ;--------------------------------------------------------
                                      2 ; File Created by SDCC : free open source ANSI-C Compiler
                                      3 ; Version 3.9.3 #11345 (Linux)
                                      4 ;--------------------------------------------------------
                                      5 	.module _fssub
                                      6 	.optsdcc -mstm8
                                      7 	
                                      8 ;--------------------------------------------------------
                                      9 ; Public variables in this module
                                     10 ;--------------------------------------------------------
                                     11 	.globl ___fssub
                                     12 ;--------------------------------------------------------
                                     13 ; ram data
                                     14 ;--------------------------------------------------------
                                     15 	.area DATA
                                     16 ;--------------------------------------------------------
                                     17 ; ram data
                                     18 ;--------------------------------------------------------
                                     19 	.area INITIALIZED
                                     20 ;--------------------------------------------------------
                                     21 ; absolute external ram data
                                     22 ;--------------------------------------------------------
                                     23 	.area DABS (ABS)
                                     24 
                                     25 ; default segment ordering for linker
                                     26 	.area HOME
                                     27 	.area GSINIT
                                     28 	.area GSFINAL
                                     29 	.area CONST
                                     30 	.area INITIALIZER
                                     31 	.area CODE
                                     32 
                                     33 ;--------------------------------------------------------
                                     34 ; global & static initialisations
                                     35 ;--------------------------------------------------------
                                     36 	.area HOME
                                     37 	.area GSINIT
                                     38 	.area GSFINAL
                                     39 	.area GSINIT
                                     40 ;--------------------------------------------------------
                                     41 ; Home
                                     42 ;--------------------------------------------------------
                                     43 	.area HOME
                                     44 	.area HOME
                                     45 ;--------------------------------------------------------
                                     46 ; code
                                     47 ;--------------------------------------------------------
                                     48 	.area CODE
                                     49 ;	../_fssub.c: 73: float __fssub (float a1, float a2)
                                     50 ;	-----------------------------------------
                                     51 ;	 function __fssub
                                     52 ;	-----------------------------------------
      000000                         53 ___fssub:
      000000 52 04            [ 2]   54 	sub	sp, #4
                                     55 ;	../_fssub.c: 75: float neg = -a1;
      000002 16 0A            [ 2]   56 	ldw	y, (0x0a, sp)
      000004 1E 08            [ 2]   57 	ldw	x, (0x08, sp)
      000006 58               [ 2]   58 	sllw	x
      000007 8C               [ 1]   59 	ccf
      000008 56               [ 2]   60 	rrcw	x
      000009 17 03            [ 2]   61 	ldw	(0x03, sp), y
      00000B 1F 01            [ 2]   62 	ldw	(0x01, sp), x
                                     63 ;	../_fssub.c: 76: return -(neg + a2);
      00000D 1E 0E            [ 2]   64 	ldw	x, (0x0e, sp)
      00000F 89               [ 2]   65 	pushw	x
      000010 1E 0E            [ 2]   66 	ldw	x, (0x0e, sp)
      000012 89               [ 2]   67 	pushw	x
      000013 1E 07            [ 2]   68 	ldw	x, (0x07, sp)
      000015 89               [ 2]   69 	pushw	x
      000016 1E 07            [ 2]   70 	ldw	x, (0x07, sp)
      000018 89               [ 2]   71 	pushw	x
      000019 8Ds00r00r00      [ 5]   72 	callf	___fsadd
      00001D 5B 08            [ 2]   73 	addw	sp, #8
      00001F 90 58            [ 2]   74 	sllw	y
      000021 8C               [ 1]   75 	ccf
      000022 90 56            [ 2]   76 	rrcw	y
                                     77 ;	../_fssub.c: 77: }
      000024 5B 04            [ 2]   78 	addw	sp, #4
      000026 87               [ 5]   79 	retf
                                     80 	.area CODE
                                     81 	.area CONST
                                     82 	.area INITIALIZER
                                     83 	.area CABS (ABS)
