                                      1 ;--------------------------------------------------------
                                      2 ; File Created by SDCC : free open source ANSI-C Compiler
                                      3 ; Version 3.9.3 #11345 (Linux)
                                      4 ;--------------------------------------------------------
                                      5 	.module _modsint
                                      6 	.optsdcc -mstm8
                                      7 	
                                      8 ;--------------------------------------------------------
                                      9 ; Public variables in this module
                                     10 ;--------------------------------------------------------
                                     11 	.globl __modsint
                                     12 ;--------------------------------------------------------
                                     13 ; ram data
                                     14 ;--------------------------------------------------------
                                     15 	.area DATA
                                     16 ;--------------------------------------------------------
                                     17 ; ram data
                                     18 ;--------------------------------------------------------
                                     19 	.area INITIALIZED
                                     20 ;--------------------------------------------------------
                                     21 ; absolute external ram data
                                     22 ;--------------------------------------------------------
                                     23 	.area DABS (ABS)
                                     24 
                                     25 ; default segment ordering for linker
                                     26 	.area HOME
                                     27 	.area GSINIT
                                     28 	.area GSFINAL
                                     29 	.area CONST
                                     30 	.area INITIALIZER
                                     31 	.area CODE
                                     32 
                                     33 ;--------------------------------------------------------
                                     34 ; global & static initialisations
                                     35 ;--------------------------------------------------------
                                     36 	.area HOME
                                     37 	.area GSINIT
                                     38 	.area GSFINAL
                                     39 	.area GSINIT
                                     40 ;--------------------------------------------------------
                                     41 ; Home
                                     42 ;--------------------------------------------------------
                                     43 	.area HOME
                                     44 	.area HOME
                                     45 ;--------------------------------------------------------
                                     46 ; code
                                     47 ;--------------------------------------------------------
                                     48 	.area CODE
                                     49 ;	../_modsint.c: 203: int _modsint (int a, int b)
                                     50 ;	-----------------------------------------
                                     51 ;	 function _modsint
                                     52 ;	-----------------------------------------
      000000                         53 __modsint:
      000000 52 05            [ 2]   54 	sub	sp, #5
                                     55 ;	../_modsint.c: 207: r = (unsigned)(a < 0 ? -a : a) % (unsigned)(b < 0 ? -b : b);
      000002 0D 09            [ 1]   56 	tnz	(0x09, sp)
      000004 2B 04            [ 1]   57 	jrmi	00125$
      000006 0F 01            [ 1]   58 	clr	(0x01, sp)
      000008 20 04            [ 2]   59 	jra	00126$
      00000A                         60 00125$:
      00000A A6 01            [ 1]   61 	ld	a, #0x01
      00000C 6B 01            [ 1]   62 	ld	(0x01, sp), a
      00000E                         63 00126$:
      00000E 0D 01            [ 1]   64 	tnz	(0x01, sp)
      000010 27 04            [ 1]   65 	jreq	00106$
      000012 1E 09            [ 2]   66 	ldw	x, (0x09, sp)
      000014 50               [ 2]   67 	negw	x
      000015 C5                      68 	.byte 0xc5
      000016                         69 00106$:
      000016 1E 09            [ 2]   70 	ldw	x, (0x09, sp)
      000018                         71 00107$:
      000018 1F 02            [ 2]   72 	ldw	(0x02, sp), x
      00001A 0D 0B            [ 1]   73 	tnz	(0x0b, sp)
      00001C 2A 0C            [ 1]   74 	jrpl	00108$
      00001E 7B 0C            [ 1]   75 	ld	a, (0x0c, sp)
      000020 40               [ 1]   76 	neg	a
      000021 6B 05            [ 1]   77 	ld	(0x05, sp), a
      000023 4F               [ 1]   78 	clr	a
      000024 12 0B            [ 1]   79 	sbc	a, (0x0b, sp)
      000026 6B 04            [ 1]   80 	ld	(0x04, sp), a
      000028 20 04            [ 2]   81 	jra	00109$
      00002A                         82 00108$:
      00002A 16 0B            [ 2]   83 	ldw	y, (0x0b, sp)
      00002C 17 04            [ 2]   84 	ldw	(0x04, sp), y
      00002E                         85 00109$:
      00002E 16 04            [ 2]   86 	ldw	y, (0x04, sp)
      000030 1E 02            [ 2]   87 	ldw	x, (0x02, sp)
      000032 65               [ 2]   88 	divw	x, y
      000033 93               [ 1]   89 	ldw	x, y
                                     90 ;	../_modsint.c: 209: if (a < 0)
      000034 0D 01            [ 1]   91 	tnz	(0x01, sp)
      000036 27 01            [ 1]   92 	jreq	00102$
                                     93 ;	../_modsint.c: 210: return -r;
      000038 50               [ 2]   94 	negw	x
                                     95 ;	../_modsint.c: 212: return r;
      000039                         96 00102$:
                                     97 ;	../_modsint.c: 213: }
      000039 5B 05            [ 2]   98 	addw	sp, #5
      00003B 87               [ 5]   99 	retf
                                    100 	.area CODE
                                    101 	.area CONST
                                    102 	.area INITIALIZER
                                    103 	.area CABS (ABS)
