                                      1 ;--------------------------------------------------------
                                      2 ; File Created by SDCC : free open source ANSI-C Compiler
                                      3 ; Version 3.9.3 #11345 (Linux)
                                      4 ;--------------------------------------------------------
                                      5 	.module _mulint
                                      6 	.optsdcc -mstm8
                                      7 	
                                      8 ;--------------------------------------------------------
                                      9 ; Public variables in this module
                                     10 ;--------------------------------------------------------
                                     11 	.globl __mulint
                                     12 ;--------------------------------------------------------
                                     13 ; ram data
                                     14 ;--------------------------------------------------------
                                     15 	.area DATA
                                     16 ;--------------------------------------------------------
                                     17 ; ram data
                                     18 ;--------------------------------------------------------
                                     19 	.area INITIALIZED
                                     20 ;--------------------------------------------------------
                                     21 ; absolute external ram data
                                     22 ;--------------------------------------------------------
                                     23 	.area DABS (ABS)
                                     24 
                                     25 ; default segment ordering for linker
                                     26 	.area HOME
                                     27 	.area GSINIT
                                     28 	.area GSFINAL
                                     29 	.area CONST
                                     30 	.area INITIALIZER
                                     31 	.area CODE
                                     32 
                                     33 ;--------------------------------------------------------
                                     34 ; global & static initialisations
                                     35 ;--------------------------------------------------------
                                     36 	.area HOME
                                     37 	.area GSINIT
                                     38 	.area GSFINAL
                                     39 	.area GSINIT
                                     40 ;--------------------------------------------------------
                                     41 ; Home
                                     42 ;--------------------------------------------------------
                                     43 	.area HOME
                                     44 	.area HOME
                                     45 ;--------------------------------------------------------
                                     46 ; code
                                     47 ;--------------------------------------------------------
                                     48 	.area CODE
                                     49 ;	../_mulint.c: 226: _mulint (int a, int b)
                                     50 ;	-----------------------------------------
                                     51 ;	 function _mulint
                                     52 ;	-----------------------------------------
      000000                         53 __mulint:
      000000 52 05            [ 2]   54 	sub	sp, #5
                                     55 ;	../_mulint.c: 238: x = (union uu *)&a;
      000002 96               [ 1]   56 	ldw	x, sp
      000003 1C 00 09         [ 2]   57 	addw	x, #9
      000006 1F 03            [ 2]   58 	ldw	(0x03, sp), x
                                     59 ;	../_mulint.c: 239: y = (union uu *)&b;
      000008 96               [ 1]   60 	ldw	x, sp
      000009 1C 00 0B         [ 2]   61 	addw	x, #11
                                     62 ;	../_mulint.c: 243: t.t = (unsigned char)a * (unsigned char)b;
      00000C 7B 0A            [ 1]   63 	ld	a, (0x0a, sp)
      00000E 90 97            [ 1]   64 	ld	yl, a
      000010 7B 0C            [ 1]   65 	ld	a, (0x0c, sp)
      000012 90 42            [ 4]   66 	mul	y, a
      000014 17 01            [ 2]   67 	ldw	(0x01, sp), y
                                     68 ;	../_mulint.c: 244: t.s.hi += ((unsigned char)a * y->s.hi) + (x->s.hi * (unsigned char)b);
      000016 7B 01            [ 1]   69 	ld	a, (0x01, sp)
      000018 6B 05            [ 1]   70 	ld	(0x05, sp), a
      00001A 7B 0A            [ 1]   71 	ld	a, (0x0a, sp)
      00001C 90 97            [ 1]   72 	ld	yl, a
      00001E F6               [ 1]   73 	ld	a, (x)
      00001F 90 42            [ 4]   74 	mul	y, a
      000021 1E 03            [ 2]   75 	ldw	x, (0x03, sp)
      000023 F6               [ 1]   76 	ld	a, (x)
      000024 97               [ 1]   77 	ld	xl, a
      000025 7B 0C            [ 1]   78 	ld	a, (0x0c, sp)
      000027 42               [ 4]   79 	mul	x, a
      000028 90 9F            [ 1]   80 	ld	a, yl
      00002A 89               [ 2]   81 	pushw	x
      00002B 1B 02            [ 1]   82 	add	a, (2, sp)
      00002D 85               [ 2]   83 	popw	x
      00002E 1B 05            [ 1]   84 	add	a, (0x05, sp)
      000030 6B 01            [ 1]   85 	ld	(0x01, sp), a
                                     86 ;	../_mulint.c: 246: return t.t;
      000032 1E 01            [ 2]   87 	ldw	x, (0x01, sp)
                                     88 ;	../_mulint.c: 247: }
      000034 5B 05            [ 2]   89 	addw	sp, #5
      000036 87               [ 5]   90 	retf
                                     91 	.area CODE
                                     92 	.area CONST
                                     93 	.area INITIALIZER
                                     94 	.area CABS (ABS)
