                                      1 ;--------------------------------------------------------
                                      2 ; File Created by SDCC : free open source ANSI-C Compiler
                                      3 ; Version 3.9.3 #11345 (Linux)
                                      4 ;--------------------------------------------------------
                                      5 	.module _schar2fs
                                      6 	.optsdcc -mstm8
                                      7 	
                                      8 ;--------------------------------------------------------
                                      9 ; Public variables in this module
                                     10 ;--------------------------------------------------------
                                     11 	.globl ___slong2fs
                                     12 	.globl ___schar2fs
                                     13 ;--------------------------------------------------------
                                     14 ; ram data
                                     15 ;--------------------------------------------------------
                                     16 	.area DATA
                                     17 ;--------------------------------------------------------
                                     18 ; ram data
                                     19 ;--------------------------------------------------------
                                     20 	.area INITIALIZED
                                     21 ;--------------------------------------------------------
                                     22 ; absolute external ram data
                                     23 ;--------------------------------------------------------
                                     24 	.area DABS (ABS)
                                     25 
                                     26 ; default segment ordering for linker
                                     27 	.area HOME
                                     28 	.area GSINIT
                                     29 	.area GSFINAL
                                     30 	.area CONST
                                     31 	.area INITIALIZER
                                     32 	.area CODE
                                     33 
                                     34 ;--------------------------------------------------------
                                     35 ; global & static initialisations
                                     36 ;--------------------------------------------------------
                                     37 	.area HOME
                                     38 	.area GSINIT
                                     39 	.area GSFINAL
                                     40 	.area GSINIT
                                     41 ;--------------------------------------------------------
                                     42 ; Home
                                     43 ;--------------------------------------------------------
                                     44 	.area HOME
                                     45 	.area HOME
                                     46 ;--------------------------------------------------------
                                     47 ; code
                                     48 ;--------------------------------------------------------
                                     49 	.area CODE
                                     50 ;	../_schar2fs.c: 55: float __schar2fs (signed char sc) {
                                     51 ;	-----------------------------------------
                                     52 ;	 function __schar2fs
                                     53 ;	-----------------------------------------
      000000                         54 ___schar2fs:
                                     55 ;	../_schar2fs.c: 56: return __slong2fs(sc);
      000000 7B 04            [ 1]   56 	ld	a, (0x04, sp)
      000002 97               [ 1]   57 	ld	xl, a
      000003 49               [ 1]   58 	rlc	a
      000004 4F               [ 1]   59 	clr	a
      000005 A2 00            [ 1]   60 	sbc	a, #0x00
      000007 95               [ 1]   61 	ld	xh, a
      000008 90 97            [ 1]   62 	ld	yl, a
      00000A 90 95            [ 1]   63 	ld	yh, a
      00000C 89               [ 2]   64 	pushw	x
      00000D 90 89            [ 2]   65 	pushw	y
      00000F 8Ds00r00r00      [ 5]   66 	callf	___slong2fs
      000013 5B 04            [ 2]   67 	addw	sp, #4
                                     68 ;	../_schar2fs.c: 57: }
      000015 87               [ 5]   69 	retf
                                     70 	.area CODE
                                     71 	.area CONST
                                     72 	.area INITIALIZER
                                     73 	.area CABS (ABS)
