                                      1 ;--------------------------------------------------------
                                      2 ; File Created by SDCC : free open source ANSI-C Compiler
                                      3 ; Version 3.9.3 #11345 (Linux)
                                      4 ;--------------------------------------------------------
                                      5 	.module _sint2fs
                                      6 	.optsdcc -mstm8
                                      7 	
                                      8 ;--------------------------------------------------------
                                      9 ; Public variables in this module
                                     10 ;--------------------------------------------------------
                                     11 	.globl ___slong2fs
                                     12 	.globl ___sint2fs
                                     13 ;--------------------------------------------------------
                                     14 ; ram data
                                     15 ;--------------------------------------------------------
                                     16 	.area DATA
                                     17 ;--------------------------------------------------------
                                     18 ; ram data
                                     19 ;--------------------------------------------------------
                                     20 	.area INITIALIZED
                                     21 ;--------------------------------------------------------
                                     22 ; absolute external ram data
                                     23 ;--------------------------------------------------------
                                     24 	.area DABS (ABS)
                                     25 
                                     26 ; default segment ordering for linker
                                     27 	.area HOME
                                     28 	.area GSINIT
                                     29 	.area GSFINAL
                                     30 	.area CONST
                                     31 	.area INITIALIZER
                                     32 	.area CODE
                                     33 
                                     34 ;--------------------------------------------------------
                                     35 ; global & static initialisations
                                     36 ;--------------------------------------------------------
                                     37 	.area HOME
                                     38 	.area GSINIT
                                     39 	.area GSFINAL
                                     40 	.area GSINIT
                                     41 ;--------------------------------------------------------
                                     42 ; Home
                                     43 ;--------------------------------------------------------
                                     44 	.area HOME
                                     45 	.area HOME
                                     46 ;--------------------------------------------------------
                                     47 ; code
                                     48 ;--------------------------------------------------------
                                     49 	.area CODE
                                     50 ;	../_sint2fs.c: 54: float __sint2fs (signed int si) {
                                     51 ;	-----------------------------------------
                                     52 ;	 function __sint2fs
                                     53 ;	-----------------------------------------
      000000                         54 ___sint2fs:
                                     55 ;	../_sint2fs.c: 55: return __slong2fs(si);
      000000 16 04            [ 2]   56 	ldw	y, (0x04, sp)
      000002 5F               [ 1]   57 	clrw	x
      000003 90 5D            [ 2]   58 	tnzw	y
      000005 2A 01            [ 1]   59 	jrpl	00103$
      000007 5A               [ 2]   60 	decw	x
      000008                         61 00103$:
      000008 90 89            [ 2]   62 	pushw	y
      00000A 89               [ 2]   63 	pushw	x
      00000B 8Ds00r00r00      [ 5]   64 	callf	___slong2fs
      00000F 5B 04            [ 2]   65 	addw	sp, #4
                                     66 ;	../_sint2fs.c: 56: }
      000011 87               [ 5]   67 	retf
                                     68 	.area CODE
                                     69 	.area CONST
                                     70 	.area INITIALIZER
                                     71 	.area CABS (ABS)
