                                      1 ;--------------------------------------------------------
                                      2 ; File Created by SDCC : free open source ANSI-C Compiler
                                      3 ; Version 3.9.3 #11345 (Linux)
                                      4 ;--------------------------------------------------------
                                      5 	.module _slong2fs
                                      6 	.optsdcc -mstm8
                                      7 	
                                      8 ;--------------------------------------------------------
                                      9 ; Public variables in this module
                                     10 ;--------------------------------------------------------
                                     11 	.globl ___ulong2fs
                                     12 	.globl ___slong2fs
                                     13 ;--------------------------------------------------------
                                     14 ; ram data
                                     15 ;--------------------------------------------------------
                                     16 	.area DATA
                                     17 ;--------------------------------------------------------
                                     18 ; ram data
                                     19 ;--------------------------------------------------------
                                     20 	.area INITIALIZED
                                     21 ;--------------------------------------------------------
                                     22 ; absolute external ram data
                                     23 ;--------------------------------------------------------
                                     24 	.area DABS (ABS)
                                     25 
                                     26 ; default segment ordering for linker
                                     27 	.area HOME
                                     28 	.area GSINIT
                                     29 	.area GSFINAL
                                     30 	.area CONST
                                     31 	.area INITIALIZER
                                     32 	.area CODE
                                     33 
                                     34 ;--------------------------------------------------------
                                     35 ; global & static initialisations
                                     36 ;--------------------------------------------------------
                                     37 	.area HOME
                                     38 	.area GSINIT
                                     39 	.area GSFINAL
                                     40 	.area GSINIT
                                     41 ;--------------------------------------------------------
                                     42 ; Home
                                     43 ;--------------------------------------------------------
                                     44 	.area HOME
                                     45 	.area HOME
                                     46 ;--------------------------------------------------------
                                     47 ; code
                                     48 ;--------------------------------------------------------
                                     49 	.area CODE
                                     50 ;	../_slong2fs.c: 79: float __slong2fs (signed long sl) {
                                     51 ;	-----------------------------------------
                                     52 ;	 function __slong2fs
                                     53 ;	-----------------------------------------
      000000                         54 ___slong2fs:
                                     55 ;	../_slong2fs.c: 80: if (sl<0) 
      000000 0D 04            [ 1]   56 	tnz	(0x04, sp)
      000002 2A 1A            [ 1]   57 	jrpl	00102$
                                     58 ;	../_slong2fs.c: 81: return -__ulong2fs(-sl);
      000004 16 06            [ 2]   59 	ldw	y, (0x06, sp)
      000006 90 50            [ 2]   60 	negw	y
      000008 1E 04            [ 2]   61 	ldw	x, (0x04, sp)
      00000A 24 01            [ 1]   62 	jrnc	00112$
      00000C 5C               [ 1]   63 	incw	x
      00000D                         64 00112$:
      00000D 50               [ 2]   65 	negw	x
      00000E 90 89            [ 2]   66 	pushw	y
      000010 89               [ 2]   67 	pushw	x
      000011 8Ds00r00r00      [ 5]   68 	callf	___ulong2fs
      000015 5B 04            [ 2]   69 	addw	sp, #4
      000017 90 58            [ 2]   70 	sllw	y
      000019 8C               [ 1]   71 	ccf
      00001A 90 56            [ 2]   72 	rrcw	y
      00001C 20 0C            [ 2]   73 	jra	00104$
      00001E                         74 00102$:
                                     75 ;	../_slong2fs.c: 83: return __ulong2fs(sl);
      00001E 1E 06            [ 2]   76 	ldw	x, (0x06, sp)
      000020 89               [ 2]   77 	pushw	x
      000021 1E 06            [ 2]   78 	ldw	x, (0x06, sp)
      000023 89               [ 2]   79 	pushw	x
      000024 8Ds00r00r00      [ 5]   80 	callf	___ulong2fs
      000028 5B 04            [ 2]   81 	addw	sp, #4
      00002A                         82 00104$:
                                     83 ;	../_slong2fs.c: 84: }
      00002A 87               [ 5]   84 	retf
                                     85 	.area CODE
                                     86 	.area CONST
                                     87 	.area INITIALIZER
                                     88 	.area CABS (ABS)
