                                      1 ;--------------------------------------------------------
                                      2 ; File Created by SDCC : free open source ANSI-C Compiler
                                      3 ; Version 3.9.3 #11345 (Linux)
                                      4 ;--------------------------------------------------------
                                      5 	.module _strlen
                                      6 	.optsdcc -mstm8
                                      7 	
                                      8 ;--------------------------------------------------------
                                      9 ; Public variables in this module
                                     10 ;--------------------------------------------------------
                                     11 	.globl _strlen
                                     12 ;--------------------------------------------------------
                                     13 ; ram data
                                     14 ;--------------------------------------------------------
                                     15 	.area DATA
                                     16 ;--------------------------------------------------------
                                     17 ; ram data
                                     18 ;--------------------------------------------------------
                                     19 	.area INITIALIZED
                                     20 ;--------------------------------------------------------
                                     21 ; absolute external ram data
                                     22 ;--------------------------------------------------------
                                     23 	.area DABS (ABS)
                                     24 
                                     25 ; default segment ordering for linker
                                     26 	.area HOME
                                     27 	.area GSINIT
                                     28 	.area GSFINAL
                                     29 	.area CONST
                                     30 	.area INITIALIZER
                                     31 	.area CODE
                                     32 
                                     33 ;--------------------------------------------------------
                                     34 ; global & static initialisations
                                     35 ;--------------------------------------------------------
                                     36 	.area HOME
                                     37 	.area GSINIT
                                     38 	.area GSFINAL
                                     39 	.area GSINIT
                                     40 ;--------------------------------------------------------
                                     41 ; Home
                                     42 ;--------------------------------------------------------
                                     43 	.area HOME
                                     44 	.area HOME
                                     45 ;--------------------------------------------------------
                                     46 ; code
                                     47 ;--------------------------------------------------------
                                     48 	.area CODE
                                     49 ;	../_strlen.c: 35: size_t strlen ( const char * str )
                                     50 ;	-----------------------------------------
                                     51 ;	 function strlen
                                     52 ;	-----------------------------------------
      000000                         53 _strlen:
                                     54 ;	../_strlen.c: 39: while (*str++)
      000000 5F               [ 1]   55 	clrw	x
      000001 16 04            [ 2]   56 	ldw	y, (0x04, sp)
      000003                         57 00101$:
      000003 90 F6            [ 1]   58 	ld	a, (y)
      000005 90 5C            [ 1]   59 	incw	y
      000007 4D               [ 1]   60 	tnz	a
      000008 27 03            [ 1]   61 	jreq	00103$
                                     62 ;	../_strlen.c: 40: i++ ;
      00000A 5C               [ 1]   63 	incw	x
      00000B 20 F6            [ 2]   64 	jra	00101$
      00000D                         65 00103$:
                                     66 ;	../_strlen.c: 42: return i;
                                     67 ;	../_strlen.c: 43: }
      00000D 87               [ 5]   68 	retf
                                     69 	.area CODE
                                     70 	.area CONST
                                     71 	.area INITIALIZER
                                     72 	.area CABS (ABS)
