                                      1 ;--------------------------------------------------------
                                      2 ; File Created by SDCC : free open source ANSI-C Compiler
                                      3 ; Version 3.9.3 #11345 (Linux)
                                      4 ;--------------------------------------------------------
                                      5 	.module _strcpy
                                      6 	.optsdcc -mstm8
                                      7 	
                                      8 ;--------------------------------------------------------
                                      9 ; Public variables in this module
                                     10 ;--------------------------------------------------------
                                     11 	.globl _strcpy
                                     12 ;--------------------------------------------------------
                                     13 ; ram data
                                     14 ;--------------------------------------------------------
                                     15 	.area DATA
                                     16 ;--------------------------------------------------------
                                     17 ; ram data
                                     18 ;--------------------------------------------------------
                                     19 	.area INITIALIZED
                                     20 ;--------------------------------------------------------
                                     21 ; absolute external ram data
                                     22 ;--------------------------------------------------------
                                     23 	.area DABS (ABS)
                                     24 
                                     25 ; default segment ordering for linker
                                     26 	.area HOME
                                     27 	.area GSINIT
                                     28 	.area GSFINAL
                                     29 	.area CONST
                                     30 	.area INITIALIZER
                                     31 	.area CODE
                                     32 
                                     33 ;--------------------------------------------------------
                                     34 ; global & static initialisations
                                     35 ;--------------------------------------------------------
                                     36 	.area HOME
                                     37 	.area GSINIT
                                     38 	.area GSFINAL
                                     39 	.area GSINIT
                                     40 ;--------------------------------------------------------
                                     41 ; Home
                                     42 ;--------------------------------------------------------
                                     43 	.area HOME
                                     44 	.area HOME
                                     45 ;--------------------------------------------------------
                                     46 ; code
                                     47 ;--------------------------------------------------------
                                     48 	.area CODE
                                     49 ;	../_strcpy.c: 34: char * strcpy ( char * d, const char * s )
                                     50 ;	-----------------------------------------
                                     51 ;	 function strcpy
                                     52 ;	-----------------------------------------
      000000                         53 _strcpy:
                                     54 ;	../_strcpy.c: 37: register char * to = d;
      000000 16 04            [ 2]   55 	ldw	y, (0x04, sp)
                                     56 ;	../_strcpy.c: 38: register const char * from = s;
      000002 1E 06            [ 2]   57 	ldw	x, (0x06, sp)
                                     58 ;	../_strcpy.c: 40: while (*to++ = *from++) ;
      000004                         59 00101$:
      000004 F6               [ 1]   60 	ld	a, (x)
      000005 5C               [ 1]   61 	incw	x
      000006 90 F7            [ 1]   62 	ld	(y), a
      000008 90 5C            [ 1]   63 	incw	y
      00000A 4D               [ 1]   64 	tnz	a
      00000B 26 F7            [ 1]   65 	jrne	00101$
                                     66 ;	../_strcpy.c: 42: return d;
      00000D 1E 04            [ 2]   67 	ldw	x, (0x04, sp)
                                     68 ;	../_strcpy.c: 50: }
      00000F 87               [ 5]   69 	retf
                                     70 	.area CODE
                                     71 	.area CONST
                                     72 	.area INITIALIZER
                                     73 	.area CABS (ABS)
