                                      1 ;--------------------------------------------------------
                                      2 ; File Created by SDCC : free open source ANSI-C Compiler
                                      3 ; Version 3.9.3 #11345 (Linux)
                                      4 ;--------------------------------------------------------
                                      5 	.module asinf
                                      6 	.optsdcc -mstm8
                                      7 	
                                      8 ;--------------------------------------------------------
                                      9 ; Public variables in this module
                                     10 ;--------------------------------------------------------
                                     11 	.globl _asincosf
                                     12 	.globl _asinf
                                     13 ;--------------------------------------------------------
                                     14 ; ram data
                                     15 ;--------------------------------------------------------
                                     16 	.area DATA
                                     17 ;--------------------------------------------------------
                                     18 ; ram data
                                     19 ;--------------------------------------------------------
                                     20 	.area INITIALIZED
                                     21 ;--------------------------------------------------------
                                     22 ; absolute external ram data
                                     23 ;--------------------------------------------------------
                                     24 	.area DABS (ABS)
                                     25 
                                     26 ; default segment ordering for linker
                                     27 	.area HOME
                                     28 	.area GSINIT
                                     29 	.area GSFINAL
                                     30 	.area CONST
                                     31 	.area INITIALIZER
                                     32 	.area CODE
                                     33 
                                     34 ;--------------------------------------------------------
                                     35 ; global & static initialisations
                                     36 ;--------------------------------------------------------
                                     37 	.area HOME
                                     38 	.area GSINIT
                                     39 	.area GSFINAL
                                     40 	.area GSINIT
                                     41 ;--------------------------------------------------------
                                     42 ; Home
                                     43 ;--------------------------------------------------------
                                     44 	.area HOME
                                     45 	.area HOME
                                     46 ;--------------------------------------------------------
                                     47 ; code
                                     48 ;--------------------------------------------------------
                                     49 	.area CODE
                                     50 ;	../asinf.c: 36: float asinf(float x) _FLOAT_FUNC_REENTRANT
                                     51 ;	-----------------------------------------
                                     52 ;	 function asinf
                                     53 ;	-----------------------------------------
      000000                         54 _asinf:
                                     55 ;	../asinf.c: 38: if (x == 1.0) return  HALF_PI;
      000000 5F               [ 1]   56 	clrw	x
      000001 89               [ 2]   57 	pushw	x
      000002 4B 80            [ 1]   58 	push	#0x80
      000004 4B 3F            [ 1]   59 	push	#0x3f
      000006 1E 0A            [ 2]   60 	ldw	x, (0x0a, sp)
      000008 89               [ 2]   61 	pushw	x
      000009 1E 0A            [ 2]   62 	ldw	x, (0x0a, sp)
      00000B 89               [ 2]   63 	pushw	x
      00000C 8Ds00r00r00      [ 5]   64 	callf	___fseq
      000010 5B 08            [ 2]   65 	addw	sp, #8
      000012 4D               [ 1]   66 	tnz	a
      000013 27 09            [ 1]   67 	jreq	00108$
      000015 AE 0F DB         [ 2]   68 	ldw	x, #0x0fdb
      000018 90 AE 3F C9      [ 2]   69 	ldw	y, #0x3fc9
      00001C 20 3A            [ 2]   70 	jra	00110$
      00001E                         71 00108$:
                                     72 ;	../asinf.c: 39: else if (x ==-1.0) return -HALF_PI;
      00001E 5F               [ 1]   73 	clrw	x
      00001F 89               [ 2]   74 	pushw	x
      000020 4B 80            [ 1]   75 	push	#0x80
      000022 4B BF            [ 1]   76 	push	#0xbf
      000024 1E 0A            [ 2]   77 	ldw	x, (0x0a, sp)
      000026 89               [ 2]   78 	pushw	x
      000027 1E 0A            [ 2]   79 	ldw	x, (0x0a, sp)
      000029 89               [ 2]   80 	pushw	x
      00002A 8Ds00r00r00      [ 5]   81 	callf	___fseq
      00002E 5B 08            [ 2]   82 	addw	sp, #8
      000030 4D               [ 1]   83 	tnz	a
      000031 27 09            [ 1]   84 	jreq	00105$
      000033 AE 0F DB         [ 2]   85 	ldw	x, #0x0fdb
      000036 90 AE BF C9      [ 2]   86 	ldw	y, #0xbfc9
      00003A 20 1C            [ 2]   87 	jra	00110$
      00003C                         88 00105$:
                                     89 ;	../asinf.c: 40: else if (x == 0.0) return 0.0;
      00003C 1E 06            [ 2]   90 	ldw	x, (0x06, sp)
      00003E 26 0A            [ 1]   91 	jrne	00102$
      000040 1E 04            [ 2]   92 	ldw	x, (0x04, sp)
      000042 58               [ 2]   93 	sllw	x
      000043 26 05            [ 1]   94 	jrne	00102$
      000045 5F               [ 1]   95 	clrw	x
      000046 90 5F            [ 1]   96 	clrw	y
      000048 20 0E            [ 2]   97 	jra	00110$
      00004A                         98 00102$:
                                     99 ;	../asinf.c: 41: else               return asincosf(x, false);
      00004A 4B 00            [ 1]  100 	push	#0x00
      00004C 1E 07            [ 2]  101 	ldw	x, (0x07, sp)
      00004E 89               [ 2]  102 	pushw	x
      00004F 1E 07            [ 2]  103 	ldw	x, (0x07, sp)
      000051 89               [ 2]  104 	pushw	x
      000052 8Ds00r00r00      [ 5]  105 	callf	_asincosf
      000056 5B 05            [ 2]  106 	addw	sp, #5
      000058                        107 00110$:
                                    108 ;	../asinf.c: 42: }
      000058 87               [ 5]  109 	retf
                                    110 	.area CODE
                                    111 	.area CONST
                                    112 	.area INITIALIZER
                                    113 	.area CABS (ABS)
