                                      1 ;--------------------------------------------------------
                                      2 ; File Created by SDCC : free open source ANSI-C Compiler
                                      3 ; Version 3.9.3 #11345 (Linux)
                                      4 ;--------------------------------------------------------
                                      5 	.module atan2f
                                      6 	.optsdcc -mstm8
                                      7 	
                                      8 ;--------------------------------------------------------
                                      9 ; Public variables in this module
                                     10 ;--------------------------------------------------------
                                     11 	.globl _fabsf
                                     12 	.globl _atanf
                                     13 	.globl _atan2f
                                     14 ;--------------------------------------------------------
                                     15 ; ram data
                                     16 ;--------------------------------------------------------
                                     17 	.area DATA
                                     18 ;--------------------------------------------------------
                                     19 ; ram data
                                     20 ;--------------------------------------------------------
                                     21 	.area INITIALIZED
                                     22 ;--------------------------------------------------------
                                     23 ; absolute external ram data
                                     24 ;--------------------------------------------------------
                                     25 	.area DABS (ABS)
                                     26 
                                     27 ; default segment ordering for linker
                                     28 	.area HOME
                                     29 	.area GSINIT
                                     30 	.area GSFINAL
                                     31 	.area CONST
                                     32 	.area INITIALIZER
                                     33 	.area CODE
                                     34 
                                     35 ;--------------------------------------------------------
                                     36 ; global & static initialisations
                                     37 ;--------------------------------------------------------
                                     38 	.area HOME
                                     39 	.area GSINIT
                                     40 	.area GSFINAL
                                     41 	.area GSINIT
                                     42 ;--------------------------------------------------------
                                     43 ; Home
                                     44 ;--------------------------------------------------------
                                     45 	.area HOME
                                     46 	.area HOME
                                     47 ;--------------------------------------------------------
                                     48 ; code
                                     49 ;--------------------------------------------------------
                                     50 	.area CODE
                                     51 ;	../atan2f.c: 34: float atan2f(float x, float y)
                                     52 ;	-----------------------------------------
                                     53 ;	 function atan2f
                                     54 ;	-----------------------------------------
      000000                         55 _atan2f:
      000000 52 0A            [ 2]   56 	sub	sp, #10
                                     57 ;	../atan2f.c: 38: if ((x==0.0) && (y==0.0))
      000002 1E 10            [ 2]   58 	ldw	x, (0x10, sp)
      000004 26 1B            [ 1]   59 	jrne	00102$
      000006 1E 0E            [ 2]   60 	ldw	x, (0x0e, sp)
      000008 58               [ 2]   61 	sllw	x
      000009 26 16            [ 1]   62 	jrne	00102$
      00000B 1E 14            [ 2]   63 	ldw	x, (0x14, sp)
      00000D 26 12            [ 1]   64 	jrne	00102$
      00000F 1E 12            [ 2]   65 	ldw	x, (0x12, sp)
      000011 58               [ 2]   66 	sllw	x
      000012 26 0D            [ 1]   67 	jrne	00102$
                                     68 ;	../atan2f.c: 40: errno=EDOM;
      000014 AE 00 21         [ 2]   69 	ldw	x, #0x0021
      000017 CFu00u00         [ 2]   70 	ldw	_errno+0, x
                                     71 ;	../atan2f.c: 41: return 0.0;
      00001A 5F               [ 1]   72 	clrw	x
      00001B 90 5F            [ 1]   73 	clrw	y
      00001D ACs00r01r2B      [ 2]   74 	jpf	00109$
      000021                         75 00102$:
                                     76 ;	../atan2f.c: 44: if(fabsf(y)>=fabsf(x))
      000021 1E 14            [ 2]   77 	ldw	x, (0x14, sp)
      000023 89               [ 2]   78 	pushw	x
      000024 1E 14            [ 2]   79 	ldw	x, (0x14, sp)
      000026 89               [ 2]   80 	pushw	x
      000027 8Ds00r00r00      [ 5]   81 	callf	_fabsf
      00002B 5B 04            [ 2]   82 	addw	sp, #4
      00002D 1F 04            [ 2]   83 	ldw	(0x04, sp), x
      00002F 17 02            [ 2]   84 	ldw	(0x02, sp), y
      000031 1E 10            [ 2]   85 	ldw	x, (0x10, sp)
      000033 89               [ 2]   86 	pushw	x
      000034 1E 10            [ 2]   87 	ldw	x, (0x10, sp)
      000036 89               [ 2]   88 	pushw	x
      000037 8Ds00r00r00      [ 5]   89 	callf	_fabsf
      00003B 5B 04            [ 2]   90 	addw	sp, #4
      00003D 1F 08            [ 2]   91 	ldw	(0x08, sp), x
      00003F 17 06            [ 2]   92 	ldw	(0x06, sp), y
                                     93 ;	../atan2f.c: 47: if(y<0.0) r+=(x>=0?PI:-PI);
      000041 5F               [ 1]   94 	clrw	x
      000042 89               [ 2]   95 	pushw	x
      000043 5F               [ 1]   96 	clrw	x
      000044 89               [ 2]   97 	pushw	x
      000045 1E 14            [ 2]   98 	ldw	x, (0x14, sp)
      000047 89               [ 2]   99 	pushw	x
      000048 1E 14            [ 2]  100 	ldw	x, (0x14, sp)
      00004A 89               [ 2]  101 	pushw	x
                                    102 ;	../atan2f.c: 44: if(fabsf(y)>=fabsf(x))
      00004B 8Ds00r00r00      [ 5]  103 	callf	___fslt
      00004F 5B 08            [ 2]  104 	addw	sp, #8
      000051 6B 0A            [ 1]  105 	ld	(0x0a, sp), a
      000053 1E 08            [ 2]  106 	ldw	x, (0x08, sp)
      000055 89               [ 2]  107 	pushw	x
      000056 1E 08            [ 2]  108 	ldw	x, (0x08, sp)
      000058 89               [ 2]  109 	pushw	x
      000059 1E 08            [ 2]  110 	ldw	x, (0x08, sp)
      00005B 89               [ 2]  111 	pushw	x
      00005C 1E 08            [ 2]  112 	ldw	x, (0x08, sp)
      00005E 89               [ 2]  113 	pushw	x
      00005F 8Ds00r00r00      [ 5]  114 	callf	___fslt
      000063 5B 08            [ 2]  115 	addw	sp, #8
      000065 6B 09            [ 1]  116 	ld	(0x09, sp), a
      000067 26 68            [ 1]  117 	jrne	00107$
                                    118 ;	../atan2f.c: 46: r=atanf(x/y);
      000069 1E 14            [ 2]  119 	ldw	x, (0x14, sp)
      00006B 89               [ 2]  120 	pushw	x
      00006C 1E 14            [ 2]  121 	ldw	x, (0x14, sp)
      00006E 89               [ 2]  122 	pushw	x
      00006F 1E 14            [ 2]  123 	ldw	x, (0x14, sp)
      000071 89               [ 2]  124 	pushw	x
      000072 1E 14            [ 2]  125 	ldw	x, (0x14, sp)
      000074 89               [ 2]  126 	pushw	x
      000075 8Ds00r00r00      [ 5]  127 	callf	___fsdiv
      000079 5B 08            [ 2]  128 	addw	sp, #8
      00007B 89               [ 2]  129 	pushw	x
      00007C 90 89            [ 2]  130 	pushw	y
      00007E 8Ds00r00r00      [ 5]  131 	callf	_atanf
      000082 5B 04            [ 2]  132 	addw	sp, #4
      000084 1F 08            [ 2]  133 	ldw	(0x08, sp), x
      000086 17 06            [ 2]  134 	ldw	(0x06, sp), y
                                    135 ;	../atan2f.c: 47: if(y<0.0) r+=(x>=0?PI:-PI);
      000088 5F               [ 1]  136 	clrw	x
      000089 89               [ 2]  137 	pushw	x
      00008A 5F               [ 1]  138 	clrw	x
      00008B 89               [ 2]  139 	pushw	x
      00008C 1E 18            [ 2]  140 	ldw	x, (0x18, sp)
      00008E 89               [ 2]  141 	pushw	x
      00008F 1E 18            [ 2]  142 	ldw	x, (0x18, sp)
      000091 89               [ 2]  143 	pushw	x
      000092 8Ds00r00r00      [ 5]  144 	callf	___fslt
      000096 5B 08            [ 2]  145 	addw	sp, #8
      000098 4D               [ 1]  146 	tnz	a
      000099 26 04            [ 1]  147 	jrne	00150$
      00009B ACs00r01r27      [ 2]  148 	jpf	00108$
      00009F                        149 00150$:
      00009F 0D 0A            [ 1]  150 	tnz	(0x0a, sp)
      0000A1 26 0C            [ 1]  151 	jrne	00111$
      0000A3 AE 0F DB         [ 2]  152 	ldw	x, #0x0fdb
      0000A6 1F 04            [ 2]  153 	ldw	(0x04, sp), x
      0000A8 AE 40 49         [ 2]  154 	ldw	x, #0x4049
      0000AB 1F 02            [ 2]  155 	ldw	(0x02, sp), x
      0000AD 20 0A            [ 2]  156 	jra	00112$
      0000AF                        157 00111$:
      0000AF AE 0F DB         [ 2]  158 	ldw	x, #0x0fdb
      0000B2 1F 04            [ 2]  159 	ldw	(0x04, sp), x
      0000B4 AE C0 49         [ 2]  160 	ldw	x, #0xc049
      0000B7 1F 02            [ 2]  161 	ldw	(0x02, sp), x
      0000B9                        162 00112$:
      0000B9 1E 04            [ 2]  163 	ldw	x, (0x04, sp)
      0000BB 89               [ 2]  164 	pushw	x
      0000BC 1E 04            [ 2]  165 	ldw	x, (0x04, sp)
      0000BE 89               [ 2]  166 	pushw	x
      0000BF 1E 0C            [ 2]  167 	ldw	x, (0x0c, sp)
      0000C1 89               [ 2]  168 	pushw	x
      0000C2 1E 0C            [ 2]  169 	ldw	x, (0x0c, sp)
      0000C4 89               [ 2]  170 	pushw	x
      0000C5 8Ds00r00r00      [ 5]  171 	callf	___fsadd
      0000C9 5B 08            [ 2]  172 	addw	sp, #8
      0000CB 1F 08            [ 2]  173 	ldw	(0x08, sp), x
      0000CD 17 06            [ 2]  174 	ldw	(0x06, sp), y
      0000CF 20 56            [ 2]  175 	jra	00108$
      0000D1                        176 00107$:
                                    177 ;	../atan2f.c: 51: r=-atanf(y/x);
      0000D1 1E 10            [ 2]  178 	ldw	x, (0x10, sp)
      0000D3 89               [ 2]  179 	pushw	x
      0000D4 1E 10            [ 2]  180 	ldw	x, (0x10, sp)
      0000D6 89               [ 2]  181 	pushw	x
      0000D7 1E 18            [ 2]  182 	ldw	x, (0x18, sp)
      0000D9 89               [ 2]  183 	pushw	x
      0000DA 1E 18            [ 2]  184 	ldw	x, (0x18, sp)
      0000DC 89               [ 2]  185 	pushw	x
      0000DD 8Ds00r00r00      [ 5]  186 	callf	___fsdiv
      0000E1 5B 08            [ 2]  187 	addw	sp, #8
      0000E3 89               [ 2]  188 	pushw	x
      0000E4 90 89            [ 2]  189 	pushw	y
      0000E6 8Ds00r00r00      [ 5]  190 	callf	_atanf
      0000EA 5B 04            [ 2]  191 	addw	sp, #4
      0000EC 51               [ 1]  192 	exgw	x, y
      0000ED 58               [ 2]  193 	sllw	x
      0000EE 8C               [ 1]  194 	ccf
      0000EF 56               [ 2]  195 	rrcw	x
      0000F0 17 08            [ 2]  196 	ldw	(0x08, sp), y
      0000F2 1F 06            [ 2]  197 	ldw	(0x06, sp), x
                                    198 ;	../atan2f.c: 52: r+=(x<0.0?-HALF_PI:HALF_PI);
      0000F4 7B 0A            [ 1]  199 	ld	a, (0x0a, sp)
      0000F6 27 0A            [ 1]  200 	jreq	00113$
      0000F8 AE 0F DB         [ 2]  201 	ldw	x, #0x0fdb
      0000FB 1F 04            [ 2]  202 	ldw	(0x04, sp), x
      0000FD AE BF C9         [ 2]  203 	ldw	x, #0xbfc9
      000100 20 08            [ 2]  204 	jra	00114$
      000102                        205 00113$:
      000102 AE 0F DB         [ 2]  206 	ldw	x, #0x0fdb
      000105 1F 04            [ 2]  207 	ldw	(0x04, sp), x
      000107 AE 3F C9         [ 2]  208 	ldw	x, #0x3fc9
      00010A                        209 00114$:
      00010A 16 04            [ 2]  210 	ldw	y, (0x04, sp)
      00010C 90 89            [ 2]  211 	pushw	y
      00010E 89               [ 2]  212 	pushw	x
      00010F 1E 0C            [ 2]  213 	ldw	x, (0x0c, sp)
      000111 89               [ 2]  214 	pushw	x
      000112 1E 0C            [ 2]  215 	ldw	x, (0x0c, sp)
      000114 89               [ 2]  216 	pushw	x
      000115 8Ds00r00r00      [ 5]  217 	callf	___fsadd
      000119 5B 08            [ 2]  218 	addw	sp, #8
      00011B 1F 03            [ 2]  219 	ldw	(0x03, sp), x
      00011D 17 01            [ 2]  220 	ldw	(0x01, sp), y
      00011F 16 03            [ 2]  221 	ldw	y, (0x03, sp)
      000121 17 08            [ 2]  222 	ldw	(0x08, sp), y
      000123 16 01            [ 2]  223 	ldw	y, (0x01, sp)
      000125 17 06            [ 2]  224 	ldw	(0x06, sp), y
      000127                        225 00108$:
                                    226 ;	../atan2f.c: 54: return r;
      000127 1E 08            [ 2]  227 	ldw	x, (0x08, sp)
      000129 16 06            [ 2]  228 	ldw	y, (0x06, sp)
      00012B                        229 00109$:
                                    230 ;	../atan2f.c: 55: }
      00012B 5B 0A            [ 2]  231 	addw	sp, #10
      00012D 87               [ 5]  232 	retf
                                    233 	.area CODE
                                    234 	.area CONST
                                    235 	.area INITIALIZER
                                    236 	.area CABS (ABS)
