                                      1 ;--------------------------------------------------------
                                      2 ; File Created by SDCC : free open source ANSI-C Compiler
                                      3 ; Version 3.9.3 #11345 (Linux)
                                      4 ;--------------------------------------------------------
                                      5 	.module atoll
                                      6 	.optsdcc -mstm8
                                      7 	
                                      8 ;--------------------------------------------------------
                                      9 ; Public variables in this module
                                     10 ;--------------------------------------------------------
                                     11 ;--------------------------------------------------------
                                     12 ; ram data
                                     13 ;--------------------------------------------------------
                                     14 	.area DATA
                                     15 ;--------------------------------------------------------
                                     16 ; ram data
                                     17 ;--------------------------------------------------------
                                     18 	.area INITIALIZED
                                     19 ;--------------------------------------------------------
                                     20 ; absolute external ram data
                                     21 ;--------------------------------------------------------
                                     22 	.area DABS (ABS)
                                     23 
                                     24 ; default segment ordering for linker
                                     25 	.area HOME
                                     26 	.area GSINIT
                                     27 	.area GSFINAL
                                     28 	.area CONST
                                     29 	.area INITIALIZER
                                     30 	.area CODE
                                     31 
                                     32 ;--------------------------------------------------------
                                     33 ; global & static initialisations
                                     34 ;--------------------------------------------------------
                                     35 	.area HOME
                                     36 	.area GSINIT
                                     37 	.area GSFINAL
                                     38 	.area GSINIT
                                     39 ;--------------------------------------------------------
                                     40 ; Home
                                     41 ;--------------------------------------------------------
                                     42 	.area HOME
                                     43 	.area HOME
                                     44 ;--------------------------------------------------------
                                     45 ; code
                                     46 ;--------------------------------------------------------
                                     47 	.area CODE
                                     48 	.area CODE
                                     49 	.area CONST
                                     50 	.area INITIALIZER
                                     51 	.area CABS (ABS)
