                                      1 ;--------------------------------------------------------
                                      2 ; File Created by SDCC : free open source ANSI-C Compiler
                                      3 ; Version 3.9.3 #11345 (Linux)
                                      4 ;--------------------------------------------------------
                                      5 	.module ceilf
                                      6 	.optsdcc -mstm8
                                      7 	
                                      8 ;--------------------------------------------------------
                                      9 ; Public variables in this module
                                     10 ;--------------------------------------------------------
                                     11 	.globl _ceilf
                                     12 ;--------------------------------------------------------
                                     13 ; ram data
                                     14 ;--------------------------------------------------------
                                     15 	.area DATA
                                     16 ;--------------------------------------------------------
                                     17 ; ram data
                                     18 ;--------------------------------------------------------
                                     19 	.area INITIALIZED
                                     20 ;--------------------------------------------------------
                                     21 ; absolute external ram data
                                     22 ;--------------------------------------------------------
                                     23 	.area DABS (ABS)
                                     24 
                                     25 ; default segment ordering for linker
                                     26 	.area HOME
                                     27 	.area GSINIT
                                     28 	.area GSFINAL
                                     29 	.area CONST
                                     30 	.area INITIALIZER
                                     31 	.area CODE
                                     32 
                                     33 ;--------------------------------------------------------
                                     34 ; global & static initialisations
                                     35 ;--------------------------------------------------------
                                     36 	.area HOME
                                     37 	.area GSINIT
                                     38 	.area GSFINAL
                                     39 	.area GSINIT
                                     40 ;--------------------------------------------------------
                                     41 ; Home
                                     42 ;--------------------------------------------------------
                                     43 	.area HOME
                                     44 	.area HOME
                                     45 ;--------------------------------------------------------
                                     46 ; code
                                     47 ;--------------------------------------------------------
                                     48 	.area CODE
                                     49 ;	../ceilf.c: 33: float ceilf(float x) _FLOAT_FUNC_REENTRANT
                                     50 ;	-----------------------------------------
                                     51 ;	 function ceilf
                                     52 ;	-----------------------------------------
      000000                         53 _ceilf:
      000000 52 08            [ 2]   54 	sub	sp, #8
                                     55 ;	../ceilf.c: 36: r=x;
      000002 1E 0E            [ 2]   56 	ldw	x, (0x0e, sp)
      000004 89               [ 2]   57 	pushw	x
      000005 1E 0E            [ 2]   58 	ldw	x, (0x0e, sp)
      000007 89               [ 2]   59 	pushw	x
      000008 8Ds00r00r00      [ 5]   60 	callf	___fs2slong
      00000C 5B 04            [ 2]   61 	addw	sp, #4
      00000E 1F 03            [ 2]   62 	ldw	(0x03, sp), x
      000010 17 01            [ 2]   63 	ldw	(0x01, sp), y
                                     64 ;	../ceilf.c: 38: return r;
      000012 1E 03            [ 2]   65 	ldw	x, (0x03, sp)
      000014 89               [ 2]   66 	pushw	x
      000015 1E 03            [ 2]   67 	ldw	x, (0x03, sp)
      000017 89               [ 2]   68 	pushw	x
      000018 8Ds00r00r00      [ 5]   69 	callf	___slong2fs
      00001C 5B 04            [ 2]   70 	addw	sp, #4
      00001E 1F 07            [ 2]   71 	ldw	(0x07, sp), x
      000020 17 05            [ 2]   72 	ldw	(0x05, sp), y
                                     73 ;	../ceilf.c: 37: if (r<0)
      000022 0D 01            [ 1]   74 	tnz	(0x01, sp)
      000024 2A 06            [ 1]   75 	jrpl	00102$
                                     76 ;	../ceilf.c: 38: return r;
      000026 1E 07            [ 2]   77 	ldw	x, (0x07, sp)
      000028 16 05            [ 2]   78 	ldw	y, (0x05, sp)
      00002A 20 3B            [ 2]   79 	jra	00104$
      00002C                         80 00102$:
                                     81 ;	../ceilf.c: 40: return (r+((r<x)?1:0));
      00002C 1E 0E            [ 2]   82 	ldw	x, (0x0e, sp)
      00002E 89               [ 2]   83 	pushw	x
      00002F 1E 0E            [ 2]   84 	ldw	x, (0x0e, sp)
      000031 89               [ 2]   85 	pushw	x
      000032 1E 0B            [ 2]   86 	ldw	x, (0x0b, sp)
      000034 89               [ 2]   87 	pushw	x
      000035 1E 0B            [ 2]   88 	ldw	x, (0x0b, sp)
      000037 89               [ 2]   89 	pushw	x
      000038 8Ds00r00r00      [ 5]   90 	callf	___fslt
      00003C 5B 08            [ 2]   91 	addw	sp, #8
      00003E 4D               [ 1]   92 	tnz	a
      00003F 27 03            [ 1]   93 	jreq	00106$
      000041 5F               [ 1]   94 	clrw	x
      000042 5C               [ 1]   95 	incw	x
      000043 21                      96 	.byte 0x21
      000044                         97 00106$:
      000044 5F               [ 1]   98 	clrw	x
      000045                         99 00107$:
      000045 51               [ 1]  100 	exgw	x, y
      000046 5F               [ 1]  101 	clrw	x
      000047 90 5D            [ 2]  102 	tnzw	y
      000049 2A 01            [ 1]  103 	jrpl	00120$
      00004B 5A               [ 2]  104 	decw	x
      00004C                        105 00120$:
      00004C 72 F9 03         [ 2]  106 	addw	y, (0x03, sp)
      00004F 9F               [ 1]  107 	ld	a, xl
      000050 19 02            [ 1]  108 	adc	a, (0x02, sp)
      000052 02               [ 1]  109 	rlwa	x
      000053 19 01            [ 1]  110 	adc	a, (0x01, sp)
      000055 95               [ 1]  111 	ld	xh, a
      000056 90 89            [ 2]  112 	pushw	y
      000058 89               [ 2]  113 	pushw	x
      000059 8Ds00r00r00      [ 5]  114 	callf	___slong2fs
      00005D 5B 04            [ 2]  115 	addw	sp, #4
      00005F 1F 07            [ 2]  116 	ldw	(0x07, sp), x
      000061 17 05            [ 2]  117 	ldw	(0x05, sp), y
      000063 1E 07            [ 2]  118 	ldw	x, (0x07, sp)
      000065 16 05            [ 2]  119 	ldw	y, (0x05, sp)
      000067                        120 00104$:
                                    121 ;	../ceilf.c: 41: }
      000067 5B 08            [ 2]  122 	addw	sp, #8
      000069 87               [ 5]  123 	retf
                                    124 	.area CODE
                                    125 	.area CONST
                                    126 	.area INITIALIZER
                                    127 	.area CABS (ABS)
