                                      1 ;--------------------------------------------------------
                                      2 ; File Created by SDCC : free open source ANSI-C Compiler
                                      3 ; Version 3.9.3 #11345 (Linux)
                                      4 ;--------------------------------------------------------
                                      5 	.module floorf
                                      6 	.optsdcc -mstm8
                                      7 	
                                      8 ;--------------------------------------------------------
                                      9 ; Public variables in this module
                                     10 ;--------------------------------------------------------
                                     11 	.globl _floorf
                                     12 ;--------------------------------------------------------
                                     13 ; ram data
                                     14 ;--------------------------------------------------------
                                     15 	.area DATA
                                     16 ;--------------------------------------------------------
                                     17 ; ram data
                                     18 ;--------------------------------------------------------
                                     19 	.area INITIALIZED
                                     20 ;--------------------------------------------------------
                                     21 ; absolute external ram data
                                     22 ;--------------------------------------------------------
                                     23 	.area DABS (ABS)
                                     24 
                                     25 ; default segment ordering for linker
                                     26 	.area HOME
                                     27 	.area GSINIT
                                     28 	.area GSFINAL
                                     29 	.area CONST
                                     30 	.area INITIALIZER
                                     31 	.area CODE
                                     32 
                                     33 ;--------------------------------------------------------
                                     34 ; global & static initialisations
                                     35 ;--------------------------------------------------------
                                     36 	.area HOME
                                     37 	.area GSINIT
                                     38 	.area GSFINAL
                                     39 	.area GSINIT
                                     40 ;--------------------------------------------------------
                                     41 ; Home
                                     42 ;--------------------------------------------------------
                                     43 	.area HOME
                                     44 	.area HOME
                                     45 ;--------------------------------------------------------
                                     46 ; code
                                     47 ;--------------------------------------------------------
                                     48 	.area CODE
                                     49 ;	../floorf.c: 33: float floorf (float x) _FLOAT_FUNC_REENTRANT
                                     50 ;	-----------------------------------------
                                     51 ;	 function floorf
                                     52 ;	-----------------------------------------
      000000                         53 _floorf:
      000000 52 08            [ 2]   54 	sub	sp, #8
                                     55 ;	../floorf.c: 36: r=x;
      000002 1E 0E            [ 2]   56 	ldw	x, (0x0e, sp)
      000004 89               [ 2]   57 	pushw	x
      000005 1E 0E            [ 2]   58 	ldw	x, (0x0e, sp)
      000007 89               [ 2]   59 	pushw	x
      000008 8Ds00r00r00      [ 5]   60 	callf	___fs2slong
      00000C 5B 04            [ 2]   61 	addw	sp, #4
      00000E 1F 03            [ 2]   62 	ldw	(0x03, sp), x
      000010 17 01            [ 2]   63 	ldw	(0x01, sp), y
                                     64 ;	../floorf.c: 38: return (r+((r>x)?-1:0));
      000012 1E 03            [ 2]   65 	ldw	x, (0x03, sp)
      000014 89               [ 2]   66 	pushw	x
      000015 1E 03            [ 2]   67 	ldw	x, (0x03, sp)
      000017 89               [ 2]   68 	pushw	x
      000018 8Ds00r00r00      [ 5]   69 	callf	___slong2fs
      00001C 5B 04            [ 2]   70 	addw	sp, #4
      00001E 1F 07            [ 2]   71 	ldw	(0x07, sp), x
      000020 17 05            [ 2]   72 	ldw	(0x05, sp), y
                                     73 ;	../floorf.c: 37: if (r<=0)
      000022 5F               [ 1]   74 	clrw	x
      000023 13 03            [ 2]   75 	cpw	x, (0x03, sp)
      000025 4F               [ 1]   76 	clr	a
      000026 12 02            [ 1]   77 	sbc	a, (0x02, sp)
      000028 4F               [ 1]   78 	clr	a
      000029 12 01            [ 1]   79 	sbc	a, (0x01, sp)
      00002B 2F 35            [ 1]   80 	jrslt	00102$
                                     81 ;	../floorf.c: 38: return (r+((r>x)?-1:0));
      00002D 1E 07            [ 2]   82 	ldw	x, (0x07, sp)
      00002F 89               [ 2]   83 	pushw	x
      000030 1E 07            [ 2]   84 	ldw	x, (0x07, sp)
      000032 89               [ 2]   85 	pushw	x
      000033 1E 12            [ 2]   86 	ldw	x, (0x12, sp)
      000035 89               [ 2]   87 	pushw	x
      000036 1E 12            [ 2]   88 	ldw	x, (0x12, sp)
      000038 89               [ 2]   89 	pushw	x
      000039 8Ds00r00r00      [ 5]   90 	callf	___fslt
      00003D 5B 08            [ 2]   91 	addw	sp, #8
      00003F 4D               [ 1]   92 	tnz	a
      000040 27 03            [ 1]   93 	jreq	00106$
      000042 5F               [ 1]   94 	clrw	x
      000043 5A               [ 2]   95 	decw	x
      000044 21                      96 	.byte 0x21
      000045                         97 00106$:
      000045 5F               [ 1]   98 	clrw	x
      000046                         99 00107$:
      000046 51               [ 1]  100 	exgw	x, y
      000047 5F               [ 1]  101 	clrw	x
      000048 90 5D            [ 2]  102 	tnzw	y
      00004A 2A 01            [ 1]  103 	jrpl	00120$
      00004C 5A               [ 2]  104 	decw	x
      00004D                        105 00120$:
      00004D 72 F9 03         [ 2]  106 	addw	y, (0x03, sp)
      000050 9F               [ 1]  107 	ld	a, xl
      000051 19 02            [ 1]  108 	adc	a, (0x02, sp)
      000053 02               [ 1]  109 	rlwa	x
      000054 19 01            [ 1]  110 	adc	a, (0x01, sp)
      000056 95               [ 1]  111 	ld	xh, a
      000057 90 89            [ 2]  112 	pushw	y
      000059 89               [ 2]  113 	pushw	x
      00005A 8Ds00r00r00      [ 5]  114 	callf	___slong2fs
      00005E 5B 04            [ 2]  115 	addw	sp, #4
      000060 20 04            [ 2]  116 	jra	00104$
      000062                        117 00102$:
                                    118 ;	../floorf.c: 40: return r;
      000062 1E 07            [ 2]  119 	ldw	x, (0x07, sp)
      000064 16 05            [ 2]  120 	ldw	y, (0x05, sp)
      000066                        121 00104$:
                                    122 ;	../floorf.c: 41: }
      000066 5B 08            [ 2]  123 	addw	sp, #8
      000068 87               [ 5]  124 	retf
                                    125 	.area CODE
                                    126 	.area CONST
                                    127 	.area INITIALIZER
                                    128 	.area CABS (ABS)
