                                      1 ;--------------------------------------------------------
                                      2 ; File Created by SDCC : free open source ANSI-C Compiler
                                      3 ; Version 3.9.3 #11345 (Linux)
                                      4 ;--------------------------------------------------------
                                      5 	.module gets
                                      6 	.optsdcc -mstm8
                                      7 	
                                      8 ;--------------------------------------------------------
                                      9 ; Public variables in this module
                                     10 ;--------------------------------------------------------
                                     11 	.globl _gets
                                     12 	.globl _putchar
                                     13 	.globl _getchar
                                     14 ;--------------------------------------------------------
                                     15 ; ram data
                                     16 ;--------------------------------------------------------
                                     17 	.area DATA
                                     18 ;--------------------------------------------------------
                                     19 ; ram data
                                     20 ;--------------------------------------------------------
                                     21 	.area INITIALIZED
                                     22 ;--------------------------------------------------------
                                     23 ; absolute external ram data
                                     24 ;--------------------------------------------------------
                                     25 	.area DABS (ABS)
                                     26 
                                     27 ; default segment ordering for linker
                                     28 	.area HOME
                                     29 	.area GSINIT
                                     30 	.area GSFINAL
                                     31 	.area CONST
                                     32 	.area INITIALIZER
                                     33 	.area CODE
                                     34 
                                     35 ;--------------------------------------------------------
                                     36 ; global & static initialisations
                                     37 ;--------------------------------------------------------
                                     38 	.area HOME
                                     39 	.area GSINIT
                                     40 	.area GSFINAL
                                     41 	.area GSINIT
                                     42 ;--------------------------------------------------------
                                     43 ; Home
                                     44 ;--------------------------------------------------------
                                     45 	.area HOME
                                     46 	.area HOME
                                     47 ;--------------------------------------------------------
                                     48 ; code
                                     49 ;--------------------------------------------------------
                                     50 	.area CODE
                                     51 ;	../gets.c: 32: gets (char *s)
                                     52 ;	-----------------------------------------
                                     53 ;	 function gets
                                     54 ;	-----------------------------------------
      000000                         55 _gets:
      000000 52 02            [ 2]   56 	sub	sp, #2
                                     57 ;	../gets.c: 35: unsigned int count = 0;
      000002 5F               [ 1]   58 	clrw	x
      000003 1F 01            [ 2]   59 	ldw	(0x01, sp), x
                                     60 ;	../gets.c: 37: while (1)
      000005                         61 00109$:
                                     62 ;	../gets.c: 39: c = getchar ();
      000005 8Ds00r00r00      [ 5]   63 	callf	_getchar
      000009 9F               [ 1]   64 	ld	a, xl
                                     65 ;	../gets.c: 40: switch(c)
      00000A A1 08            [ 1]   66 	cp	a, #0x08
      00000C 27 0C            [ 1]   67 	jreq	00101$
                                     68 ;	../gets.c: 57: *s = 0;
      00000E 1E 06            [ 2]   69 	ldw	x, (0x06, sp)
                                     70 ;	../gets.c: 40: switch(c)
      000010 A1 0A            [ 1]   71 	cp	a, #0x0a
      000012 27 34            [ 1]   72 	jreq	00105$
      000014 A1 0D            [ 1]   73 	cp	a, #0x0d
      000016 27 30            [ 1]   74 	jreq	00105$
      000018 20 47            [ 2]   75 	jra	00106$
                                     76 ;	../gets.c: 42: case '\b': /* backspace */
      00001A                         77 00101$:
                                     78 ;	../gets.c: 43: if (count)
      00001A 1E 01            [ 2]   79 	ldw	x, (0x01, sp)
      00001C 27 E7            [ 1]   80 	jreq	00109$
                                     81 ;	../gets.c: 45: putchar ('\b');
      00001E 4B 08            [ 1]   82 	push	#0x08
      000020 4B 00            [ 1]   83 	push	#0x00
      000022 8Ds00r00r00      [ 5]   84 	callf	_putchar
      000026 5B 02            [ 2]   85 	addw	sp, #2
                                     86 ;	../gets.c: 46: putchar (' ');
      000028 4B 20            [ 1]   87 	push	#0x20
      00002A 4B 00            [ 1]   88 	push	#0x00
      00002C 8Ds00r00r00      [ 5]   89 	callf	_putchar
      000030 5B 02            [ 2]   90 	addw	sp, #2
                                     91 ;	../gets.c: 47: putchar ('\b');
      000032 4B 08            [ 1]   92 	push	#0x08
      000034 4B 00            [ 1]   93 	push	#0x00
      000036 8Ds00r00r00      [ 5]   94 	callf	_putchar
      00003A 5B 02            [ 2]   95 	addw	sp, #2
                                     96 ;	../gets.c: 48: --s;
      00003C 1E 06            [ 2]   97 	ldw	x, (0x06, sp)
      00003E 5A               [ 2]   98 	decw	x
      00003F 1F 06            [ 2]   99 	ldw	(0x06, sp), x
                                    100 ;	../gets.c: 49: --count;
      000041 1E 01            [ 2]  101 	ldw	x, (0x01, sp)
      000043 5A               [ 2]  102 	decw	x
      000044 1F 01            [ 2]  103 	ldw	(0x01, sp), x
                                    104 ;	../gets.c: 51: break;
      000046 20 BD            [ 2]  105 	jra	00109$
                                    106 ;	../gets.c: 54: case '\r': /* CR or LF */
      000048                        107 00105$:
                                    108 ;	../gets.c: 55: putchar ('\r');
      000048 89               [ 2]  109 	pushw	x
      000049 4B 0D            [ 1]  110 	push	#0x0d
      00004B 4B 00            [ 1]  111 	push	#0x00
      00004D 8Ds00r00r00      [ 5]  112 	callf	_putchar
      000051 5B 02            [ 2]  113 	addw	sp, #2
      000053 4B 0A            [ 1]  114 	push	#0x0a
      000055 4B 00            [ 1]  115 	push	#0x00
      000057 8Ds00r00r00      [ 5]  116 	callf	_putchar
      00005B 5B 02            [ 2]  117 	addw	sp, #2
      00005D 85               [ 2]  118 	popw	x
                                    119 ;	../gets.c: 57: *s = 0;
      00005E 7F               [ 1]  120 	clr	(x)
                                    121 ;	../gets.c: 58: return s;
      00005F 20 14            [ 2]  122 	jra	00111$
                                    123 ;	../gets.c: 60: default:
      000061                        124 00106$:
                                    125 ;	../gets.c: 61: *s++ = c;
      000061 F7               [ 1]  126 	ld	(x), a
      000062 5C               [ 1]  127 	incw	x
      000063 1F 06            [ 2]  128 	ldw	(0x06, sp), x
                                    129 ;	../gets.c: 62: ++count;
      000065 1E 01            [ 2]  130 	ldw	x, (0x01, sp)
      000067 5C               [ 1]  131 	incw	x
      000068 1F 01            [ 2]  132 	ldw	(0x01, sp), x
                                    133 ;	../gets.c: 63: putchar (c);
      00006A 5F               [ 1]  134 	clrw	x
      00006B 97               [ 1]  135 	ld	xl, a
      00006C 89               [ 2]  136 	pushw	x
      00006D 8Ds00r00r00      [ 5]  137 	callf	_putchar
      000071 5B 02            [ 2]  138 	addw	sp, #2
                                    139 ;	../gets.c: 65: }
      000073 20 90            [ 2]  140 	jra	00109$
      000075                        141 00111$:
                                    142 ;	../gets.c: 67: }
      000075 5B 02            [ 2]  143 	addw	sp, #2
      000077 87               [ 5]  144 	retf
                                    145 	.area CODE
                                    146 	.area CONST
                                    147 	.area INITIALIZER
                                    148 	.area CABS (ABS)
