                                      1 ;--------------------------------------------------------
                                      2 ; File Created by SDCC : free open source ANSI-C Compiler
                                      3 ; Version 3.9.3 #11345 (Linux)
                                      4 ;--------------------------------------------------------
                                      5 	.module isalpha
                                      6 	.optsdcc -mstm8
                                      7 	
                                      8 ;--------------------------------------------------------
                                      9 ; Public variables in this module
                                     10 ;--------------------------------------------------------
                                     11 	.globl _isalpha
                                     12 ;--------------------------------------------------------
                                     13 ; ram data
                                     14 ;--------------------------------------------------------
                                     15 	.area DATA
                                     16 ;--------------------------------------------------------
                                     17 ; ram data
                                     18 ;--------------------------------------------------------
                                     19 	.area INITIALIZED
                                     20 ;--------------------------------------------------------
                                     21 ; absolute external ram data
                                     22 ;--------------------------------------------------------
                                     23 	.area DABS (ABS)
                                     24 
                                     25 ; default segment ordering for linker
                                     26 	.area HOME
                                     27 	.area GSINIT
                                     28 	.area GSFINAL
                                     29 	.area CONST
                                     30 	.area INITIALIZER
                                     31 	.area CODE
                                     32 
                                     33 ;--------------------------------------------------------
                                     34 ; global & static initialisations
                                     35 ;--------------------------------------------------------
                                     36 	.area HOME
                                     37 	.area GSINIT
                                     38 	.area GSFINAL
                                     39 	.area GSINIT
                                     40 ;--------------------------------------------------------
                                     41 ; Home
                                     42 ;--------------------------------------------------------
                                     43 	.area HOME
                                     44 	.area HOME
                                     45 ;--------------------------------------------------------
                                     46 ; code
                                     47 ;--------------------------------------------------------
                                     48 	.area CODE
                                     49 ;	../isalpha.c: 37: int isalpha (int c)
                                     50 ;	-----------------------------------------
                                     51 ;	 function isalpha
                                     52 ;	-----------------------------------------
      000000                         53 _isalpha:
                                     54 ;	../isalpha.c: 39: return (isupper (c) || islower (c));
      000000 1E 04            [ 2]   55 	ldw	x, (0x04, sp)
                                     56 ;	./../../include/ctype.h: 80: return ((unsigned char)c >= 'A' && (unsigned char)c <= 'Z');
      000002 9F               [ 1]   57 	ld	a, xl
      000003 A1 41            [ 1]   58 	cp	a, #0x41
      000005 25 04            [ 1]   59 	jrc	00110$
      000007 A1 5A            [ 1]   60 	cp	a, #0x5a
      000009 23 0A            [ 2]   61 	jrule	00106$
      00000B                         62 00110$:
                                     63 ;	./../../include/ctype.h: 71: return ((unsigned char)c >= 'a' && (unsigned char)c <= 'z');
      00000B A1 61            [ 1]   64 	cp	a, #0x61
      00000D 25 04            [ 1]   65 	jrc	00113$
      00000F A1 7A            [ 1]   66 	cp	a, #0x7a
      000011 23 02            [ 2]   67 	jrule	00106$
      000013                         68 00113$:
                                     69 ;	../isalpha.c: 39: return (isupper (c) || islower (c));
      000013 4F               [ 1]   70 	clr	a
      000014 C5                      71 	.byte 0xc5
      000015                         72 00106$:
      000015 A6 01            [ 1]   73 	ld	a, #0x01
      000017                         74 00107$:
      000017 5F               [ 1]   75 	clrw	x
      000018 97               [ 1]   76 	ld	xl, a
                                     77 ;	../isalpha.c: 40: }
      000019 87               [ 5]   78 	retf
                                     79 	.area CODE
                                     80 	.area CONST
                                     81 	.area INITIALIZER
                                     82 	.area CABS (ABS)
