                                      1 ;--------------------------------------------------------
                                      2 ; File Created by SDCC : free open source ANSI-C Compiler
                                      3 ; Version 3.9.3 #11345 (Linux)
                                      4 ;--------------------------------------------------------
                                      5 	.module isblank
                                      6 	.optsdcc -mstm8
                                      7 	
                                      8 ;--------------------------------------------------------
                                      9 ; Public variables in this module
                                     10 ;--------------------------------------------------------
                                     11 	.globl _isblank
                                     12 ;--------------------------------------------------------
                                     13 ; ram data
                                     14 ;--------------------------------------------------------
                                     15 	.area DATA
                                     16 ;--------------------------------------------------------
                                     17 ; ram data
                                     18 ;--------------------------------------------------------
                                     19 	.area INITIALIZED
                                     20 ;--------------------------------------------------------
                                     21 ; absolute external ram data
                                     22 ;--------------------------------------------------------
                                     23 	.area DABS (ABS)
                                     24 
                                     25 ; default segment ordering for linker
                                     26 	.area HOME
                                     27 	.area GSINIT
                                     28 	.area GSFINAL
                                     29 	.area CONST
                                     30 	.area INITIALIZER
                                     31 	.area CODE
                                     32 
                                     33 ;--------------------------------------------------------
                                     34 ; global & static initialisations
                                     35 ;--------------------------------------------------------
                                     36 	.area HOME
                                     37 	.area GSINIT
                                     38 	.area GSFINAL
                                     39 	.area GSINIT
                                     40 ;--------------------------------------------------------
                                     41 ; Home
                                     42 ;--------------------------------------------------------
                                     43 	.area HOME
                                     44 	.area HOME
                                     45 ;--------------------------------------------------------
                                     46 ; code
                                     47 ;--------------------------------------------------------
                                     48 	.area CODE
                                     49 ;	./../../include/ctype.h: 51: inline int isblank (int c)
                                     50 ;	-----------------------------------------
                                     51 ;	 function isblank
                                     52 ;	-----------------------------------------
      000000                         53 _isblank:
                                     54 ;	./../../include/ctype.h: 53: return ((unsigned char)c == ' ' || (unsigned char)c == '\t');
      000000 7B 05            [ 1]   55 	ld	a, (0x05, sp)
      000002 A1 20            [ 1]   56 	cp	a, #0x20
      000004 27 06            [ 1]   57 	jreq	00104$
      000006 A1 09            [ 1]   58 	cp	a, #0x09
      000008 27 02            [ 1]   59 	jreq	00104$
      00000A 4F               [ 1]   60 	clr	a
      00000B C5                      61 	.byte 0xc5
      00000C                         62 00104$:
      00000C A6 01            [ 1]   63 	ld	a, #0x01
      00000E                         64 00105$:
      00000E 5F               [ 1]   65 	clrw	x
      00000F 97               [ 1]   66 	ld	xl, a
                                     67 ;	./../../include/ctype.h: 54: }
      000010 87               [ 5]   68 	retf
                                     69 	.area CODE
                                     70 	.area CONST
                                     71 	.area INITIALIZER
                                     72 	.area CABS (ABS)
