                                      1 ;--------------------------------------------------------
                                      2 ; File Created by SDCC : free open source ANSI-C Compiler
                                      3 ; Version 3.9.3 #11345 (Linux)
                                      4 ;--------------------------------------------------------
                                      5 	.module isinf
                                      6 	.optsdcc -mstm8
                                      7 	
                                      8 ;--------------------------------------------------------
                                      9 ; Public variables in this module
                                     10 ;--------------------------------------------------------
                                     11 	.globl _isinf
                                     12 ;--------------------------------------------------------
                                     13 ; ram data
                                     14 ;--------------------------------------------------------
                                     15 	.area DATA
                                     16 ;--------------------------------------------------------
                                     17 ; ram data
                                     18 ;--------------------------------------------------------
                                     19 	.area INITIALIZED
                                     20 ;--------------------------------------------------------
                                     21 ; absolute external ram data
                                     22 ;--------------------------------------------------------
                                     23 	.area DABS (ABS)
                                     24 
                                     25 ; default segment ordering for linker
                                     26 	.area HOME
                                     27 	.area GSINIT
                                     28 	.area GSFINAL
                                     29 	.area CONST
                                     30 	.area INITIALIZER
                                     31 	.area CODE
                                     32 
                                     33 ;--------------------------------------------------------
                                     34 ; global & static initialisations
                                     35 ;--------------------------------------------------------
                                     36 	.area HOME
                                     37 	.area GSINIT
                                     38 	.area GSFINAL
                                     39 	.area GSINIT
                                     40 ;--------------------------------------------------------
                                     41 ; Home
                                     42 ;--------------------------------------------------------
                                     43 	.area HOME
                                     44 	.area HOME
                                     45 ;--------------------------------------------------------
                                     46 ; code
                                     47 ;--------------------------------------------------------
                                     48 	.area CODE
                                     49 ;	../isinf.c: 33: int isinf (float f)
                                     50 ;	-----------------------------------------
                                     51 ;	 function isinf
                                     52 ;	-----------------------------------------
      000000                         53 _isinf:
                                     54 ;	../isinf.c: 35: unsigned long *pl = (unsigned long *) &f;
      000000 96               [ 1]   55 	ldw	x, sp
      000001 1C 00 04         [ 2]   56 	addw	x, #4
                                     57 ;	../isinf.c: 36: return *pl == 0x7f800000 || *pl == 0xff800000;
      000004 90 93            [ 1]   58 	ldw	y, x
      000006 90 EE 02         [ 2]   59 	ldw	y, (0x2, y)
      000009 FE               [ 2]   60 	ldw	x, (x)
      00000A 90 5D            [ 2]   61 	tnzw	y
      00000C 26 05            [ 1]   62 	jrne	00117$
      00000E A3 7F 80         [ 2]   63 	cpw	x, #0x7f80
      000011 27 0B            [ 1]   64 	jreq	00104$
      000013                         65 00117$:
      000013 90 5D            [ 2]   66 	tnzw	y
      000015 26 05            [ 1]   67 	jrne	00120$
      000017 A3 FF 80         [ 2]   68 	cpw	x, #0xff80
      00001A 27 02            [ 1]   69 	jreq	00104$
      00001C                         70 00120$:
      00001C 4F               [ 1]   71 	clr	a
      00001D C5                      72 	.byte 0xc5
      00001E                         73 00104$:
      00001E A6 01            [ 1]   74 	ld	a, #0x01
      000020                         75 00105$:
      000020 5F               [ 1]   76 	clrw	x
      000021 97               [ 1]   77 	ld	xl, a
                                     78 ;	../isinf.c: 37: }
      000022 87               [ 5]   79 	retf
                                     80 	.area CODE
                                     81 	.area CONST
                                     82 	.area INITIALIZER
                                     83 	.area CABS (ABS)
