                                      1 ;--------------------------------------------------------
                                      2 ; File Created by SDCC : free open source ANSI-C Compiler
                                      3 ; Version 3.9.3 #11345 (Linux)
                                      4 ;--------------------------------------------------------
                                      5 	.module isspace
                                      6 	.optsdcc -mstm8
                                      7 	
                                      8 ;--------------------------------------------------------
                                      9 ; Public variables in this module
                                     10 ;--------------------------------------------------------
                                     11 	.globl _isspace
                                     12 ;--------------------------------------------------------
                                     13 ; ram data
                                     14 ;--------------------------------------------------------
                                     15 	.area DATA
                                     16 ;--------------------------------------------------------
                                     17 ; ram data
                                     18 ;--------------------------------------------------------
                                     19 	.area INITIALIZED
                                     20 ;--------------------------------------------------------
                                     21 ; absolute external ram data
                                     22 ;--------------------------------------------------------
                                     23 	.area DABS (ABS)
                                     24 
                                     25 ; default segment ordering for linker
                                     26 	.area HOME
                                     27 	.area GSINIT
                                     28 	.area GSFINAL
                                     29 	.area CONST
                                     30 	.area INITIALIZER
                                     31 	.area CODE
                                     32 
                                     33 ;--------------------------------------------------------
                                     34 ; global & static initialisations
                                     35 ;--------------------------------------------------------
                                     36 	.area HOME
                                     37 	.area GSINIT
                                     38 	.area GSFINAL
                                     39 	.area GSINIT
                                     40 ;--------------------------------------------------------
                                     41 ; Home
                                     42 ;--------------------------------------------------------
                                     43 	.area HOME
                                     44 	.area HOME
                                     45 ;--------------------------------------------------------
                                     46 ; code
                                     47 ;--------------------------------------------------------
                                     48 	.area CODE
                                     49 ;	../isspace.c: 37: int isspace (int c)
                                     50 ;	-----------------------------------------
                                     51 ;	 function isspace
                                     52 ;	-----------------------------------------
      000000                         53 _isspace:
                                     54 ;	../isspace.c: 39: return (c == ' ' || c == '\f' || c == '\n' || c == '\r' || c == '\t' || c == '\v');
      000000 1E 04            [ 2]   55 	ldw	x, (0x04, sp)
      000002 A3 00 20         [ 2]   56 	cpw	x, #0x0020
      000005 27 25            [ 1]   57 	jreq	00104$
      000007 1E 04            [ 2]   58 	ldw	x, (0x04, sp)
      000009 A3 00 0C         [ 2]   59 	cpw	x, #0x000c
      00000C 27 1E            [ 1]   60 	jreq	00104$
      00000E 1E 04            [ 2]   61 	ldw	x, (0x04, sp)
      000010 A3 00 0A         [ 2]   62 	cpw	x, #0x000a
      000013 27 17            [ 1]   63 	jreq	00104$
      000015 1E 04            [ 2]   64 	ldw	x, (0x04, sp)
      000017 A3 00 0D         [ 2]   65 	cpw	x, #0x000d
      00001A 27 10            [ 1]   66 	jreq	00104$
      00001C 1E 04            [ 2]   67 	ldw	x, (0x04, sp)
      00001E A3 00 09         [ 2]   68 	cpw	x, #0x0009
      000021 27 09            [ 1]   69 	jreq	00104$
      000023 1E 04            [ 2]   70 	ldw	x, (0x04, sp)
      000025 A3 00 0B         [ 2]   71 	cpw	x, #0x000b
      000028 27 02            [ 1]   72 	jreq	00104$
      00002A 4F               [ 1]   73 	clr	a
      00002B C5                      74 	.byte 0xc5
      00002C                         75 00104$:
      00002C A6 01            [ 1]   76 	ld	a, #0x01
      00002E                         77 00105$:
      00002E 5F               [ 1]   78 	clrw	x
      00002F 97               [ 1]   79 	ld	xl, a
                                     80 ;	../isspace.c: 40: }
      000030 87               [ 5]   81 	retf
                                     82 	.area CODE
                                     83 	.area CONST
                                     84 	.area INITIALIZER
                                     85 	.area CABS (ABS)
