                                      1 ;--------------------------------------------------------
                                      2 ; File Created by SDCC : free open source ANSI-C Compiler
                                      3 ; Version 3.9.3 #11345 (Linux)
                                      4 ;--------------------------------------------------------
                                      5 	.module labs
                                      6 	.optsdcc -mstm8
                                      7 	
                                      8 ;--------------------------------------------------------
                                      9 ; Public variables in this module
                                     10 ;--------------------------------------------------------
                                     11 	.globl _labs
                                     12 ;--------------------------------------------------------
                                     13 ; ram data
                                     14 ;--------------------------------------------------------
                                     15 	.area DATA
                                     16 ;--------------------------------------------------------
                                     17 ; ram data
                                     18 ;--------------------------------------------------------
                                     19 	.area INITIALIZED
                                     20 ;--------------------------------------------------------
                                     21 ; absolute external ram data
                                     22 ;--------------------------------------------------------
                                     23 	.area DABS (ABS)
                                     24 
                                     25 ; default segment ordering for linker
                                     26 	.area HOME
                                     27 	.area GSINIT
                                     28 	.area GSFINAL
                                     29 	.area CONST
                                     30 	.area INITIALIZER
                                     31 	.area CODE
                                     32 
                                     33 ;--------------------------------------------------------
                                     34 ; global & static initialisations
                                     35 ;--------------------------------------------------------
                                     36 	.area HOME
                                     37 	.area GSINIT
                                     38 	.area GSFINAL
                                     39 	.area GSINIT
                                     40 ;--------------------------------------------------------
                                     41 ; Home
                                     42 ;--------------------------------------------------------
                                     43 	.area HOME
                                     44 	.area HOME
                                     45 ;--------------------------------------------------------
                                     46 ; code
                                     47 ;--------------------------------------------------------
                                     48 	.area CODE
                                     49 ;	../labs.c: 63: long int labs(long int j)
                                     50 ;	-----------------------------------------
                                     51 ;	 function labs
                                     52 ;	-----------------------------------------
      000000                         53 _labs:
                                     54 ;	../labs.c: 65: return (j < 0) ? -j : j;
      000000 0D 04            [ 1]   55 	tnz	(0x04, sp)
      000002 2A 0D            [ 1]   56 	jrpl	00103$
      000004 1E 06            [ 2]   57 	ldw	x, (0x06, sp)
      000006 50               [ 2]   58 	negw	x
      000007 16 04            [ 2]   59 	ldw	y, (0x04, sp)
      000009 24 02            [ 1]   60 	jrnc	00111$
      00000B 90 5C            [ 1]   61 	incw	y
      00000D                         62 00111$:
      00000D 90 50            [ 2]   63 	negw	y
      00000F 20 04            [ 2]   64 	jra	00104$
      000011                         65 00103$:
      000011 1E 06            [ 2]   66 	ldw	x, (0x06, sp)
      000013 16 04            [ 2]   67 	ldw	y, (0x04, sp)
      000015                         68 00104$:
                                     69 ;	../labs.c: 66: }
      000015 87               [ 5]   70 	retf
                                     71 	.area CODE
                                     72 	.area CONST
                                     73 	.area INITIALIZER
                                     74 	.area CABS (ABS)
