                                      1 ;--------------------------------------------------------
                                      2 ; File Created by SDCC : free open source ANSI-C Compiler
                                      3 ; Version 3.9.3 #11345 (Linux)
                                      4 ;--------------------------------------------------------
                                      5 	.module mbrtoc16
                                      6 	.optsdcc -mstm8
                                      7 	
                                      8 ;--------------------------------------------------------
                                      9 ; Public variables in this module
                                     10 ;--------------------------------------------------------
                                     11 	.globl _mbrtowc
                                     12 	.globl _mbrtoc16
                                     13 ;--------------------------------------------------------
                                     14 ; ram data
                                     15 ;--------------------------------------------------------
                                     16 	.area DATA
      000000                         17 _mbrtoc16_sps_65536_16:
      000000                         18 	.ds 3
                                     19 ;--------------------------------------------------------
                                     20 ; ram data
                                     21 ;--------------------------------------------------------
                                     22 	.area INITIALIZED
                                     23 ;--------------------------------------------------------
                                     24 ; absolute external ram data
                                     25 ;--------------------------------------------------------
                                     26 	.area DABS (ABS)
                                     27 
                                     28 ; default segment ordering for linker
                                     29 	.area HOME
                                     30 	.area GSINIT
                                     31 	.area GSFINAL
                                     32 	.area CONST
                                     33 	.area INITIALIZER
                                     34 	.area CODE
                                     35 
                                     36 ;--------------------------------------------------------
                                     37 ; global & static initialisations
                                     38 ;--------------------------------------------------------
                                     39 	.area HOME
                                     40 	.area GSINIT
                                     41 	.area GSFINAL
                                     42 	.area GSINIT
                                     43 ;--------------------------------------------------------
                                     44 ; Home
                                     45 ;--------------------------------------------------------
                                     46 	.area HOME
                                     47 	.area HOME
                                     48 ;--------------------------------------------------------
                                     49 ; code
                                     50 ;--------------------------------------------------------
                                     51 	.area CODE
                                     52 ;	../mbrtoc16.c: 34: size_t mbrtoc16(char16_t *restrict pc16, const char *restrict s, size_t n, mbstate_t *restrict ps)
                                     53 ;	-----------------------------------------
                                     54 ;	 function mbrtoc16
                                     55 ;	-----------------------------------------
      000000                         56 _mbrtoc16:
      000000 52 0E            [ 2]   57 	sub	sp, #14
                                     58 ;	../mbrtoc16.c: 41: if(!s)
      000002 1E 14            [ 2]   59 	ldw	x, (0x14, sp)
      000004 26 17            [ 1]   60 	jrne	00102$
                                     61 ;	../mbrtoc16.c: 42: return(mbrtoc16(0, "", 1, ps));
      000006 1E 18            [ 2]   62 	ldw	x, (0x18, sp)
      000008 89               [ 2]   63 	pushw	x
      000009 4B 01            [ 1]   64 	push	#0x01
      00000B 4B 00            [ 1]   65 	push	#0x00
      00000D 4Br00            [ 1]   66 	push	#<(___str_0 + 0)
      00000F 4Bs00            [ 1]   67 	push	#((___str_0 + 0) >> 8)
      000011 5F               [ 1]   68 	clrw	x
      000012 89               [ 2]   69 	pushw	x
      000013 8Ds00r00r00      [ 5]   70 	callf	_mbrtoc16
      000017 5B 08            [ 2]   71 	addw	sp, #8
      000019 ACs00r00rE4      [ 2]   72 	jpf	00119$
      00001D                         73 00102$:
                                     74 ;	../mbrtoc16.c: 44: if(!ps)
      00001D 1E 18            [ 2]   75 	ldw	x, (0x18, sp)
      00001F 26 05            [ 1]   76 	jrne	00104$
                                     77 ;	../mbrtoc16.c: 45: ps = &sps;
      000021 AEr00r00         [ 2]   78 	ldw	x, #(_mbrtoc16_sps_65536_16 + 0)
      000024 1F 18            [ 2]   79 	ldw	(0x18, sp), x
      000026                         80 00104$:
                                     81 ;	../mbrtoc16.c: 47: if(!ps->c[0] && (ps->c[1] || ps->c[2]))
      000026 16 18            [ 2]   82 	ldw	y, (0x18, sp)
      000028 17 07            [ 2]   83 	ldw	(0x07, sp), y
      00002A 93               [ 1]   84 	ldw	x, y
      00002B F6               [ 1]   85 	ld	a, (x)
                                     86 ;	../mbrtoc16.c: 50: *pc16 = ps->c[1] + (ps->c[2] << 8);
      00002C 16 12            [ 2]   87 	ldw	y, (0x12, sp)
      00002E 17 05            [ 2]   88 	ldw	(0x05, sp), y
                                     89 ;	../mbrtoc16.c: 47: if(!ps->c[0] && (ps->c[1] || ps->c[2]))
      000030 1E 07            [ 2]   90 	ldw	x, (0x07, sp)
      000032 5C               [ 1]   91 	incw	x
      000033 1F 09            [ 2]   92 	ldw	(0x09, sp), x
      000035 1E 07            [ 2]   93 	ldw	x, (0x07, sp)
      000037 5C               [ 1]   94 	incw	x
      000038 5C               [ 1]   95 	incw	x
      000039 1F 0B            [ 2]   96 	ldw	(0x0b, sp), x
      00003B 4D               [ 1]   97 	tnz	a
      00003C 26 3C            [ 1]   98 	jrne	00108$
      00003E 1E 09            [ 2]   99 	ldw	x, (0x09, sp)
      000040 F6               [ 1]  100 	ld	a, (x)
      000041 26 05            [ 1]  101 	jrne	00107$
      000043 1E 0B            [ 2]  102 	ldw	x, (0x0b, sp)
      000045 F6               [ 1]  103 	ld	a, (x)
      000046 27 32            [ 1]  104 	jreq	00108$
      000048                        105 00107$:
                                    106 ;	../mbrtoc16.c: 50: *pc16 = ps->c[1] + (ps->c[2] << 8);
      000048 16 18            [ 2]  107 	ldw	y, (0x18, sp)
      00004A 93               [ 1]  108 	ldw	x, y
      00004B 5C               [ 1]  109 	incw	x
      00004C 1F 07            [ 2]  110 	ldw	(0x07, sp), x
      00004E 93               [ 1]  111 	ldw	x, y
      00004F 5C               [ 1]  112 	incw	x
      000050 5C               [ 1]  113 	incw	x
      000051 1F 09            [ 2]  114 	ldw	(0x09, sp), x
                                    115 ;	../mbrtoc16.c: 49: if(pc16)
      000053 1E 12            [ 2]  116 	ldw	x, (0x12, sp)
      000055 27 18            [ 1]  117 	jreq	00106$
                                    118 ;	../mbrtoc16.c: 50: *pc16 = ps->c[1] + (ps->c[2] << 8);
      000057 1E 07            [ 2]  119 	ldw	x, (0x07, sp)
      000059 F6               [ 1]  120 	ld	a, (x)
      00005A 6B 0C            [ 1]  121 	ld	(0x0c, sp), a
      00005C 0F 0B            [ 1]  122 	clr	(0x0b, sp)
      00005E 16 09            [ 2]  123 	ldw	y, (0x09, sp)
      000060 90 F6            [ 1]  124 	ld	a, (y)
      000062 95               [ 1]  125 	ld	xh, a
      000063 0F 0E            [ 1]  126 	clr	(0x0e, sp)
      000065 7B 0E            [ 1]  127 	ld	a, (0x0e, sp)
      000067 97               [ 1]  128 	ld	xl, a
      000068 72 FB 0B         [ 2]  129 	addw	x, (0x0b, sp)
      00006B 16 05            [ 2]  130 	ldw	y, (0x05, sp)
      00006D 90 FF            [ 2]  131 	ldw	(y), x
      00006F                        132 00106$:
                                    133 ;	../mbrtoc16.c: 51: ps->c[1] = ps->c[2] = 0;
      00006F 1E 09            [ 2]  134 	ldw	x, (0x09, sp)
      000071 7F               [ 1]  135 	clr	(x)
      000072 1E 07            [ 2]  136 	ldw	x, (0x07, sp)
      000074 7F               [ 1]  137 	clr	(x)
                                    138 ;	../mbrtoc16.c: 52: return(-3);
      000075 AE FF FD         [ 2]  139 	ldw	x, #0xfffd
      000078 20 6A            [ 2]  140 	jra	00119$
      00007A                        141 00108$:
                                    142 ;	../mbrtoc16.c: 55: ret = mbrtowc(&codepoint, s, n, ps);
      00007A 96               [ 1]  143 	ldw	x, sp
      00007B 5C               [ 1]  144 	incw	x
      00007C 51               [ 1]  145 	exgw	x, y
      00007D 1E 18            [ 2]  146 	ldw	x, (0x18, sp)
      00007F 89               [ 2]  147 	pushw	x
      000080 1E 18            [ 2]  148 	ldw	x, (0x18, sp)
      000082 89               [ 2]  149 	pushw	x
      000083 1E 18            [ 2]  150 	ldw	x, (0x18, sp)
      000085 89               [ 2]  151 	pushw	x
      000086 90 89            [ 2]  152 	pushw	y
      000088 8Ds00r00r00      [ 5]  153 	callf	_mbrtowc
      00008C 5B 08            [ 2]  154 	addw	sp, #8
                                    155 ;	../mbrtoc16.c: 57: if(ret > MB_LEN_MAX)
      00008E 1F 0D            [ 2]  156 	ldw	(0x0d, sp), x
      000090 A3 00 04         [ 2]  157 	cpw	x, #0x0004
      000093 23 04            [ 2]  158 	jrule	00112$
                                    159 ;	../mbrtoc16.c: 58: return(ret);
      000095 1E 0D            [ 2]  160 	ldw	x, (0x0d, sp)
      000097 20 4B            [ 2]  161 	jra	00119$
      000099                        162 00112$:
                                    163 ;	../mbrtoc16.c: 60: if (codepoint <= 0xffff) // Basic multilingual plane
      000099 1E 01            [ 2]  164 	ldw	x, (0x01, sp)
      00009B 26 0D            [ 1]  165 	jrne	00116$
                                    166 ;	../mbrtoc16.c: 62: if(pc16)
      00009D 1E 12            [ 2]  167 	ldw	x, (0x12, sp)
      00009F 27 05            [ 1]  168 	jreq	00114$
                                    169 ;	../mbrtoc16.c: 63: *pc16 = codepoint;
      0000A1 16 03            [ 2]  170 	ldw	y, (0x03, sp)
      0000A3 1E 05            [ 2]  171 	ldw	x, (0x05, sp)
      0000A5 FF               [ 2]  172 	ldw	(x), y
      0000A6                        173 00114$:
                                    174 ;	../mbrtoc16.c: 64: return(ret);
      0000A6 1E 0D            [ 2]  175 	ldw	x, (0x0d, sp)
      0000A8 20 3A            [ 2]  176 	jra	00119$
      0000AA                        177 00116$:
                                    178 ;	../mbrtoc16.c: 67: codepoint -= 0x100000;
      0000AA 16 03            [ 2]  179 	ldw	y, (0x03, sp)
      0000AC 1E 01            [ 2]  180 	ldw	x, (0x01, sp)
      0000AE 1D 00 10         [ 2]  181 	subw	x, #0x0010
      0000B1 17 03            [ 2]  182 	ldw	(0x03, sp), y
      0000B3 1F 01            [ 2]  183 	ldw	(0x01, sp), x
                                    184 ;	../mbrtoc16.c: 68: if(pc16)
      0000B5 1E 12            [ 2]  185 	ldw	x, (0x12, sp)
      0000B7 27 13            [ 1]  186 	jreq	00118$
                                    187 ;	../mbrtoc16.c: 69: *pc16 = ((codepoint >> 10) & 0x3ff) + 0xd800;
      0000B9 1E 02            [ 2]  188 	ldw	x, (0x02, sp)
      0000BB 7B 01            [ 1]  189 	ld	a, (0x01, sp)
      0000BD 44               [ 1]  190 	srl	a
      0000BE 56               [ 2]  191 	rrcw	x
      0000BF 44               [ 1]  192 	srl	a
      0000C0 56               [ 2]  193 	rrcw	x
      0000C1 9E               [ 1]  194 	ld	a, xh
      0000C2 A4 03            [ 1]  195 	and	a, #0x03
      0000C4 95               [ 1]  196 	ld	xh, a
      0000C5 1C D8 00         [ 2]  197 	addw	x, #0xd800
      0000C8 16 05            [ 2]  198 	ldw	y, (0x05, sp)
      0000CA 90 FF            [ 2]  199 	ldw	(y), x
      0000CC                        200 00118$:
                                    201 ;	../mbrtoc16.c: 70: low_surrogate = (codepoint & 0x3ff) + 0xdc00;
      0000CC 1E 03            [ 2]  202 	ldw	x, (0x03, sp)
      0000CE 9E               [ 1]  203 	ld	a, xh
      0000CF A4 03            [ 1]  204 	and	a, #0x03
      0000D1 95               [ 1]  205 	ld	xh, a
      0000D2 1C DC 00         [ 2]  206 	addw	x, #0xdc00
                                    207 ;	../mbrtoc16.c: 71: ps->c[0] = 0;
      0000D5 16 07            [ 2]  208 	ldw	y, (0x07, sp)
      0000D7 90 7F            [ 1]  209 	clr	(y)
                                    210 ;	../mbrtoc16.c: 72: ps->c[1] = low_surrogate & 0xff;
      0000D9 9F               [ 1]  211 	ld	a, xl
      0000DA 16 09            [ 2]  212 	ldw	y, (0x09, sp)
      0000DC 90 F7            [ 1]  213 	ld	(y), a
                                    214 ;	../mbrtoc16.c: 73: ps->c[2] = low_surrogate >> 8;
      0000DE 9E               [ 1]  215 	ld	a, xh
      0000DF 1E 0B            [ 2]  216 	ldw	x, (0x0b, sp)
      0000E1 F7               [ 1]  217 	ld	(x), a
                                    218 ;	../mbrtoc16.c: 75: return(ret);
      0000E2 1E 0D            [ 2]  219 	ldw	x, (0x0d, sp)
      0000E4                        220 00119$:
                                    221 ;	../mbrtoc16.c: 76: }
      0000E4 5B 0E            [ 2]  222 	addw	sp, #14
      0000E6 87               [ 5]  223 	retf
                                    224 	.area CODE
                                    225 	.area CONST
                                    226 	.area CONST
      000000                        227 ___str_0:
      000000 00                     228 	.db 0x00
                                    229 	.area CODE
                                    230 	.area INITIALIZER
                                    231 	.area CABS (ABS)
