                                      1 ;--------------------------------------------------------
                                      2 ; File Created by SDCC : free open source ANSI-C Compiler
                                      3 ; Version 3.9.3 #11345 (Linux)
                                      4 ;--------------------------------------------------------
                                      5 	.module mbsinit
                                      6 	.optsdcc -mstm8
                                      7 	
                                      8 ;--------------------------------------------------------
                                      9 ; Public variables in this module
                                     10 ;--------------------------------------------------------
                                     11 	.globl _mbsinit
                                     12 ;--------------------------------------------------------
                                     13 ; ram data
                                     14 ;--------------------------------------------------------
                                     15 	.area DATA
                                     16 ;--------------------------------------------------------
                                     17 ; ram data
                                     18 ;--------------------------------------------------------
                                     19 	.area INITIALIZED
                                     20 ;--------------------------------------------------------
                                     21 ; absolute external ram data
                                     22 ;--------------------------------------------------------
                                     23 	.area DABS (ABS)
                                     24 
                                     25 ; default segment ordering for linker
                                     26 	.area HOME
                                     27 	.area GSINIT
                                     28 	.area GSFINAL
                                     29 	.area CONST
                                     30 	.area INITIALIZER
                                     31 	.area CODE
                                     32 
                                     33 ;--------------------------------------------------------
                                     34 ; global & static initialisations
                                     35 ;--------------------------------------------------------
                                     36 	.area HOME
                                     37 	.area GSINIT
                                     38 	.area GSFINAL
                                     39 	.area GSINIT
                                     40 ;--------------------------------------------------------
                                     41 ; Home
                                     42 ;--------------------------------------------------------
                                     43 	.area HOME
                                     44 	.area HOME
                                     45 ;--------------------------------------------------------
                                     46 ; code
                                     47 ;--------------------------------------------------------
                                     48 	.area CODE
                                     49 ;	../mbsinit.c: 31: int mbsinit(const mbstate_t *ps)
                                     50 ;	-----------------------------------------
                                     51 ;	 function mbsinit
                                     52 ;	-----------------------------------------
      000000                         53 _mbsinit:
                                     54 ;	../mbsinit.c: 33: return(!ps || !ps->c[0] && !ps->c[1] && !ps->c[2]);
      000000 1E 04            [ 2]   55 	ldw	x, (0x04, sp)
      000002 27 10            [ 1]   56 	jreq	00104$
      000004 F6               [ 1]   57 	ld	a, (x)
      000005 26 0B            [ 1]   58 	jrne	00103$
      000007 90 93            [ 1]   59 	ldw	y, x
      000009 90 E6 01         [ 1]   60 	ld	a, (0x1, y)
      00000C 26 04            [ 1]   61 	jrne	00103$
      00000E E6 02            [ 1]   62 	ld	a, (0x2, x)
      000010 27 02            [ 1]   63 	jreq	00104$
      000012                         64 00103$:
      000012 4F               [ 1]   65 	clr	a
      000013 C5                      66 	.byte 0xc5
      000014                         67 00104$:
      000014 A6 01            [ 1]   68 	ld	a, #0x01
      000016                         69 00105$:
      000016 5F               [ 1]   70 	clrw	x
      000017 97               [ 1]   71 	ld	xl, a
                                     72 ;	../mbsinit.c: 34: }
      000018 87               [ 5]   73 	retf
                                     74 	.area CODE
                                     75 	.area CONST
                                     76 	.area INITIALIZER
                                     77 	.area CABS (ABS)
