                                      1 ;--------------------------------------------------------
                                      2 ; File Created by SDCC : free open source ANSI-C Compiler
                                      3 ; Version 3.9.3 #11345 (Linux)
                                      4 ;--------------------------------------------------------
                                      5 	.module sincoshf
                                      6 	.optsdcc -mstm8
                                      7 	
                                      8 ;--------------------------------------------------------
                                      9 ; Public variables in this module
                                     10 ;--------------------------------------------------------
                                     11 	.globl _sincoshf
                                     12 	.globl _expf
                                     13 ;--------------------------------------------------------
                                     14 ; ram data
                                     15 ;--------------------------------------------------------
                                     16 	.area DATA
                                     17 ;--------------------------------------------------------
                                     18 ; ram data
                                     19 ;--------------------------------------------------------
                                     20 	.area INITIALIZED
                                     21 ;--------------------------------------------------------
                                     22 ; absolute external ram data
                                     23 ;--------------------------------------------------------
                                     24 	.area DABS (ABS)
                                     25 
                                     26 ; default segment ordering for linker
                                     27 	.area HOME
                                     28 	.area GSINIT
                                     29 	.area GSFINAL
                                     30 	.area CONST
                                     31 	.area INITIALIZER
                                     32 	.area CODE
                                     33 
                                     34 ;--------------------------------------------------------
                                     35 ; global & static initialisations
                                     36 ;--------------------------------------------------------
                                     37 	.area HOME
                                     38 	.area GSINIT
                                     39 	.area GSFINAL
                                     40 	.area GSINIT
                                     41 ;--------------------------------------------------------
                                     42 ; Home
                                     43 ;--------------------------------------------------------
                                     44 	.area HOME
                                     45 	.area HOME
                                     46 ;--------------------------------------------------------
                                     47 ; code
                                     48 ;--------------------------------------------------------
                                     49 	.area CODE
                                     50 ;	../sincoshf.c: 56: float sincoshf(float x, bool iscosh)
                                     51 ;	-----------------------------------------
                                     52 ;	 function sincoshf
                                     53 ;	-----------------------------------------
      000000                         54 _sincoshf:
      000000 52 0A            [ 2]   55 	sub	sp, #10
                                     56 ;	../sincoshf.c: 62: else { y=x;  sign=0; }
      000002 16 10            [ 2]   57 	ldw	y, (0x10, sp)
      000004 17 03            [ 2]   58 	ldw	(0x03, sp), y
      000006 16 0E            [ 2]   59 	ldw	y, (0x0e, sp)
      000008 17 01            [ 2]   60 	ldw	(0x01, sp), y
                                     61 ;	../sincoshf.c: 61: if (x<0.0) { y=-x; sign=1; }
      00000A 5F               [ 1]   62 	clrw	x
      00000B 89               [ 2]   63 	pushw	x
      00000C 5F               [ 1]   64 	clrw	x
      00000D 89               [ 2]   65 	pushw	x
      00000E 1E 14            [ 2]   66 	ldw	x, (0x14, sp)
      000010 89               [ 2]   67 	pushw	x
      000011 1E 14            [ 2]   68 	ldw	x, (0x14, sp)
      000013 89               [ 2]   69 	pushw	x
      000014 8Ds00r00r00      [ 5]   70 	callf	___fslt
      000018 5B 08            [ 2]   71 	addw	sp, #8
      00001A 6B 0A            [ 1]   72 	ld	(0x0a, sp), a
      00001C 27 11            [ 1]   73 	jreq	00102$
      00001E 16 10            [ 2]   74 	ldw	y, (0x10, sp)
      000020 1E 0E            [ 2]   75 	ldw	x, (0x0e, sp)
      000022 58               [ 2]   76 	sllw	x
      000023 8C               [ 1]   77 	ccf
      000024 56               [ 2]   78 	rrcw	x
      000025 17 07            [ 2]   79 	ldw	(0x07, sp), y
      000027 1F 05            [ 2]   80 	ldw	(0x05, sp), x
      000029 A6 01            [ 1]   81 	ld	a, #0x01
      00002B 6B 09            [ 1]   82 	ld	(0x09, sp), a
      00002D 20 0A            [ 2]   83 	jra	00103$
      00002F                         84 00102$:
                                     85 ;	../sincoshf.c: 62: else { y=x;  sign=0; }
      00002F 16 03            [ 2]   86 	ldw	y, (0x03, sp)
      000031 17 07            [ 2]   87 	ldw	(0x07, sp), y
      000033 16 01            [ 2]   88 	ldw	y, (0x01, sp)
      000035 17 05            [ 2]   89 	ldw	(0x05, sp), y
      000037 0F 09            [ 1]   90 	clr	(0x09, sp)
      000039                         91 00103$:
                                     92 ;	../sincoshf.c: 64: if ((y>1.0) || iscosh)
      000039 1E 07            [ 2]   93 	ldw	x, (0x07, sp)
      00003B 89               [ 2]   94 	pushw	x
      00003C 1E 07            [ 2]   95 	ldw	x, (0x07, sp)
      00003E 89               [ 2]   96 	pushw	x
      00003F 5F               [ 1]   97 	clrw	x
      000040 89               [ 2]   98 	pushw	x
      000041 4B 80            [ 1]   99 	push	#0x80
      000043 4B 3F            [ 1]  100 	push	#0x3f
      000045 8Ds00r00r00      [ 5]  101 	callf	___fslt
      000049 5B 08            [ 2]  102 	addw	sp, #8
      00004B 6B 0A            [ 1]  103 	ld	(0x0a, sp), a
      00004D 26 08            [ 1]  104 	jrne	00117$
      00004F 0D 12            [ 1]  105 	tnz	(0x12, sp)
      000051 26 04            [ 1]  106 	jrne	00160$
      000053 ACs00r01r50      [ 2]  107 	jpf	00118$
      000057                        108 00160$:
      000057                        109 00117$:
                                    110 ;	../sincoshf.c: 66: if(y>YBAR)
      000057 1E 07            [ 2]  111 	ldw	x, (0x07, sp)
      000059 89               [ 2]  112 	pushw	x
      00005A 1E 07            [ 2]  113 	ldw	x, (0x07, sp)
      00005C 89               [ 2]  114 	pushw	x
      00005D 5F               [ 1]  115 	clrw	x
      00005E 89               [ 2]  116 	pushw	x
      00005F 4B 10            [ 1]  117 	push	#0x10
      000061 4B 41            [ 1]  118 	push	#0x41
      000063 8Ds00r00r00      [ 5]  119 	callf	___fslt
      000067 5B 08            [ 2]  120 	addw	sp, #8
      000069 6B 0A            [ 1]  121 	ld	(0x0a, sp), a
      00006B 27 78            [ 1]  122 	jreq	00110$
                                    123 ;	../sincoshf.c: 68: w=y-K1;
      00006D 4B 00            [ 1]  124 	push	#0x00
      00006F 4B 73            [ 1]  125 	push	#0x73
      000071 4B 31            [ 1]  126 	push	#0x31
      000073 4B 3F            [ 1]  127 	push	#0x3f
      000075 1E 0B            [ 2]  128 	ldw	x, (0x0b, sp)
      000077 89               [ 2]  129 	pushw	x
      000078 1E 0B            [ 2]  130 	ldw	x, (0x0b, sp)
      00007A 89               [ 2]  131 	pushw	x
      00007B 8Ds00r00r00      [ 5]  132 	callf	___fssub
      00007F 5B 08            [ 2]  133 	addw	sp, #8
                                    134 ;	../sincoshf.c: 69: if (w>WMAX)
      000081 89               [ 2]  135 	pushw	x
      000082 90 89            [ 2]  136 	pushw	y
      000084 89               [ 2]  137 	pushw	x
      000085 90 89            [ 2]  138 	pushw	y
      000087 4B CF            [ 1]  139 	push	#0xcf
      000089 4B BD            [ 1]  140 	push	#0xbd
      00008B 4B 33            [ 1]  141 	push	#0x33
      00008D 4B 42            [ 1]  142 	push	#0x42
      00008F 8Ds00r00r00      [ 5]  143 	callf	___fslt
      000093 5B 08            [ 2]  144 	addw	sp, #8
      000095 90 85            [ 2]  145 	popw	y
      000097 85               [ 2]  146 	popw	x
      000098 4D               [ 1]  147 	tnz	a
      000099 27 14            [ 1]  148 	jreq	00105$
                                    149 ;	../sincoshf.c: 71: errno=ERANGE;
      00009B AE 00 22         [ 2]  150 	ldw	x, #0x0022
      00009E CFu00u00         [ 2]  151 	ldw	_errno+0, x
                                    152 ;	../sincoshf.c: 72: z=HUGE_VALF;
      0000A1 AE FF FF         [ 2]  153 	ldw	x, #0xffff
      0000A4 1F 07            [ 2]  154 	ldw	(0x07, sp), x
      0000A6 AE 7F 7F         [ 2]  155 	ldw	x, #0x7f7f
      0000A9 1F 05            [ 2]  156 	ldw	(0x05, sp), x
      0000AB ACs00r01r39      [ 2]  157 	jpf	00111$
      0000AF                        158 00105$:
                                    159 ;	../sincoshf.c: 76: z=expf(w);
      0000AF 89               [ 2]  160 	pushw	x
      0000B0 90 89            [ 2]  161 	pushw	y
      0000B2 8Ds00r00r00      [ 5]  162 	callf	_expf
      0000B6 5B 04            [ 2]  163 	addw	sp, #4
      0000B8 1F 07            [ 2]  164 	ldw	(0x07, sp), x
      0000BA 17 05            [ 2]  165 	ldw	(0x05, sp), y
                                    166 ;	../sincoshf.c: 77: z+=K3*z;
      0000BC 1E 07            [ 2]  167 	ldw	x, (0x07, sp)
      0000BE 89               [ 2]  168 	pushw	x
      0000BF 1E 07            [ 2]  169 	ldw	x, (0x07, sp)
      0000C1 89               [ 2]  170 	pushw	x
      0000C2 4B 97            [ 1]  171 	push	#0x97
      0000C4 4B 08            [ 1]  172 	push	#0x08
      0000C6 4B 68            [ 1]  173 	push	#0x68
      0000C8 4B 37            [ 1]  174 	push	#0x37
      0000CA 8Ds00r00r00      [ 5]  175 	callf	___fsmul
      0000CE 5B 08            [ 2]  176 	addw	sp, #8
      0000D0 89               [ 2]  177 	pushw	x
      0000D1 90 89            [ 2]  178 	pushw	y
      0000D3 1E 0B            [ 2]  179 	ldw	x, (0x0b, sp)
      0000D5 89               [ 2]  180 	pushw	x
      0000D6 1E 0B            [ 2]  181 	ldw	x, (0x0b, sp)
      0000D8 89               [ 2]  182 	pushw	x
      0000D9 8Ds00r00r00      [ 5]  183 	callf	___fsadd
      0000DD 5B 08            [ 2]  184 	addw	sp, #8
      0000DF 1F 07            [ 2]  185 	ldw	(0x07, sp), x
      0000E1 17 05            [ 2]  186 	ldw	(0x05, sp), y
      0000E3 20 54            [ 2]  187 	jra	00111$
      0000E5                        188 00110$:
                                    189 ;	../sincoshf.c: 82: z=expf(y);
      0000E5 1E 07            [ 2]  190 	ldw	x, (0x07, sp)
      0000E7 89               [ 2]  191 	pushw	x
      0000E8 1E 07            [ 2]  192 	ldw	x, (0x07, sp)
      0000EA 89               [ 2]  193 	pushw	x
      0000EB 8Ds00r00r00      [ 5]  194 	callf	_expf
      0000EF 5B 04            [ 2]  195 	addw	sp, #4
      0000F1 1F 03            [ 2]  196 	ldw	(0x03, sp), x
      0000F3 17 01            [ 2]  197 	ldw	(0x01, sp), y
                                    198 ;	../sincoshf.c: 83: w=1.0/z;
      0000F5 1E 03            [ 2]  199 	ldw	x, (0x03, sp)
      0000F7 89               [ 2]  200 	pushw	x
      0000F8 1E 03            [ 2]  201 	ldw	x, (0x03, sp)
      0000FA 89               [ 2]  202 	pushw	x
      0000FB 5F               [ 1]  203 	clrw	x
      0000FC 89               [ 2]  204 	pushw	x
      0000FD 4B 80            [ 1]  205 	push	#0x80
      0000FF 4B 3F            [ 1]  206 	push	#0x3f
      000101 8Ds00r00r00      [ 5]  207 	callf	___fsdiv
      000105 5B 08            [ 2]  208 	addw	sp, #8
      000107 51               [ 1]  209 	exgw	x, y
      000108 17 07            [ 2]  210 	ldw	(0x07, sp), y
                                    211 ;	../sincoshf.c: 84: if(!iscosh) w=-w;
      00010A 0D 12            [ 1]  212 	tnz	(0x12, sp)
      00010C 26 07            [ 1]  213 	jrne	00108$
      00010E 16 07            [ 2]  214 	ldw	y, (0x07, sp)
      000110 58               [ 2]  215 	sllw	x
      000111 8C               [ 1]  216 	ccf
      000112 56               [ 2]  217 	rrcw	x
      000113 17 07            [ 2]  218 	ldw	(0x07, sp), y
      000115                        219 00108$:
                                    220 ;	../sincoshf.c: 85: z=(z+w)*0.5;
      000115 16 07            [ 2]  221 	ldw	y, (0x07, sp)
      000117 90 89            [ 2]  222 	pushw	y
      000119 89               [ 2]  223 	pushw	x
      00011A 1E 07            [ 2]  224 	ldw	x, (0x07, sp)
      00011C 89               [ 2]  225 	pushw	x
      00011D 1E 07            [ 2]  226 	ldw	x, (0x07, sp)
      00011F 89               [ 2]  227 	pushw	x
      000120 8Ds00r00r00      [ 5]  228 	callf	___fsadd
      000124 5B 08            [ 2]  229 	addw	sp, #8
      000126 89               [ 2]  230 	pushw	x
      000127 90 89            [ 2]  231 	pushw	y
      000129 5F               [ 1]  232 	clrw	x
      00012A 89               [ 2]  233 	pushw	x
      00012B 4B 00            [ 1]  234 	push	#0x00
      00012D 4B 3F            [ 1]  235 	push	#0x3f
      00012F 8Ds00r00r00      [ 5]  236 	callf	___fsmul
      000133 5B 08            [ 2]  237 	addw	sp, #8
      000135 1F 07            [ 2]  238 	ldw	(0x07, sp), x
      000137 17 05            [ 2]  239 	ldw	(0x05, sp), y
      000139                        240 00111$:
                                    241 ;	../sincoshf.c: 87: if(sign) z=-z;
      000139 0D 09            [ 1]  242 	tnz	(0x09, sp)
      00013B 26 04            [ 1]  243 	jrne	00164$
      00013D ACs00r02r0B      [ 2]  244 	jpf	00119$
      000141                        245 00164$:
      000141 16 07            [ 2]  246 	ldw	y, (0x07, sp)
      000143 1E 05            [ 2]  247 	ldw	x, (0x05, sp)
      000145 58               [ 2]  248 	sllw	x
      000146 8C               [ 1]  249 	ccf
      000147 56               [ 2]  250 	rrcw	x
      000148 17 07            [ 2]  251 	ldw	(0x07, sp), y
      00014A 1F 05            [ 2]  252 	ldw	(0x05, sp), x
      00014C ACs00r02r0B      [ 2]  253 	jpf	00119$
      000150                        254 00118$:
                                    255 ;	../sincoshf.c: 91: if (y<EPS)
      000150 5F               [ 1]  256 	clrw	x
      000151 89               [ 2]  257 	pushw	x
      000152 4B 80            [ 1]  258 	push	#0x80
      000154 4B 39            [ 1]  259 	push	#0x39
      000156 1E 0B            [ 2]  260 	ldw	x, (0x0b, sp)
      000158 89               [ 2]  261 	pushw	x
      000159 1E 0B            [ 2]  262 	ldw	x, (0x0b, sp)
      00015B 89               [ 2]  263 	pushw	x
      00015C 8Ds00r00r00      [ 5]  264 	callf	___fslt
      000160 5B 08            [ 2]  265 	addw	sp, #8
      000162 4D               [ 1]  266 	tnz	a
      000163 27 0C            [ 1]  267 	jreq	00115$
                                    268 ;	../sincoshf.c: 92: z=x;
      000165 16 03            [ 2]  269 	ldw	y, (0x03, sp)
      000167 17 07            [ 2]  270 	ldw	(0x07, sp), y
      000169 16 01            [ 2]  271 	ldw	y, (0x01, sp)
      00016B 17 05            [ 2]  272 	ldw	(0x05, sp), y
      00016D ACs00r02r0B      [ 2]  273 	jpf	00119$
      000171                        274 00115$:
                                    275 ;	../sincoshf.c: 95: z=x*x;
      000171 1E 10            [ 2]  276 	ldw	x, (0x10, sp)
      000173 89               [ 2]  277 	pushw	x
      000174 1E 10            [ 2]  278 	ldw	x, (0x10, sp)
      000176 89               [ 2]  279 	pushw	x
      000177 1E 14            [ 2]  280 	ldw	x, (0x14, sp)
      000179 89               [ 2]  281 	pushw	x
      00017A 1E 14            [ 2]  282 	ldw	x, (0x14, sp)
      00017C 89               [ 2]  283 	pushw	x
      00017D 8Ds00r00r00      [ 5]  284 	callf	___fsmul
      000181 5B 08            [ 2]  285 	addw	sp, #8
      000183 1F 05            [ 2]  286 	ldw	(0x05, sp), x
      000185 17 03            [ 2]  287 	ldw	(0x03, sp), y
                                    288 ;	../sincoshf.c: 96: z=x+x*z*P(z)/Q(z);
      000187 1E 05            [ 2]  289 	ldw	x, (0x05, sp)
      000189 89               [ 2]  290 	pushw	x
      00018A 1E 05            [ 2]  291 	ldw	x, (0x05, sp)
      00018C 89               [ 2]  292 	pushw	x
      00018D 1E 14            [ 2]  293 	ldw	x, (0x14, sp)
      00018F 89               [ 2]  294 	pushw	x
      000190 1E 14            [ 2]  295 	ldw	x, (0x14, sp)
      000192 89               [ 2]  296 	pushw	x
      000193 8Ds00r00r00      [ 5]  297 	callf	___fsmul
      000197 5B 08            [ 2]  298 	addw	sp, #8
      000199 1F 09            [ 2]  299 	ldw	(0x09, sp), x
      00019B 17 07            [ 2]  300 	ldw	(0x07, sp), y
      00019D 1E 05            [ 2]  301 	ldw	x, (0x05, sp)
      00019F 89               [ 2]  302 	pushw	x
      0001A0 1E 05            [ 2]  303 	ldw	x, (0x05, sp)
      0001A2 89               [ 2]  304 	pushw	x
      0001A3 4B EA            [ 1]  305 	push	#0xea
      0001A5 4B E6            [ 1]  306 	push	#0xe6
      0001A7 4B 42            [ 1]  307 	push	#0x42
      0001A9 4B BE            [ 1]  308 	push	#0xbe
      0001AB 8Ds00r00r00      [ 5]  309 	callf	___fsmul
      0001AF 5B 08            [ 2]  310 	addw	sp, #8
      0001B1 4B F0            [ 1]  311 	push	#0xf0
      0001B3 4B 69            [ 1]  312 	push	#0x69
      0001B5 4B E4            [ 1]  313 	push	#0xe4
      0001B7 4B C0            [ 1]  314 	push	#0xc0
      0001B9 89               [ 2]  315 	pushw	x
      0001BA 90 89            [ 2]  316 	pushw	y
      0001BC 8Ds00r00r00      [ 5]  317 	callf	___fsadd
      0001C0 5B 08            [ 2]  318 	addw	sp, #8
      0001C2 89               [ 2]  319 	pushw	x
      0001C3 90 89            [ 2]  320 	pushw	y
      0001C5 1E 0D            [ 2]  321 	ldw	x, (0x0d, sp)
      0001C7 89               [ 2]  322 	pushw	x
      0001C8 1E 0D            [ 2]  323 	ldw	x, (0x0d, sp)
      0001CA 89               [ 2]  324 	pushw	x
      0001CB 8Ds00r00r00      [ 5]  325 	callf	___fsmul
      0001CF 5B 08            [ 2]  326 	addw	sp, #8
      0001D1 1F 09            [ 2]  327 	ldw	(0x09, sp), x
      0001D3 17 07            [ 2]  328 	ldw	(0x07, sp), y
      0001D5 4B 93            [ 1]  329 	push	#0x93
      0001D7 4B 4F            [ 1]  330 	push	#0x4f
      0001D9 4B 2B            [ 1]  331 	push	#0x2b
      0001DB 4B C2            [ 1]  332 	push	#0xc2
      0001DD 1E 09            [ 2]  333 	ldw	x, (0x09, sp)
      0001DF 89               [ 2]  334 	pushw	x
      0001E0 1E 09            [ 2]  335 	ldw	x, (0x09, sp)
      0001E2 89               [ 2]  336 	pushw	x
      0001E3 8Ds00r00r00      [ 5]  337 	callf	___fsadd
      0001E7 5B 08            [ 2]  338 	addw	sp, #8
      0001E9 89               [ 2]  339 	pushw	x
      0001EA 90 89            [ 2]  340 	pushw	y
      0001EC 1E 0D            [ 2]  341 	ldw	x, (0x0d, sp)
      0001EE 89               [ 2]  342 	pushw	x
      0001EF 1E 0D            [ 2]  343 	ldw	x, (0x0d, sp)
      0001F1 89               [ 2]  344 	pushw	x
      0001F2 8Ds00r00r00      [ 5]  345 	callf	___fsdiv
      0001F6 5B 08            [ 2]  346 	addw	sp, #8
      0001F8 89               [ 2]  347 	pushw	x
      0001F9 90 89            [ 2]  348 	pushw	y
      0001FB 1E 14            [ 2]  349 	ldw	x, (0x14, sp)
      0001FD 89               [ 2]  350 	pushw	x
      0001FE 1E 14            [ 2]  351 	ldw	x, (0x14, sp)
      000200 89               [ 2]  352 	pushw	x
      000201 8Ds00r00r00      [ 5]  353 	callf	___fsadd
      000205 5B 08            [ 2]  354 	addw	sp, #8
      000207 1F 07            [ 2]  355 	ldw	(0x07, sp), x
      000209 17 05            [ 2]  356 	ldw	(0x05, sp), y
      00020B                        357 00119$:
                                    358 ;	../sincoshf.c: 99: return z;
      00020B 1E 07            [ 2]  359 	ldw	x, (0x07, sp)
      00020D 16 05            [ 2]  360 	ldw	y, (0x05, sp)
                                    361 ;	../sincoshf.c: 100: }
      00020F 5B 0A            [ 2]  362 	addw	sp, #10
      000211 87               [ 5]  363 	retf
                                    364 	.area CODE
                                    365 	.area CONST
                                    366 	.area INITIALIZER
                                    367 	.area CABS (ABS)
