                                      1 ;--------------------------------------------------------
                                      2 ; File Created by SDCC : free open source ANSI-C Compiler
                                      3 ; Version 3.9.3 #11345 (Linux)
                                      4 ;--------------------------------------------------------
                                      5 	.module toupper
                                      6 	.optsdcc -mstm8
                                      7 	
                                      8 ;--------------------------------------------------------
                                      9 ; Public variables in this module
                                     10 ;--------------------------------------------------------
                                     11 	.globl _toupper
                                     12 ;--------------------------------------------------------
                                     13 ; ram data
                                     14 ;--------------------------------------------------------
                                     15 	.area DATA
                                     16 ;--------------------------------------------------------
                                     17 ; ram data
                                     18 ;--------------------------------------------------------
                                     19 	.area INITIALIZED
                                     20 ;--------------------------------------------------------
                                     21 ; absolute external ram data
                                     22 ;--------------------------------------------------------
                                     23 	.area DABS (ABS)
                                     24 
                                     25 ; default segment ordering for linker
                                     26 	.area HOME
                                     27 	.area GSINIT
                                     28 	.area GSFINAL
                                     29 	.area CONST
                                     30 	.area INITIALIZER
                                     31 	.area CODE
                                     32 
                                     33 ;--------------------------------------------------------
                                     34 ; global & static initialisations
                                     35 ;--------------------------------------------------------
                                     36 	.area HOME
                                     37 	.area GSINIT
                                     38 	.area GSFINAL
                                     39 	.area GSINIT
                                     40 ;--------------------------------------------------------
                                     41 ; Home
                                     42 ;--------------------------------------------------------
                                     43 	.area HOME
                                     44 	.area HOME
                                     45 ;--------------------------------------------------------
                                     46 ; code
                                     47 ;--------------------------------------------------------
                                     48 	.area CODE
                                     49 ;	../toupper.c: 33: int toupper (int c)
                                     50 ;	-----------------------------------------
                                     51 ;	 function toupper
                                     52 ;	-----------------------------------------
      000000                         53 _toupper:
                                     54 ;	../toupper.c: 35: return (islower (c) ? c + ('A' - 'a') : c);
      000000 1E 04            [ 2]   55 	ldw	x, (0x04, sp)
                                     56 ;	./../../include/ctype.h: 71: return ((unsigned char)c >= 'a' && (unsigned char)c <= 'z');
      000002 9F               [ 1]   57 	ld	a, xl
      000003 A1 61            [ 1]   58 	cp	a, #0x61
      000005 25 07            [ 1]   59 	jrc	00104$
      000007 A1 7A            [ 1]   60 	cp	a, #0x7a
      000009 22 03            [ 1]   61 	jrugt	00104$
                                     62 ;	../toupper.c: 35: return (islower (c) ? c + ('A' - 'a') : c);
      00000B 1C FF E0         [ 2]   63 	addw	x, #0xffe0
      00000E                         64 00104$:
                                     65 ;	../toupper.c: 36: }
      00000E 87               [ 5]   66 	retf
                                     67 	.area CODE
                                     68 	.area CONST
                                     69 	.area INITIALIZER
                                     70 	.area CABS (ABS)
