This file contains any messages produced by compilers while
running configure, to aid debugging if configure makes a mistake.

It was created by configure, which was
generated by GNU Autoconf 2.69.  Invocation command line was

  $ ./configure --disable-option-checking --prefix=/usr/local docdir=${datarootdir}/doc/${PACKAGE} --cache-file=/dev/null --srcdir=.

## --------- ##
## Platform. ##
## --------- ##

hostname = xavier-asus
uname -m = x86_64
uname -r = 4.15.0-65-generic
uname -s = Linux
uname -v = #74-Ubuntu SMP Tue Sep 17 17:06:04 UTC 2019

/usr/bin/uname -p = unknown
/bin/uname -X     = unknown

/bin/arch              = unknown
/usr/bin/arch -k       = unknown
/usr/convex/getsysinfo = unknown
/usr/bin/hostinfo      = unknown
/bin/machine           = unknown
/usr/bin/oslevel       = unknown
/bin/universe          = unknown

PATH: /home/xavier/.cargo/bin
PATH: /home/xavier/.local/bin
PATH: /usr/local/sbin
PATH: /usr/local/bin
PATH: /usr/sbin
PATH: /usr/bin
PATH: /sbin
PATH: /bin
PATH: /usr/games
PATH: /usr/local/games
PATH: /snap/bin
PATH: /usr/local/xtensa-esp32-elf/bin


## ----------- ##
## Core tests. ##
## ----------- ##

configure:1696: checking for gpasm
configure:1712: found /usr/bin/gpasm
configure:1724: result: gpasm
configure:1734: checking for gplink
configure:1750: found /usr/bin/gplink
configure:1762: result: gplink
configure:1772: checking for gplib
configure:1788: found /usr/bin/gplib
configure:1800: result: gplib
configure:1811: checking for rm
configure:1827: found /bin/rm
configure:1839: result: rm -f
configure:1849: checking for cp
configure:1865: found /bin/cp
configure:1877: result: cp
configure:1887: checking for mv
configure:1903: found /bin/mv
configure:1915: result: mv
configure:1925: checking for ls
configure:1941: found /bin/ls
configure:1953: result: ls
configure:1963: checking for sed
configure:1979: found /bin/sed
configure:1991: result: sed
configure:1999: checking for grep that handles long lines and -e
configure:2057: result: /bin/grep
configure:2062: checking for egrep
configure:2124: result: /bin/grep -E
configure:2131: checking for mkdir
configure:2147: found /bin/mkdir
configure:2159: result: mkdir -p
configure:2169: checking for rmdir
configure:2185: found /bin/rmdir
configure:2197: result: rmdir
configure:2213: checking whether make sets $(MAKE)
configure:2235: result: yes
configure:2247: checking devices supported by gputils
configure:2271: result: 261 devices ( 10f320 10f322 10lf320 10lf322 12f1501 12f1571 12f1572 12f1612 12f1822 12f1840 12f609 12f615 12f617 12f629 12f635 12f675 12f683 12f752 12hv752 12lf1501 12lf1552 12lf1571 12lf1572 12lf1612 12lf1822 12lf1840 12lf1840t39a 12lf1840t48a 16c432 16c433 16c554 16c557 16c558 16c62 16c620 16c620a 16c621 16c621a 16c622 16c622a 16c63a 16c65b 16c71 16c710 16c711 16c715 16c717 16c72 16c73b 16c745 16c74b 16c765 16c770 16c771 16c773 16c774 16c781 16c782 16c925 16c926 16f1454 16f1455 16f1458 16f1459 16f1503 16f1507 16f1508 16f1509 16f1512 16f1513 16f1516 16f1517 16f1518 16f1519 16f1526 16f1527 16f1613 16f1614 16f1615 16f1618 16f1619 16f1703 16f1704 16f1705 16f1707 16f1708 16f1709 16f1713 16f1716 16f1717 16f1718 16f1719 16f1782 16f1783 16f1784 16f1786 16f1787 16f1788 16f1789 16f1823 16f1824 16f1825 16f1826 16f1827 16f1828 16f1829 16f1829lin 16f1847 16f1933 16f1934 16f1936 16f1937 16f1938 16f1939 16f1946 16f1947 16f610 16f616 16f627 16f627a 16f628 16f628a 16f630 16f631 16f636 16f639 16f648a 16f676 16f677 16f684 16f685 16f687 16f688 16f689 16f690 16f707 16f716 16f72 16f720 16f721 16f722 16f722a 16f723 16f723a 16f724 16f726 16f727 16f73 16f737 16f74 16f747 16f753 16f76 16f767 16f77 16f777 16f785 16f818 16f819 16f84 16f84a 16f87 16f870 16f871 16f872 16f873 16f873a 16f874 16f874a 16f876 16f876a 16f877 16f877a 16f88 16f882 16f883 16f884 16f886 16f887 16f913 16f914 16f916 16f917 16f946 16hv616 16hv753 16lf1454 16lf1455 16lf1458 16lf1459 16lf1503 16lf1507 16lf1508 16lf1509 16lf1512 16lf1513 16lf1516 16lf1517 16lf1518 16lf1519 16lf1526 16lf1527 16lf1554 16lf1559 16lf1613 16lf1614 16lf1615 16lf1618 16lf1619 16lf1703 16lf1704 16lf1705 16lf1707 16lf1708 16lf1709 16lf1713 16lf1716 16lf1717 16lf1718 16lf1719 16lf1782 16lf1783 16lf1784 16lf1786 16lf1787 16lf1788 16lf1789 16lf1823 16lf1824 16lf1824t39a 16lf1825 16lf1826 16lf1827 16lf1828 16lf1829 16lf18313 16lf18323 16lf1847 16lf1902 16lf1903 16lf1904 16lf1906 16lf1907 16lf1933 16lf1934 16lf1936 16lf1937 16lf1938 16lf1939 16lf1946 16lf1947 16lf707 16lf720 16lf721 16lf722 16lf722a 16lf723 16lf723a 16lf724 16lf726 16lf727)
configure:2298: WARNING:
!!!!!!!!!!!!!!!!!!!!!!!!!!!!!!!!!!!!!!!!!!!!!!!!!!!!!!!!!!!
!!!
!!! WARNING: The installed gputils do not support all
!!! PIC devices currently supported by SDCC.
!!! If you continue to build SDCC, library files for the
!!! following devices will not be built, and you will
!!! not be able to compile any projects for these devices:
!!!

 16f1574 16f1575 16f1578 16f1579 16f1764 16f1765 16f1768 16f1769 16f1773 16f1776 16f1777 16f1778 16f1779 16f18313 16f18323 16f18324 16f18325 16f18344 16f18345 16f18855 16f18875 16lf1566 16lf1567 16lf1574 16lf1575 16lf1578 16lf1579 16lf1764 16lf1765 16lf1768 16lf1769 16lf1773 16lf1776 16lf1777 16lf1778 16lf1779 16lf18324 16lf18325 16lf18344 16lf18345 16lf18855 16lf18875 16lf627 16lf627a 16lf628 16lf628a 16lf648a 16lf74 16lf747 16lf76 16lf767 16lf77 16lf777 16lf818 16lf819 16lf84 16lf84a 16lf87 16lf870 16lf871 16lf872 16lf873 16lf873a 16lf874 16lf874a 16lf876 16lf876a 16lf877 16lf877a 16lf88
==> 70 devices are *not* supported
    261 devices are supported

!!!
!!! Please update your gputils to a recent snapshot and
!!! run configure again using the updated gputils. Make
!!! sure to have them in PATH prior to the previously
!!! found ones (or remove the older version completely).
!!!
!!!!!!!!!!!!!!!!!!!!!!!!!!!!!!!!!!!!!!!!!!!!!!!!!!!!!!!!!!!


configure:2488: creating ./config.status

## ---------------------- ##
## Running config.status. ##
## ---------------------- ##

This file was extended by config.status, which was
generated by GNU Autoconf 2.69.  Invocation command line was

  CONFIG_FILES    = 
  CONFIG_HEADERS  = 
  CONFIG_LINKS    = 
  CONFIG_COMMANDS = 
  $ ./config.status 

on xavier-asus

config.status:741: creating Makefile
config.status:741: creating Makefile.common
config.status:741: creating libdev/Makefile

## ---------------- ##
## Cache variables. ##
## ---------------- ##

ac_cv_env_build_alias_set=
ac_cv_env_build_alias_value=
ac_cv_env_host_alias_set=
ac_cv_env_host_alias_value=
ac_cv_env_target_alias_set=
ac_cv_env_target_alias_value=
ac_cv_path_EGREP='/bin/grep -E'
ac_cv_path_GREP=/bin/grep
ac_cv_prog_CP=cp
ac_cv_prog_GPASM=gpasm
ac_cv_prog_GPLIB=gplib
ac_cv_prog_GPLINK=gplink
ac_cv_prog_LS=ls
ac_cv_prog_MKDIR='mkdir -p'
ac_cv_prog_MV=mv
ac_cv_prog_RM='rm -f'
ac_cv_prog_RMDIR=rmdir
ac_cv_prog_SED=sed
ac_cv_prog_make_make_set=yes

## ----------------- ##
## Output variables. ##
## ----------------- ##

CP='cp'
DEFS='-DPACKAGE_NAME=\"\" -DPACKAGE_TARNAME=\"\" -DPACKAGE_VERSION=\"\" -DPACKAGE_STRING=\"\" -DPACKAGE_BUGREPORT=\"\" -DPACKAGE_URL=\"\"'
ECHO_C=''
ECHO_N='-n'
ECHO_T=''
EGREP='/bin/grep -E'
GOOD_PICS=' 10f320 10f322 10lf320 10lf322 12f1501 12f1571 12f1572 12f1612 12f1822 12f1840 12f609 12f615 12f617 12f629 12f635 12f675 12f683 12f752 12hv752 12lf1501 12lf1552 12lf1571 12lf1572 12lf1612 12lf1822 12lf1840 12lf1840t39a 12lf1840t48a 16c432 16c433 16c554 16c557 16c558 16c62 16c620 16c620a 16c621 16c621a 16c622 16c622a 16c63a 16c65b 16c71 16c710 16c711 16c715 16c717 16c72 16c73b 16c745 16c74b 16c765 16c770 16c771 16c773 16c774 16c781 16c782 16c925 16c926 16f1454 16f1455 16f1458 16f1459 16f1503 16f1507 16f1508 16f1509 16f1512 16f1513 16f1516 16f1517 16f1518 16f1519 16f1526 16f1527 16f1613 16f1614 16f1615 16f1618 16f1619 16f1703 16f1704 16f1705 16f1707 16f1708 16f1709 16f1713 16f1716 16f1717 16f1718 16f1719 16f1782 16f1783 16f1784 16f1786 16f1787 16f1788 16f1789 16f1823 16f1824 16f1825 16f1826 16f1827 16f1828 16f1829 16f1829lin 16f1847 16f1933 16f1934 16f1936 16f1937 16f1938 16f1939 16f1946 16f1947 16f610 16f616 16f627 16f627a 16f628 16f628a 16f630 16f631 16f636 16f639 16f648a 16f676 16f677 16f684 16f685 16f687 16f688 16f689 16f690 16f707 16f716 16f72 16f720 16f721 16f722 16f722a 16f723 16f723a 16f724 16f726 16f727 16f73 16f737 16f74 16f747 16f753 16f76 16f767 16f77 16f777 16f785 16f818 16f819 16f84 16f84a 16f87 16f870 16f871 16f872 16f873 16f873a 16f874 16f874a 16f876 16f876a 16f877 16f877a 16f88 16f882 16f883 16f884 16f886 16f887 16f913 16f914 16f916 16f917 16f946 16hv616 16hv753 16lf1454 16lf1455 16lf1458 16lf1459 16lf1503 16lf1507 16lf1508 16lf1509 16lf1512 16lf1513 16lf1516 16lf1517 16lf1518 16lf1519 16lf1526 16lf1527 16lf1554 16lf1559 16lf1613 16lf1614 16lf1615 16lf1618 16lf1619 16lf1703 16lf1704 16lf1705 16lf1707 16lf1708 16lf1709 16lf1713 16lf1716 16lf1717 16lf1718 16lf1719 16lf1782 16lf1783 16lf1784 16lf1786 16lf1787 16lf1788 16lf1789 16lf1823 16lf1824 16lf1824t39a 16lf1825 16lf1826 16lf1827 16lf1828 16lf1829 16lf18313 16lf18323 16lf1847 16lf1902 16lf1903 16lf1904 16lf1906 16lf1907 16lf1933 16lf1934 16lf1936 16lf1937 16lf1938 16lf1939 16lf1946 16lf1947 16lf707 16lf720 16lf721 16lf722 16lf722a 16lf723 16lf723a 16lf724 16lf726 16lf727'
GPASM='gpasm'
GPLIB='gplib'
GPLINK='gplink'
GREP='/bin/grep'
LIBOBJS=''
LIBS=''
LS='ls'
LTLIBOBJS=''
MKDIR='mkdir -p'
MV='mv'
PACKAGE_BUGREPORT=''
PACKAGE_NAME=''
PACKAGE_STRING=''
PACKAGE_TARNAME=''
PACKAGE_URL=''
PACKAGE_VERSION=''
PATH_SEPARATOR=':'
RM='rm -f'
RMDIR='rmdir'
SED='sed'
SET_MAKE=''
SHELL='/bin/bash'
bindir='${exec_prefix}/bin'
build_alias=''
datadir='${datarootdir}'
datarootdir='${prefix}/share'
docdir='${datarootdir}/doc/${PACKAGE}'
dvidir='${docdir}'
exec_prefix='${prefix}'
host_alias=''
htmldir='${docdir}'
includedir='${prefix}/include'
infodir='${datarootdir}/info'
libdir='${exec_prefix}/lib'
libexecdir='${exec_prefix}/libexec'
localedir='${datarootdir}/locale'
localstatedir='${prefix}/var'
mandir='${datarootdir}/man'
oldincludedir='/usr/include'
pdfdir='${docdir}'
prefix='/usr/local'
program_transform_name='s,x,x,'
psdir='${docdir}'
runstatedir='${localstatedir}/run'
sbindir='${exec_prefix}/sbin'
sharedstatedir='${prefix}/com'
sysconfdir='${prefix}/etc'
target_alias=''

## ----------- ##
## confdefs.h. ##
## ----------- ##

/* confdefs.h */
#define PACKAGE_NAME ""
#define PACKAGE_TARNAME ""
#define PACKAGE_VERSION ""
#define PACKAGE_STRING ""
#define PACKAGE_BUGREPORT ""
#define PACKAGE_URL ""

configure: exit 0
