This file contains any messages produced by compilers while
running configure, to aid debugging if configure makes a mistake.

It was created by pic16lib configure 0.3, which was
generated by GNU Autoconf 2.69.  Invocation command line was

  $ ./configure --disable-option-checking --prefix=/usr/local docdir=${datarootdir}/doc/${PACKAGE} --cache-file=/dev/null --srcdir=.

## --------- ##
## Platform. ##
## --------- ##

hostname = xavier-asus
uname -m = x86_64
uname -r = 4.15.0-65-generic
uname -s = Linux
uname -v = #74-Ubuntu SMP Tue Sep 17 17:06:04 UTC 2019

/usr/bin/uname -p = unknown
/bin/uname -X     = unknown

/bin/arch              = unknown
/usr/bin/arch -k       = unknown
/usr/convex/getsysinfo = unknown
/usr/bin/hostinfo      = unknown
/bin/machine           = unknown
/usr/bin/oslevel       = unknown
/bin/universe          = unknown

PATH: /home/xavier/.cargo/bin
PATH: /home/xavier/.local/bin
PATH: /usr/local/sbin
PATH: /usr/local/bin
PATH: /usr/sbin
PATH: /usr/bin
PATH: /sbin
PATH: /bin
PATH: /usr/games
PATH: /usr/local/games
PATH: /snap/bin
PATH: /usr/local/xtensa-esp32-elf/bin


## ----------- ##
## Core tests. ##
## ----------- ##

configure:2574: checking for a BSD-compatible install
configure:2642: result: /usr/bin/install -c
configure:2653: checking whether build environment is sane
configure:2703: result: yes
configure:2844: checking for a thread-safe mkdir -p
configure:2883: result: /bin/mkdir -p
configure:2896: checking for gawk
configure:2912: found /usr/bin/gawk
configure:2923: result: gawk
configure:2934: checking whether make sets $(MAKE)
configure:2956: result: yes
configure:3079: checking for gpasm
configure:3097: found /usr/bin/gpasm
configure:3110: result: /usr/bin/gpasm
configure:3120: checking for gplink
configure:3138: found /usr/bin/gplink
configure:3151: result: /usr/bin/gplink
configure:3161: checking for gplib
configure:3179: found /usr/bin/gplib
configure:3192: result: /usr/bin/gplib
configure:3241: checking for style of include used by make
configure:3269: result: GNU
configure:3295: checking dependency style of '/home/xavier/sdcc/device/non-free/lib/pic16//../../../../bin/sdcc'
configure:3406: result: none
configure:3424: checking dependency style of '/usr/bin/gpasm'
configure:3533: result: none
configure:3550: checking devices supported by gputils
configure:3574: result: 285 devices ( 18f1220 18f1230 18f1320 18f1330 18f13k22 18f13k50 18f14k22 18f14k50 18f2220 18f2221 18f2320 18f2321 18f2331 18f23k20 18f23k22 18f2410 18f242 18f2420 18f2423 18f2431 18f2439 18f2450 18f2455 18f2458 18f248 18f2480 18f24j10 18f24j11 18f24j50 18f24k20 18f24k22 18f24k50 18f2510 18f2515 18f252 18f2520 18f2523 18f2525 18f2539 18f2550 18f2553 18f258 18f2580 18f2585 18f25j10 18f25j11 18f25j50 18f25k20 18f25k22 18f25k50 18f25k80 18f2610 18f2620 18f2680 18f2682 18f2685 18f26j11 18f26j13 18f26j50 18f26j53 18f26k20 18f26k22 18f26k80 18f27j13 18f27j53 18f4220 18f4221 18f4320 18f4321 18f4331 18f43k20 18f43k22 18f4410 18f442 18f4420 18f4423 18f4431 18f4439 18f4450 18f4455 18f4458 18f448 18f4480 18f44j10 18f44j11 18f44j50 18f44k20 18f44k22 18f4510 18f4515 18f452 18f4520 18f4523 18f4525 18f4539 18f4550 18f4553 18f458 18f4580 18f4585 18f45j10 18f45j11 18f45j50 18f45k20 18f45k22 18f45k50 18f45k80 18f4610 18f4620 18f4680 18f4682 18f4685 18f46j11 18f46j13 18f46j50 18f46j53 18f46k20 18f46k22 18f46k80 18f47j13 18f47j53 18f6310 18f6390 18f6393 18f63j11 18f63j90 18f6410 18f6490 18f6493 18f64j11 18f64j90 18f6520 18f6525 18f6527 18f6585 18f65j10 18f65j11 18f65j15 18f65j50 18f65j90 18f65j94 18f65k22 18f65k80 18f65k90 18f6620 18f6621 18f6622 18f6627 18f6628 18f6680 18f66j10 18f66j11 18f66j15 18f66j16 18f66j50 18f66j55 18f66j60 18f66j65 18f66j90 18f66j93 18f66j94 18f66j99 18f66k22 18f66k80 18f66k90 18f6720 18f6722 18f6723 18f67j10 18f67j11 18f67j50 18f67j60 18f67j90 18f67j93 18f67j94 18f67k22 18f67k90 18f8310 18f8390 18f8393 18f83j11 18f83j90 18f8410 18f8490 18f8493 18f84j11 18f84j90 18f8520 18f8525 18f8527 18f8585 18f85j10 18f85j11 18f85j15 18f85j50 18f85j90 18f85j94 18f85k22 18f85k90 18f8620 18f8621 18f8622 18f8627 18f8628 18f8680 18f86j10 18f86j11 18f86j15 18f86j16 18f86j50 18f86j55 18f86j60 18f86j65 18f86j72 18f86j90 18f86j93 18f86j94 18f86j99 18f86k22 18f86k90 18f8720 18f8722 18f8723 18f87j10 18f87j11 18f87j50 18f87j60 18f87j72 18f87j90 18f87j93 18f87j94 18f87k22 18f87k90 18f95j94 18f96j60 18f96j65 18f96j94 18f96j99 18f97j60 18f97j94 18lf13k22 18lf13k50 18lf14k22 18lf14k50 18lf23k22 18lf24j10 18lf24j11 18lf24j50 18lf24k22 18lf24k50 18lf25j10 18lf25j11 18lf25j50 18lf25k22 18lf25k50 18lf25k80 18lf26j11 18lf26j13 18lf26j50 18lf26j53 18lf26k22 18lf26k80 18lf27j13 18lf27j53 18lf43k22 18lf44j10 18lf44j11 18lf44j50 18lf44k22 18lf45j10 18lf45j11 18lf45j50 18lf45k22 18lf45k50 18lf45k80 18lf46j11 18lf46j13 18lf46j50 18lf46j53 18lf46k22 18lf46k80 18lf47j13 18lf47j53 18lf65k80 18lf66k80)
configure:3601: WARNING:
!!!!!!!!!!!!!!!!!!!!!!!!!!!!!!!!!!!!!!!!!!!!!!!!!!!!!!!!!!!
!!!
!!! WARNING: The installed gputils do not support all
!!! PIC devices currently supported by SDCC.
!!! If you continue to build SDCC, library files for the
!!! following devices will not be built, and you will
!!! not be able to compile any projects for these devices:
!!!

 18lf1220 18lf1230 18lf1320 18lf1330 18lf2220 18lf2221 18lf2320 18lf2321 18lf2331 18lf2410 18lf242 18lf2420 18lf2423 18lf2431 18lf2439 18lf2450 18lf2455 18lf2458 18lf248 18lf2480 18lf2510 18lf2515 18lf252 18lf2520 18lf2523 18lf2525 18lf2539 18lf2550 18lf2553 18lf258 18lf2580 18lf2585 18lf2610 18lf2620 18lf2680 18lf2682 18lf2685 18lf4220 18lf4221 18lf4320 18lf4321 18lf4331 18lf4410 18lf442 18lf4420 18lf4423 18lf4431 18lf4439 18lf4450 18lf4455 18lf4458 18lf448 18lf4480 18lf4510 18lf4515 18lf452 18lf4520 18lf4523 18lf4525 18lf4539 18lf4550 18lf4553 18lf458 18lf4580 18lf4585 18lf4610 18lf4620 18lf4680 18lf4682 18lf4685 18lf6310 18lf6390 18lf6393 18lf6410 18lf6490 18lf6493 18lf6520 18lf6525 18lf6527 18lf6585 18lf6620 18lf6621 18lf6622 18lf6627 18lf6628 18lf6680 18lf6720 18lf6722 18lf6723 18lf8310 18lf8390 18lf8393 18lf8410 18lf8490 18lf8493 18lf8520 18lf8525 18lf8527 18lf8585 18lf8620 18lf8621 18lf8622 18lf8627 18lf8628 18lf8680 18lf8720 18lf8722 18lf8723
==> 108 devices are *not* supported
    285 devices are supported

!!!
!!! Please update your gputils to a recent snapshot and
!!! run configure again using the updated gputils. Make
!!! sure to have them in PATH prior to the previously
!!! found ones (or remove the older version completely).
!!!
!!!!!!!!!!!!!!!!!!!!!!!!!!!!!!!!!!!!!!!!!!!!!!!!!!!!!!!!!!!


configure:8486: creating ./config.status

## ---------------------- ##
## Running config.status. ##
## ---------------------- ##

This file was extended by pic16lib config.status 0.3, which was
generated by GNU Autoconf 2.69.  Invocation command line was

  CONFIG_FILES    = 
  CONFIG_HEADERS  = 
  CONFIG_LINKS    = 
  CONFIG_COMMANDS = 
  $ ./config.status 

on xavier-asus

config.status:1645: creating Makefile
config.status:1645: creating libdev/Makefile
config.status:1645: creating config.h
config.status:1826: config.h is unchanged
config.status:1874: executing depfiles commands

## ---------------- ##
## Cache variables. ##
## ---------------- ##

ac_cv_env_build_alias_set=
ac_cv_env_build_alias_value=
ac_cv_env_host_alias_set=
ac_cv_env_host_alias_value=
ac_cv_env_target_alias_set=
ac_cv_env_target_alias_value=
ac_cv_path_AR=/usr/bin/gplib
ac_cv_path_CCAS=/usr/bin/gpasm
ac_cv_path_LD=/usr/bin/gplink
ac_cv_path_install='/usr/bin/install -c'
ac_cv_path_mkdir=/bin/mkdir
ac_cv_prog_AWK=gawk
ac_cv_prog_make_make_set=yes
am_cv_CCAS_dependencies_compiler_type=none
am_cv_CC_dependencies_compiler_type=none

## ----------------- ##
## Output variables. ##
## ----------------- ##

ACLOCAL='${SHELL} /home/xavier/sdcc/device/non-free/lib/pic16/missing --run aclocal-1.11'
AMDEPBACKSLASH='\'
AMDEP_FALSE='#'
AMDEP_TRUE=''
AMTAR='$${TAR-tar}'
AR=''\''/usr/bin/gplib'\'''
ARCH='18f452'
ARFLAGS='-c'
AUTOCONF='${SHELL} /home/xavier/sdcc/device/non-free/lib/pic16/missing --run autoconf'
AUTOHEADER='${SHELL} /home/xavier/sdcc/device/non-free/lib/pic16/missing --run autoheader'
AUTOMAKE='${SHELL} /home/xavier/sdcc/device/non-free/lib/pic16/missing --run automake-1.11'
AWK='gawk'
CC=''\''/home/xavier/sdcc/device/non-free/lib/pic16//../../../../bin/sdcc'\'''
CCAS=''\''/usr/bin/gpasm'\'''
CCASDEPMODE='depmode=none'
CCASFLAGS='-p18f452'
CCDEPMODE='depmode=none'
CFLAGS='-mpic16 -p18f452'
CYGPATH_W='echo'
DEFS='-DHAVE_CONFIG_H'
DEPDIR='.deps'
ECHO_C=''
ECHO_N='-n'
ECHO_T=''
ENABLE_18F1220_FALSE='#'
ENABLE_18F1220_TRUE=''
ENABLE_18F1230_FALSE='#'
ENABLE_18F1230_TRUE=''
ENABLE_18F1320_FALSE='#'
ENABLE_18F1320_TRUE=''
ENABLE_18F1330_FALSE='#'
ENABLE_18F1330_TRUE=''
ENABLE_18F13K22_FALSE='#'
ENABLE_18F13K22_TRUE=''
ENABLE_18F13K50_FALSE='#'
ENABLE_18F13K50_TRUE=''
ENABLE_18F14K22_FALSE='#'
ENABLE_18F14K22_TRUE=''
ENABLE_18F14K50_FALSE='#'
ENABLE_18F14K50_TRUE=''
ENABLE_18F2220_FALSE='#'
ENABLE_18F2220_TRUE=''
ENABLE_18F2221_FALSE='#'
ENABLE_18F2221_TRUE=''
ENABLE_18F2320_FALSE='#'
ENABLE_18F2320_TRUE=''
ENABLE_18F2321_FALSE='#'
ENABLE_18F2321_TRUE=''
ENABLE_18F2331_FALSE='#'
ENABLE_18F2331_TRUE=''
ENABLE_18F23K20_FALSE='#'
ENABLE_18F23K20_TRUE=''
ENABLE_18F23K22_FALSE='#'
ENABLE_18F23K22_TRUE=''
ENABLE_18F2410_FALSE='#'
ENABLE_18F2410_TRUE=''
ENABLE_18F2420_FALSE='#'
ENABLE_18F2420_TRUE=''
ENABLE_18F2423_FALSE='#'
ENABLE_18F2423_TRUE=''
ENABLE_18F242_FALSE='#'
ENABLE_18F242_TRUE=''
ENABLE_18F2431_FALSE='#'
ENABLE_18F2431_TRUE=''
ENABLE_18F2439_FALSE='#'
ENABLE_18F2439_TRUE=''
ENABLE_18F2450_FALSE='#'
ENABLE_18F2450_TRUE=''
ENABLE_18F2455_FALSE='#'
ENABLE_18F2455_TRUE=''
ENABLE_18F2458_FALSE='#'
ENABLE_18F2458_TRUE=''
ENABLE_18F2480_FALSE='#'
ENABLE_18F2480_TRUE=''
ENABLE_18F248_FALSE='#'
ENABLE_18F248_TRUE=''
ENABLE_18F24J10_FALSE='#'
ENABLE_18F24J10_TRUE=''
ENABLE_18F24J11_FALSE='#'
ENABLE_18F24J11_TRUE=''
ENABLE_18F24J50_FALSE='#'
ENABLE_18F24J50_TRUE=''
ENABLE_18F24K20_FALSE='#'
ENABLE_18F24K20_TRUE=''
ENABLE_18F24K22_FALSE='#'
ENABLE_18F24K22_TRUE=''
ENABLE_18F24K50_FALSE='#'
ENABLE_18F24K50_TRUE=''
ENABLE_18F2510_FALSE='#'
ENABLE_18F2510_TRUE=''
ENABLE_18F2515_FALSE='#'
ENABLE_18F2515_TRUE=''
ENABLE_18F2520_FALSE='#'
ENABLE_18F2520_TRUE=''
ENABLE_18F2523_FALSE='#'
ENABLE_18F2523_TRUE=''
ENABLE_18F2525_FALSE='#'
ENABLE_18F2525_TRUE=''
ENABLE_18F252_FALSE='#'
ENABLE_18F252_TRUE=''
ENABLE_18F2539_FALSE='#'
ENABLE_18F2539_TRUE=''
ENABLE_18F2550_FALSE='#'
ENABLE_18F2550_TRUE=''
ENABLE_18F2553_FALSE='#'
ENABLE_18F2553_TRUE=''
ENABLE_18F2580_FALSE='#'
ENABLE_18F2580_TRUE=''
ENABLE_18F2585_FALSE='#'
ENABLE_18F2585_TRUE=''
ENABLE_18F258_FALSE='#'
ENABLE_18F258_TRUE=''
ENABLE_18F25J10_FALSE='#'
ENABLE_18F25J10_TRUE=''
ENABLE_18F25J11_FALSE='#'
ENABLE_18F25J11_TRUE=''
ENABLE_18F25J50_FALSE='#'
ENABLE_18F25J50_TRUE=''
ENABLE_18F25K20_FALSE='#'
ENABLE_18F25K20_TRUE=''
ENABLE_18F25K22_FALSE='#'
ENABLE_18F25K22_TRUE=''
ENABLE_18F25K50_FALSE='#'
ENABLE_18F25K50_TRUE=''
ENABLE_18F25K80_FALSE='#'
ENABLE_18F25K80_TRUE=''
ENABLE_18F2610_FALSE='#'
ENABLE_18F2610_TRUE=''
ENABLE_18F2620_FALSE='#'
ENABLE_18F2620_TRUE=''
ENABLE_18F2680_FALSE='#'
ENABLE_18F2680_TRUE=''
ENABLE_18F2682_FALSE='#'
ENABLE_18F2682_TRUE=''
ENABLE_18F2685_FALSE='#'
ENABLE_18F2685_TRUE=''
ENABLE_18F26J11_FALSE='#'
ENABLE_18F26J11_TRUE=''
ENABLE_18F26J13_FALSE='#'
ENABLE_18F26J13_TRUE=''
ENABLE_18F26J50_FALSE='#'
ENABLE_18F26J50_TRUE=''
ENABLE_18F26J53_FALSE='#'
ENABLE_18F26J53_TRUE=''
ENABLE_18F26K20_FALSE='#'
ENABLE_18F26K20_TRUE=''
ENABLE_18F26K22_FALSE='#'
ENABLE_18F26K22_TRUE=''
ENABLE_18F26K80_FALSE='#'
ENABLE_18F26K80_TRUE=''
ENABLE_18F27J13_FALSE='#'
ENABLE_18F27J13_TRUE=''
ENABLE_18F27J53_FALSE='#'
ENABLE_18F27J53_TRUE=''
ENABLE_18F4220_FALSE='#'
ENABLE_18F4220_TRUE=''
ENABLE_18F4221_FALSE='#'
ENABLE_18F4221_TRUE=''
ENABLE_18F4320_FALSE='#'
ENABLE_18F4320_TRUE=''
ENABLE_18F4321_FALSE='#'
ENABLE_18F4321_TRUE=''
ENABLE_18F4331_FALSE='#'
ENABLE_18F4331_TRUE=''
ENABLE_18F43K20_FALSE='#'
ENABLE_18F43K20_TRUE=''
ENABLE_18F43K22_FALSE='#'
ENABLE_18F43K22_TRUE=''
ENABLE_18F4410_FALSE='#'
ENABLE_18F4410_TRUE=''
ENABLE_18F4420_FALSE='#'
ENABLE_18F4420_TRUE=''
ENABLE_18F4423_FALSE='#'
ENABLE_18F4423_TRUE=''
ENABLE_18F442_FALSE='#'
ENABLE_18F442_TRUE=''
ENABLE_18F4431_FALSE='#'
ENABLE_18F4431_TRUE=''
ENABLE_18F4439_FALSE='#'
ENABLE_18F4439_TRUE=''
ENABLE_18F4450_FALSE='#'
ENABLE_18F4450_TRUE=''
ENABLE_18F4455_FALSE='#'
ENABLE_18F4455_TRUE=''
ENABLE_18F4458_FALSE='#'
ENABLE_18F4458_TRUE=''
ENABLE_18F4480_FALSE='#'
ENABLE_18F4480_TRUE=''
ENABLE_18F448_FALSE='#'
ENABLE_18F448_TRUE=''
ENABLE_18F44J10_FALSE='#'
ENABLE_18F44J10_TRUE=''
ENABLE_18F44J11_FALSE='#'
ENABLE_18F44J11_TRUE=''
ENABLE_18F44J50_FALSE='#'
ENABLE_18F44J50_TRUE=''
ENABLE_18F44K20_FALSE='#'
ENABLE_18F44K20_TRUE=''
ENABLE_18F44K22_FALSE='#'
ENABLE_18F44K22_TRUE=''
ENABLE_18F4510_FALSE='#'
ENABLE_18F4510_TRUE=''
ENABLE_18F4515_FALSE='#'
ENABLE_18F4515_TRUE=''
ENABLE_18F4520_FALSE='#'
ENABLE_18F4520_TRUE=''
ENABLE_18F4523_FALSE='#'
ENABLE_18F4523_TRUE=''
ENABLE_18F4525_FALSE='#'
ENABLE_18F4525_TRUE=''
ENABLE_18F452_FALSE='#'
ENABLE_18F452_TRUE=''
ENABLE_18F4539_FALSE='#'
ENABLE_18F4539_TRUE=''
ENABLE_18F4550_FALSE='#'
ENABLE_18F4550_TRUE=''
ENABLE_18F4553_FALSE='#'
ENABLE_18F4553_TRUE=''
ENABLE_18F4580_FALSE='#'
ENABLE_18F4580_TRUE=''
ENABLE_18F4585_FALSE='#'
ENABLE_18F4585_TRUE=''
ENABLE_18F458_FALSE='#'
ENABLE_18F458_TRUE=''
ENABLE_18F45J10_FALSE='#'
ENABLE_18F45J10_TRUE=''
ENABLE_18F45J11_FALSE='#'
ENABLE_18F45J11_TRUE=''
ENABLE_18F45J50_FALSE='#'
ENABLE_18F45J50_TRUE=''
ENABLE_18F45K20_FALSE='#'
ENABLE_18F45K20_TRUE=''
ENABLE_18F45K22_FALSE='#'
ENABLE_18F45K22_TRUE=''
ENABLE_18F45K50_FALSE='#'
ENABLE_18F45K50_TRUE=''
ENABLE_18F45K80_FALSE='#'
ENABLE_18F45K80_TRUE=''
ENABLE_18F4610_FALSE='#'
ENABLE_18F4610_TRUE=''
ENABLE_18F4620_FALSE='#'
ENABLE_18F4620_TRUE=''
ENABLE_18F4680_FALSE='#'
ENABLE_18F4680_TRUE=''
ENABLE_18F4682_FALSE='#'
ENABLE_18F4682_TRUE=''
ENABLE_18F4685_FALSE='#'
ENABLE_18F4685_TRUE=''
ENABLE_18F46J11_FALSE='#'
ENABLE_18F46J11_TRUE=''
ENABLE_18F46J13_FALSE='#'
ENABLE_18F46J13_TRUE=''
ENABLE_18F46J50_FALSE='#'
ENABLE_18F46J50_TRUE=''
ENABLE_18F46J53_FALSE='#'
ENABLE_18F46J53_TRUE=''
ENABLE_18F46K20_FALSE='#'
ENABLE_18F46K20_TRUE=''
ENABLE_18F46K22_FALSE='#'
ENABLE_18F46K22_TRUE=''
ENABLE_18F46K80_FALSE='#'
ENABLE_18F46K80_TRUE=''
ENABLE_18F47J13_FALSE='#'
ENABLE_18F47J13_TRUE=''
ENABLE_18F47J53_FALSE='#'
ENABLE_18F47J53_TRUE=''
ENABLE_18F6310_FALSE='#'
ENABLE_18F6310_TRUE=''
ENABLE_18F6390_FALSE='#'
ENABLE_18F6390_TRUE=''
ENABLE_18F6393_FALSE='#'
ENABLE_18F6393_TRUE=''
ENABLE_18F63J11_FALSE='#'
ENABLE_18F63J11_TRUE=''
ENABLE_18F63J90_FALSE='#'
ENABLE_18F63J90_TRUE=''
ENABLE_18F6410_FALSE='#'
ENABLE_18F6410_TRUE=''
ENABLE_18F6490_FALSE='#'
ENABLE_18F6490_TRUE=''
ENABLE_18F6493_FALSE='#'
ENABLE_18F6493_TRUE=''
ENABLE_18F64J11_FALSE='#'
ENABLE_18F64J11_TRUE=''
ENABLE_18F64J90_FALSE='#'
ENABLE_18F64J90_TRUE=''
ENABLE_18F6520_FALSE='#'
ENABLE_18F6520_TRUE=''
ENABLE_18F6525_FALSE='#'
ENABLE_18F6525_TRUE=''
ENABLE_18F6527_FALSE='#'
ENABLE_18F6527_TRUE=''
ENABLE_18F6585_FALSE='#'
ENABLE_18F6585_TRUE=''
ENABLE_18F65J10_FALSE='#'
ENABLE_18F65J10_TRUE=''
ENABLE_18F65J11_FALSE='#'
ENABLE_18F65J11_TRUE=''
ENABLE_18F65J15_FALSE='#'
ENABLE_18F65J15_TRUE=''
ENABLE_18F65J50_FALSE='#'
ENABLE_18F65J50_TRUE=''
ENABLE_18F65J90_FALSE='#'
ENABLE_18F65J90_TRUE=''
ENABLE_18F65J94_FALSE='#'
ENABLE_18F65J94_TRUE=''
ENABLE_18F65K22_FALSE='#'
ENABLE_18F65K22_TRUE=''
ENABLE_18F65K80_FALSE='#'
ENABLE_18F65K80_TRUE=''
ENABLE_18F65K90_FALSE='#'
ENABLE_18F65K90_TRUE=''
ENABLE_18F6620_FALSE='#'
ENABLE_18F6620_TRUE=''
ENABLE_18F6621_FALSE='#'
ENABLE_18F6621_TRUE=''
ENABLE_18F6622_FALSE='#'
ENABLE_18F6622_TRUE=''
ENABLE_18F6627_FALSE='#'
ENABLE_18F6627_TRUE=''
ENABLE_18F6628_FALSE='#'
ENABLE_18F6628_TRUE=''
ENABLE_18F6680_FALSE='#'
ENABLE_18F6680_TRUE=''
ENABLE_18F66J10_FALSE='#'
ENABLE_18F66J10_TRUE=''
ENABLE_18F66J11_FALSE='#'
ENABLE_18F66J11_TRUE=''
ENABLE_18F66J15_FALSE='#'
ENABLE_18F66J15_TRUE=''
ENABLE_18F66J16_FALSE='#'
ENABLE_18F66J16_TRUE=''
ENABLE_18F66J50_FALSE='#'
ENABLE_18F66J50_TRUE=''
ENABLE_18F66J55_FALSE='#'
ENABLE_18F66J55_TRUE=''
ENABLE_18F66J60_FALSE='#'
ENABLE_18F66J60_TRUE=''
ENABLE_18F66J65_FALSE='#'
ENABLE_18F66J65_TRUE=''
ENABLE_18F66J90_FALSE='#'
ENABLE_18F66J90_TRUE=''
ENABLE_18F66J93_FALSE='#'
ENABLE_18F66J93_TRUE=''
ENABLE_18F66J94_FALSE='#'
ENABLE_18F66J94_TRUE=''
ENABLE_18F66J99_FALSE='#'
ENABLE_18F66J99_TRUE=''
ENABLE_18F66K22_FALSE='#'
ENABLE_18F66K22_TRUE=''
ENABLE_18F66K80_FALSE='#'
ENABLE_18F66K80_TRUE=''
ENABLE_18F66K90_FALSE='#'
ENABLE_18F66K90_TRUE=''
ENABLE_18F6720_FALSE='#'
ENABLE_18F6720_TRUE=''
ENABLE_18F6722_FALSE='#'
ENABLE_18F6722_TRUE=''
ENABLE_18F6723_FALSE='#'
ENABLE_18F6723_TRUE=''
ENABLE_18F67J10_FALSE='#'
ENABLE_18F67J10_TRUE=''
ENABLE_18F67J11_FALSE='#'
ENABLE_18F67J11_TRUE=''
ENABLE_18F67J50_FALSE='#'
ENABLE_18F67J50_TRUE=''
ENABLE_18F67J60_FALSE='#'
ENABLE_18F67J60_TRUE=''
ENABLE_18F67J90_FALSE='#'
ENABLE_18F67J90_TRUE=''
ENABLE_18F67J93_FALSE='#'
ENABLE_18F67J93_TRUE=''
ENABLE_18F67J94_FALSE='#'
ENABLE_18F67J94_TRUE=''
ENABLE_18F67K22_FALSE='#'
ENABLE_18F67K22_TRUE=''
ENABLE_18F67K90_FALSE='#'
ENABLE_18F67K90_TRUE=''
ENABLE_18F8310_FALSE='#'
ENABLE_18F8310_TRUE=''
ENABLE_18F8390_FALSE='#'
ENABLE_18F8390_TRUE=''
ENABLE_18F8393_FALSE='#'
ENABLE_18F8393_TRUE=''
ENABLE_18F83J11_FALSE='#'
ENABLE_18F83J11_TRUE=''
ENABLE_18F83J90_FALSE='#'
ENABLE_18F83J90_TRUE=''
ENABLE_18F8410_FALSE='#'
ENABLE_18F8410_TRUE=''
ENABLE_18F8490_FALSE='#'
ENABLE_18F8490_TRUE=''
ENABLE_18F8493_FALSE='#'
ENABLE_18F8493_TRUE=''
ENABLE_18F84J11_FALSE='#'
ENABLE_18F84J11_TRUE=''
ENABLE_18F84J90_FALSE='#'
ENABLE_18F84J90_TRUE=''
ENABLE_18F8520_FALSE='#'
ENABLE_18F8520_TRUE=''
ENABLE_18F8525_FALSE='#'
ENABLE_18F8525_TRUE=''
ENABLE_18F8527_FALSE='#'
ENABLE_18F8527_TRUE=''
ENABLE_18F8585_FALSE='#'
ENABLE_18F8585_TRUE=''
ENABLE_18F85J10_FALSE='#'
ENABLE_18F85J10_TRUE=''
ENABLE_18F85J11_FALSE='#'
ENABLE_18F85J11_TRUE=''
ENABLE_18F85J15_FALSE='#'
ENABLE_18F85J15_TRUE=''
ENABLE_18F85J50_FALSE='#'
ENABLE_18F85J50_TRUE=''
ENABLE_18F85J90_FALSE='#'
ENABLE_18F85J90_TRUE=''
ENABLE_18F85J94_FALSE='#'
ENABLE_18F85J94_TRUE=''
ENABLE_18F85K22_FALSE='#'
ENABLE_18F85K22_TRUE=''
ENABLE_18F85K90_FALSE='#'
ENABLE_18F85K90_TRUE=''
ENABLE_18F8620_FALSE='#'
ENABLE_18F8620_TRUE=''
ENABLE_18F8621_FALSE='#'
ENABLE_18F8621_TRUE=''
ENABLE_18F8622_FALSE='#'
ENABLE_18F8622_TRUE=''
ENABLE_18F8627_FALSE='#'
ENABLE_18F8627_TRUE=''
ENABLE_18F8628_FALSE='#'
ENABLE_18F8628_TRUE=''
ENABLE_18F8680_FALSE='#'
ENABLE_18F8680_TRUE=''
ENABLE_18F86J10_FALSE='#'
ENABLE_18F86J10_TRUE=''
ENABLE_18F86J11_FALSE='#'
ENABLE_18F86J11_TRUE=''
ENABLE_18F86J15_FALSE='#'
ENABLE_18F86J15_TRUE=''
ENABLE_18F86J16_FALSE='#'
ENABLE_18F86J16_TRUE=''
ENABLE_18F86J50_FALSE='#'
ENABLE_18F86J50_TRUE=''
ENABLE_18F86J55_FALSE='#'
ENABLE_18F86J55_TRUE=''
ENABLE_18F86J60_FALSE='#'
ENABLE_18F86J60_TRUE=''
ENABLE_18F86J65_FALSE='#'
ENABLE_18F86J65_TRUE=''
ENABLE_18F86J72_FALSE='#'
ENABLE_18F86J72_TRUE=''
ENABLE_18F86J90_FALSE='#'
ENABLE_18F86J90_TRUE=''
ENABLE_18F86J93_FALSE='#'
ENABLE_18F86J93_TRUE=''
ENABLE_18F86J94_FALSE='#'
ENABLE_18F86J94_TRUE=''
ENABLE_18F86J99_FALSE='#'
ENABLE_18F86J99_TRUE=''
ENABLE_18F86K22_FALSE='#'
ENABLE_18F86K22_TRUE=''
ENABLE_18F86K90_FALSE='#'
ENABLE_18F86K90_TRUE=''
ENABLE_18F8720_FALSE='#'
ENABLE_18F8720_TRUE=''
ENABLE_18F8722_FALSE='#'
ENABLE_18F8722_TRUE=''
ENABLE_18F8723_FALSE='#'
ENABLE_18F8723_TRUE=''
ENABLE_18F87J10_FALSE='#'
ENABLE_18F87J10_TRUE=''
ENABLE_18F87J11_FALSE='#'
ENABLE_18F87J11_TRUE=''
ENABLE_18F87J50_FALSE='#'
ENABLE_18F87J50_TRUE=''
ENABLE_18F87J60_FALSE='#'
ENABLE_18F87J60_TRUE=''
ENABLE_18F87J72_FALSE='#'
ENABLE_18F87J72_TRUE=''
ENABLE_18F87J90_FALSE='#'
ENABLE_18F87J90_TRUE=''
ENABLE_18F87J93_FALSE='#'
ENABLE_18F87J93_TRUE=''
ENABLE_18F87J94_FALSE='#'
ENABLE_18F87J94_TRUE=''
ENABLE_18F87K22_FALSE='#'
ENABLE_18F87K22_TRUE=''
ENABLE_18F87K90_FALSE='#'
ENABLE_18F87K90_TRUE=''
ENABLE_18F95J94_FALSE='#'
ENABLE_18F95J94_TRUE=''
ENABLE_18F96J60_FALSE='#'
ENABLE_18F96J60_TRUE=''
ENABLE_18F96J65_FALSE='#'
ENABLE_18F96J65_TRUE=''
ENABLE_18F96J94_FALSE='#'
ENABLE_18F96J94_TRUE=''
ENABLE_18F96J99_FALSE='#'
ENABLE_18F96J99_TRUE=''
ENABLE_18F97J60_FALSE='#'
ENABLE_18F97J60_TRUE=''
ENABLE_18F97J94_FALSE='#'
ENABLE_18F97J94_TRUE=''
ENABLE_18LF1220_FALSE=''
ENABLE_18LF1220_TRUE='#'
ENABLE_18LF1230_FALSE=''
ENABLE_18LF1230_TRUE='#'
ENABLE_18LF1320_FALSE=''
ENABLE_18LF1320_TRUE='#'
ENABLE_18LF1330_FALSE=''
ENABLE_18LF1330_TRUE='#'
ENABLE_18LF13K22_FALSE='#'
ENABLE_18LF13K22_TRUE=''
ENABLE_18LF13K50_FALSE='#'
ENABLE_18LF13K50_TRUE=''
ENABLE_18LF14K22_FALSE='#'
ENABLE_18LF14K22_TRUE=''
ENABLE_18LF14K50_FALSE='#'
ENABLE_18LF14K50_TRUE=''
ENABLE_18LF2220_FALSE=''
ENABLE_18LF2220_TRUE='#'
ENABLE_18LF2221_FALSE=''
ENABLE_18LF2221_TRUE='#'
ENABLE_18LF2320_FALSE=''
ENABLE_18LF2320_TRUE='#'
ENABLE_18LF2321_FALSE=''
ENABLE_18LF2321_TRUE='#'
ENABLE_18LF2331_FALSE=''
ENABLE_18LF2331_TRUE='#'
ENABLE_18LF23K22_FALSE='#'
ENABLE_18LF23K22_TRUE=''
ENABLE_18LF2410_FALSE=''
ENABLE_18LF2410_TRUE='#'
ENABLE_18LF2420_FALSE=''
ENABLE_18LF2420_TRUE='#'
ENABLE_18LF2423_FALSE=''
ENABLE_18LF2423_TRUE='#'
ENABLE_18LF242_FALSE=''
ENABLE_18LF242_TRUE='#'
ENABLE_18LF2431_FALSE=''
ENABLE_18LF2431_TRUE='#'
ENABLE_18LF2439_FALSE=''
ENABLE_18LF2439_TRUE='#'
ENABLE_18LF2450_FALSE=''
ENABLE_18LF2450_TRUE='#'
ENABLE_18LF2455_FALSE=''
ENABLE_18LF2455_TRUE='#'
ENABLE_18LF2458_FALSE=''
ENABLE_18LF2458_TRUE='#'
ENABLE_18LF2480_FALSE=''
ENABLE_18LF2480_TRUE='#'
ENABLE_18LF248_FALSE=''
ENABLE_18LF248_TRUE='#'
ENABLE_18LF24J10_FALSE='#'
ENABLE_18LF24J10_TRUE=''
ENABLE_18LF24J11_FALSE='#'
ENABLE_18LF24J11_TRUE=''
ENABLE_18LF24J50_FALSE='#'
ENABLE_18LF24J50_TRUE=''
ENABLE_18LF24K22_FALSE='#'
ENABLE_18LF24K22_TRUE=''
ENABLE_18LF24K50_FALSE='#'
ENABLE_18LF24K50_TRUE=''
ENABLE_18LF2510_FALSE=''
ENABLE_18LF2510_TRUE='#'
ENABLE_18LF2515_FALSE=''
ENABLE_18LF2515_TRUE='#'
ENABLE_18LF2520_FALSE=''
ENABLE_18LF2520_TRUE='#'
ENABLE_18LF2523_FALSE=''
ENABLE_18LF2523_TRUE='#'
ENABLE_18LF2525_FALSE=''
ENABLE_18LF2525_TRUE='#'
ENABLE_18LF252_FALSE=''
ENABLE_18LF252_TRUE='#'
ENABLE_18LF2539_FALSE=''
ENABLE_18LF2539_TRUE='#'
ENABLE_18LF2550_FALSE=''
ENABLE_18LF2550_TRUE='#'
ENABLE_18LF2553_FALSE=''
ENABLE_18LF2553_TRUE='#'
ENABLE_18LF2580_FALSE=''
ENABLE_18LF2580_TRUE='#'
ENABLE_18LF2585_FALSE=''
ENABLE_18LF2585_TRUE='#'
ENABLE_18LF258_FALSE=''
ENABLE_18LF258_TRUE='#'
ENABLE_18LF25J10_FALSE='#'
ENABLE_18LF25J10_TRUE=''
ENABLE_18LF25J11_FALSE='#'
ENABLE_18LF25J11_TRUE=''
ENABLE_18LF25J50_FALSE='#'
ENABLE_18LF25J50_TRUE=''
ENABLE_18LF25K22_FALSE='#'
ENABLE_18LF25K22_TRUE=''
ENABLE_18LF25K50_FALSE='#'
ENABLE_18LF25K50_TRUE=''
ENABLE_18LF25K80_FALSE='#'
ENABLE_18LF25K80_TRUE=''
ENABLE_18LF2610_FALSE=''
ENABLE_18LF2610_TRUE='#'
ENABLE_18LF2620_FALSE=''
ENABLE_18LF2620_TRUE='#'
ENABLE_18LF2680_FALSE=''
ENABLE_18LF2680_TRUE='#'
ENABLE_18LF2682_FALSE=''
ENABLE_18LF2682_TRUE='#'
ENABLE_18LF2685_FALSE=''
ENABLE_18LF2685_TRUE='#'
ENABLE_18LF26J11_FALSE='#'
ENABLE_18LF26J11_TRUE=''
ENABLE_18LF26J13_FALSE='#'
ENABLE_18LF26J13_TRUE=''
ENABLE_18LF26J50_FALSE='#'
ENABLE_18LF26J50_TRUE=''
ENABLE_18LF26J53_FALSE='#'
ENABLE_18LF26J53_TRUE=''
ENABLE_18LF26K22_FALSE='#'
ENABLE_18LF26K22_TRUE=''
ENABLE_18LF26K80_FALSE='#'
ENABLE_18LF26K80_TRUE=''
ENABLE_18LF27J13_FALSE='#'
ENABLE_18LF27J13_TRUE=''
ENABLE_18LF27J53_FALSE='#'
ENABLE_18LF27J53_TRUE=''
ENABLE_18LF4220_FALSE=''
ENABLE_18LF4220_TRUE='#'
ENABLE_18LF4221_FALSE=''
ENABLE_18LF4221_TRUE='#'
ENABLE_18LF4320_FALSE=''
ENABLE_18LF4320_TRUE='#'
ENABLE_18LF4321_FALSE=''
ENABLE_18LF4321_TRUE='#'
ENABLE_18LF4331_FALSE=''
ENABLE_18LF4331_TRUE='#'
ENABLE_18LF43K22_FALSE='#'
ENABLE_18LF43K22_TRUE=''
ENABLE_18LF4410_FALSE=''
ENABLE_18LF4410_TRUE='#'
ENABLE_18LF4420_FALSE=''
ENABLE_18LF4420_TRUE='#'
ENABLE_18LF4423_FALSE=''
ENABLE_18LF4423_TRUE='#'
ENABLE_18LF442_FALSE=''
ENABLE_18LF442_TRUE='#'
ENABLE_18LF4431_FALSE=''
ENABLE_18LF4431_TRUE='#'
ENABLE_18LF4439_FALSE=''
ENABLE_18LF4439_TRUE='#'
ENABLE_18LF4450_FALSE=''
ENABLE_18LF4450_TRUE='#'
ENABLE_18LF4455_FALSE=''
ENABLE_18LF4455_TRUE='#'
ENABLE_18LF4458_FALSE=''
ENABLE_18LF4458_TRUE='#'
ENABLE_18LF4480_FALSE=''
ENABLE_18LF4480_TRUE='#'
ENABLE_18LF448_FALSE=''
ENABLE_18LF448_TRUE='#'
ENABLE_18LF44J10_FALSE='#'
ENABLE_18LF44J10_TRUE=''
ENABLE_18LF44J11_FALSE='#'
ENABLE_18LF44J11_TRUE=''
ENABLE_18LF44J50_FALSE='#'
ENABLE_18LF44J50_TRUE=''
ENABLE_18LF44K22_FALSE='#'
ENABLE_18LF44K22_TRUE=''
ENABLE_18LF4510_FALSE=''
ENABLE_18LF4510_TRUE='#'
ENABLE_18LF4515_FALSE=''
ENABLE_18LF4515_TRUE='#'
ENABLE_18LF4520_FALSE=''
ENABLE_18LF4520_TRUE='#'
ENABLE_18LF4523_FALSE=''
ENABLE_18LF4523_TRUE='#'
ENABLE_18LF4525_FALSE=''
ENABLE_18LF4525_TRUE='#'
ENABLE_18LF452_FALSE=''
ENABLE_18LF452_TRUE='#'
ENABLE_18LF4539_FALSE=''
ENABLE_18LF4539_TRUE='#'
ENABLE_18LF4550_FALSE=''
ENABLE_18LF4550_TRUE='#'
ENABLE_18LF4553_FALSE=''
ENABLE_18LF4553_TRUE='#'
ENABLE_18LF4580_FALSE=''
ENABLE_18LF4580_TRUE='#'
ENABLE_18LF4585_FALSE=''
ENABLE_18LF4585_TRUE='#'
ENABLE_18LF458_FALSE=''
ENABLE_18LF458_TRUE='#'
ENABLE_18LF45J10_FALSE='#'
ENABLE_18LF45J10_TRUE=''
ENABLE_18LF45J11_FALSE='#'
ENABLE_18LF45J11_TRUE=''
ENABLE_18LF45J50_FALSE='#'
ENABLE_18LF45J50_TRUE=''
ENABLE_18LF45K22_FALSE='#'
ENABLE_18LF45K22_TRUE=''
ENABLE_18LF45K50_FALSE='#'
ENABLE_18LF45K50_TRUE=''
ENABLE_18LF45K80_FALSE='#'
ENABLE_18LF45K80_TRUE=''
ENABLE_18LF4610_FALSE=''
ENABLE_18LF4610_TRUE='#'
ENABLE_18LF4620_FALSE=''
ENABLE_18LF4620_TRUE='#'
ENABLE_18LF4680_FALSE=''
ENABLE_18LF4680_TRUE='#'
ENABLE_18LF4682_FALSE=''
ENABLE_18LF4682_TRUE='#'
ENABLE_18LF4685_FALSE=''
ENABLE_18LF4685_TRUE='#'
ENABLE_18LF46J11_FALSE='#'
ENABLE_18LF46J11_TRUE=''
ENABLE_18LF46J13_FALSE='#'
ENABLE_18LF46J13_TRUE=''
ENABLE_18LF46J50_FALSE='#'
ENABLE_18LF46J50_TRUE=''
ENABLE_18LF46J53_FALSE='#'
ENABLE_18LF46J53_TRUE=''
ENABLE_18LF46K22_FALSE='#'
ENABLE_18LF46K22_TRUE=''
ENABLE_18LF46K80_FALSE='#'
ENABLE_18LF46K80_TRUE=''
ENABLE_18LF47J13_FALSE='#'
ENABLE_18LF47J13_TRUE=''
ENABLE_18LF47J53_FALSE='#'
ENABLE_18LF47J53_TRUE=''
ENABLE_18LF6310_FALSE=''
ENABLE_18LF6310_TRUE='#'
ENABLE_18LF6390_FALSE=''
ENABLE_18LF6390_TRUE='#'
ENABLE_18LF6393_FALSE=''
ENABLE_18LF6393_TRUE='#'
ENABLE_18LF6410_FALSE=''
ENABLE_18LF6410_TRUE='#'
ENABLE_18LF6490_FALSE=''
ENABLE_18LF6490_TRUE='#'
ENABLE_18LF6493_FALSE=''
ENABLE_18LF6493_TRUE='#'
ENABLE_18LF6520_FALSE=''
ENABLE_18LF6520_TRUE='#'
ENABLE_18LF6525_FALSE=''
ENABLE_18LF6525_TRUE='#'
ENABLE_18LF6527_FALSE=''
ENABLE_18LF6527_TRUE='#'
ENABLE_18LF6585_FALSE=''
ENABLE_18LF6585_TRUE='#'
ENABLE_18LF65K80_FALSE='#'
ENABLE_18LF65K80_TRUE=''
ENABLE_18LF6620_FALSE=''
ENABLE_18LF6620_TRUE='#'
ENABLE_18LF6621_FALSE=''
ENABLE_18LF6621_TRUE='#'
ENABLE_18LF6622_FALSE=''
ENABLE_18LF6622_TRUE='#'
ENABLE_18LF6627_FALSE=''
ENABLE_18LF6627_TRUE='#'
ENABLE_18LF6628_FALSE=''
ENABLE_18LF6628_TRUE='#'
ENABLE_18LF6680_FALSE=''
ENABLE_18LF6680_TRUE='#'
ENABLE_18LF66K80_FALSE='#'
ENABLE_18LF66K80_TRUE=''
ENABLE_18LF6720_FALSE=''
ENABLE_18LF6720_TRUE='#'
ENABLE_18LF6722_FALSE=''
ENABLE_18LF6722_TRUE='#'
ENABLE_18LF6723_FALSE=''
ENABLE_18LF6723_TRUE='#'
ENABLE_18LF8310_FALSE=''
ENABLE_18LF8310_TRUE='#'
ENABLE_18LF8390_FALSE=''
ENABLE_18LF8390_TRUE='#'
ENABLE_18LF8393_FALSE=''
ENABLE_18LF8393_TRUE='#'
ENABLE_18LF8410_FALSE=''
ENABLE_18LF8410_TRUE='#'
ENABLE_18LF8490_FALSE=''
ENABLE_18LF8490_TRUE='#'
ENABLE_18LF8493_FALSE=''
ENABLE_18LF8493_TRUE='#'
ENABLE_18LF8520_FALSE=''
ENABLE_18LF8520_TRUE='#'
ENABLE_18LF8525_FALSE=''
ENABLE_18LF8525_TRUE='#'
ENABLE_18LF8527_FALSE=''
ENABLE_18LF8527_TRUE='#'
ENABLE_18LF8585_FALSE=''
ENABLE_18LF8585_TRUE='#'
ENABLE_18LF8620_FALSE=''
ENABLE_18LF8620_TRUE='#'
ENABLE_18LF8621_FALSE=''
ENABLE_18LF8621_TRUE='#'
ENABLE_18LF8622_FALSE=''
ENABLE_18LF8622_TRUE='#'
ENABLE_18LF8627_FALSE=''
ENABLE_18LF8627_TRUE='#'
ENABLE_18LF8628_FALSE=''
ENABLE_18LF8628_TRUE='#'
ENABLE_18LF8680_FALSE=''
ENABLE_18LF8680_TRUE='#'
ENABLE_18LF8720_FALSE=''
ENABLE_18LF8720_TRUE='#'
ENABLE_18LF8722_FALSE=''
ENABLE_18LF8722_TRUE='#'
ENABLE_18LF8723_FALSE=''
ENABLE_18LF8723_TRUE='#'
GOOD_PICS=' 18f1220 18f1230 18f1320 18f1330 18f13k22 18f13k50 18f14k22 18f14k50 18f2220 18f2221 18f2320 18f2321 18f2331 18f23k20 18f23k22 18f2410 18f242 18f2420 18f2423 18f2431 18f2439 18f2450 18f2455 18f2458 18f248 18f2480 18f24j10 18f24j11 18f24j50 18f24k20 18f24k22 18f24k50 18f2510 18f2515 18f252 18f2520 18f2523 18f2525 18f2539 18f2550 18f2553 18f258 18f2580 18f2585 18f25j10 18f25j11 18f25j50 18f25k20 18f25k22 18f25k50 18f25k80 18f2610 18f2620 18f2680 18f2682 18f2685 18f26j11 18f26j13 18f26j50 18f26j53 18f26k20 18f26k22 18f26k80 18f27j13 18f27j53 18f4220 18f4221 18f4320 18f4321 18f4331 18f43k20 18f43k22 18f4410 18f442 18f4420 18f4423 18f4431 18f4439 18f4450 18f4455 18f4458 18f448 18f4480 18f44j10 18f44j11 18f44j50 18f44k20 18f44k22 18f4510 18f4515 18f452 18f4520 18f4523 18f4525 18f4539 18f4550 18f4553 18f458 18f4580 18f4585 18f45j10 18f45j11 18f45j50 18f45k20 18f45k22 18f45k50 18f45k80 18f4610 18f4620 18f4680 18f4682 18f4685 18f46j11 18f46j13 18f46j50 18f46j53 18f46k20 18f46k22 18f46k80 18f47j13 18f47j53 18f6310 18f6390 18f6393 18f63j11 18f63j90 18f6410 18f6490 18f6493 18f64j11 18f64j90 18f6520 18f6525 18f6527 18f6585 18f65j10 18f65j11 18f65j15 18f65j50 18f65j90 18f65j94 18f65k22 18f65k80 18f65k90 18f6620 18f6621 18f6622 18f6627 18f6628 18f6680 18f66j10 18f66j11 18f66j15 18f66j16 18f66j50 18f66j55 18f66j60 18f66j65 18f66j90 18f66j93 18f66j94 18f66j99 18f66k22 18f66k80 18f66k90 18f6720 18f6722 18f6723 18f67j10 18f67j11 18f67j50 18f67j60 18f67j90 18f67j93 18f67j94 18f67k22 18f67k90 18f8310 18f8390 18f8393 18f83j11 18f83j90 18f8410 18f8490 18f8493 18f84j11 18f84j90 18f8520 18f8525 18f8527 18f8585 18f85j10 18f85j11 18f85j15 18f85j50 18f85j90 18f85j94 18f85k22 18f85k90 18f8620 18f8621 18f8622 18f8627 18f8628 18f8680 18f86j10 18f86j11 18f86j15 18f86j16 18f86j50 18f86j55 18f86j60 18f86j65 18f86j72 18f86j90 18f86j93 18f86j94 18f86j99 18f86k22 18f86k90 18f8720 18f8722 18f8723 18f87j10 18f87j11 18f87j50 18f87j60 18f87j72 18f87j90 18f87j93 18f87j94 18f87k22 18f87k90 18f95j94 18f96j60 18f96j65 18f96j94 18f96j99 18f97j60 18f97j94 18lf13k22 18lf13k50 18lf14k22 18lf14k50 18lf23k22 18lf24j10 18lf24j11 18lf24j50 18lf24k22 18lf24k50 18lf25j10 18lf25j11 18lf25j50 18lf25k22 18lf25k50 18lf25k80 18lf26j11 18lf26j13 18lf26j50 18lf26j53 18lf26k22 18lf26k80 18lf27j13 18lf27j53 18lf43k22 18lf44j10 18lf44j11 18lf44j50 18lf44k22 18lf45j10 18lf45j11 18lf45j50 18lf45k22 18lf45k50 18lf45k80 18lf46j11 18lf46j13 18lf46j50 18lf46j53 18lf46k22 18lf46k80 18lf47j13 18lf47j53 18lf65k80 18lf66k80'
INSTALL_DATA='${INSTALL} -m 644'
INSTALL_PROGRAM='${INSTALL}'
INSTALL_SCRIPT='${INSTALL}'
INSTALL_STRIP_PROGRAM='$(install_sh) -c -s'
LD=''\''/usr/bin/gplink'\'''
LIBOBJS=''
LIBS=''
LTLIBOBJS=''
MAKEINFO='${SHELL} /home/xavier/sdcc/device/non-free/lib/pic16/missing --run makeinfo'
MKDIR_P='/bin/mkdir -p'
OBJEXT='o'
PACKAGE='pic16lib'
PACKAGE_BUGREPORT='tecodev AT users sourceforge net'
PACKAGE_NAME='pic16lib'
PACKAGE_STRING='pic16lib 0.3'
PACKAGE_TARNAME='pic16lib'
PACKAGE_URL=''
PACKAGE_VERSION='0.3'
PATH_SEPARATOR=':'
RANLIB=':'
SET_MAKE=''
SHELL='/bin/bash'
STRIP=''
USE_FLOATS='-DUSE_FLOATS=0'
VERSION='0.3'
am__fastdepCCAS_FALSE=''
am__fastdepCCAS_TRUE='#'
am__fastdepCC_FALSE=''
am__fastdepCC_TRUE='#'
am__include='include'
am__isrc=''
am__leading_dot='.'
am__nodep='_no'
am__quote=''
am__tar='$${TAR-tar} chof - "$$tardir"'
am__untar='$${TAR-tar} xf -'
bindir='${exec_prefix}/bin'
build_alias=''
datadir='${datarootdir}'
datarootdir='${prefix}/share'
docdir='${datarootdir}/doc/${PACKAGE}'
dvidir='${docdir}'
exec_prefix='${prefix}'
host_alias=''
htmldir='${docdir}'
includedir='${prefix}/include'
infodir='${datarootdir}/info'
install_sh='${SHELL} /home/xavier/sdcc/device/non-free/lib/pic16/install-sh'
libdir='${exec_prefix}/lib/pic16'
libexecdir='${exec_prefix}/libexec'
localedir='${datarootdir}/locale'
localstatedir='${prefix}/var'
mandir='${datarootdir}/man'
mkdir_p='/bin/mkdir -p'
oldincludedir='/usr/include'
pdfdir='${docdir}'
prefix='/usr/local'
program_transform_name='s,x,x,'
psdir='${docdir}'
runstatedir='${localstatedir}/run'
sbindir='${exec_prefix}/sbin'
sharedstatedir='${prefix}/com'
sysconfdir='${prefix}/etc'
target_alias=''

## ----------- ##
## confdefs.h. ##
## ----------- ##

/* confdefs.h */
#define PACKAGE_NAME "pic16lib"
#define PACKAGE_TARNAME "pic16lib"
#define PACKAGE_VERSION "0.3"
#define PACKAGE_STRING "pic16lib 0.3"
#define PACKAGE_BUGREPORT "tecodev AT users sourceforge net"
#define PACKAGE_URL ""
#define PACKAGE "pic16lib"
#define VERSION "0.3"

configure: exit 0
