                                      1 ;--------------------------------------------------------------------------
                                      2 ;  _divsint.s
                                      3 ;
                                      4 ;  Copyright (C) 2014, Philipp Klaus Krause
                                      5 ;
                                      6 ;  This library is free software; you can redistribute it and/or modify it
                                      7 ;  under the terms of the GNU General Public License as published by the
                                      8 ;  Free Software Foundation; either version 2, or (at your option) any
                                      9 ;  later version.
                                     10 ;
                                     11 ;  This library is distributed in the hope that it will be useful,
                                     12 ;  but WITHOUT ANY WARRANTY; without even the implied warranty of
                                     13 ;  MERCHANTABILITY or FITNESS FOR A PARTICULAR PURPOSE. See the
                                     14 ;  GNU General Public License for more details.
                                     15 ;
                                     16 ;  You should have received a copy of the GNU General Public License 
                                     17 ;  along with this library; see the file COPYING. If not, write to the
                                     18 ;  Free Software Foundation, 51 Franklin Street, Fifth Floor, Boston,
                                     19 ;   MA 02110-1301, USA.
                                     20 ;
                                     21 ;  As a special exception, if you link this library with other files,
                                     22 ;  some of which are compiled with SDCC, to produce an executable,
                                     23 ;  this library does not by itself cause the resulting executable to
                                     24 ;  be covered by the GNU General Public License. This exception does
                                     25 ;  not however invalidate any other reasons why the executable file
                                     26 ;   might be covered by the GNU General Public License.
                                     27 ;--------------------------------------------------------------------------
                                     28 
                                     29 	.globl __divsint
                                     30 
                                     31 	.area CODE
                                     32 
      000000                         33 __divsint:
      000000 1E 03            [ 2]   34 	ldw	x, (#3, sp)
      000002 9E               [ 1]   35 	ld	a, xh
      000003 16 05            [ 2]   36 	ldw	y, (#5, sp)
      000005 2A 03            [ 1]   37 	jrpl	y_nonnegative
      000007 43               [ 1]   38 	cpl	a
      000008 90 50            [ 2]   39 	negw	y
      00000A                         40 y_nonnegative:
      00000A 5D               [ 2]   41 	tnzw	x
      00000B 2A 01            [ 1]   42 	jrpl	x_nonnegative
      00000D 50               [ 2]   43 	negw	x
      00000E                         44 x_nonnegative:
      00000E 65               [ 2]   45 	divw	x, y
      00000F 4D               [ 1]   46 	tnz	a
      000010 2A 01            [ 1]   47 	jrpl	return_nonnegative
      000012 50               [ 2]   48 	negw	x
      000013                         49 return_nonnegative:
      000013 81               [ 4]   50 	ret
                                     51 
