                                      1 ;--------------------------------------------------------
                                      2 ; File Created by SDCC : free open source ANSI-C Compiler
                                      3 ; Version 3.9.3 #11345 (Linux)
                                      4 ;--------------------------------------------------------
                                      5 	.module _fs2ulong
                                      6 	.optsdcc -mstm8
                                      7 	
                                      8 ;--------------------------------------------------------
                                      9 ; Public variables in this module
                                     10 ;--------------------------------------------------------
                                     11 	.globl ___fs2ulong
                                     12 ;--------------------------------------------------------
                                     13 ; ram data
                                     14 ;--------------------------------------------------------
                                     15 	.area DATA
                                     16 ;--------------------------------------------------------
                                     17 ; ram data
                                     18 ;--------------------------------------------------------
                                     19 	.area INITIALIZED
                                     20 ;--------------------------------------------------------
                                     21 ; absolute external ram data
                                     22 ;--------------------------------------------------------
                                     23 	.area DABS (ABS)
                                     24 
                                     25 ; default segment ordering for linker
                                     26 	.area HOME
                                     27 	.area GSINIT
                                     28 	.area GSFINAL
                                     29 	.area CONST
                                     30 	.area INITIALIZER
                                     31 	.area CODE
                                     32 
                                     33 ;--------------------------------------------------------
                                     34 ; global & static initialisations
                                     35 ;--------------------------------------------------------
                                     36 	.area HOME
                                     37 	.area GSINIT
                                     38 	.area GSFINAL
                                     39 	.area GSINIT
                                     40 ;--------------------------------------------------------
                                     41 ; Home
                                     42 ;--------------------------------------------------------
                                     43 	.area HOME
                                     44 	.area HOME
                                     45 ;--------------------------------------------------------
                                     46 ; code
                                     47 ;--------------------------------------------------------
                                     48 	.area CODE
                                     49 ;	../_fs2ulong.c: 103: __fs2ulong (float a1)
                                     50 ;	-----------------------------------------
                                     51 ;	 function __fs2ulong
                                     52 ;	-----------------------------------------
      000000                         53 ___fs2ulong:
      000000 52 0E            [ 2]   54 	sub	sp, #14
                                     55 ;	../_fs2ulong.c: 109: fl1.f = a1;
      000002 16 13            [ 2]   56 	ldw	y, (0x13, sp)
      000004 17 03            [ 2]   57 	ldw	(0x03, sp), y
      000006 16 11            [ 2]   58 	ldw	y, (0x11, sp)
      000008 17 01            [ 2]   59 	ldw	(0x01, sp), y
                                     60 ;	../_fs2ulong.c: 111: if (!fl1.l || SIGN(fl1.l))
      00000A 1E 03            [ 2]   61 	ldw	x, (0x03, sp)
      00000C 16 01            [ 2]   62 	ldw	y, (0x01, sp)
      00000E 5D               [ 2]   63 	tnzw	x
      00000F 26 04            [ 1]   64 	jrne	00111$
      000011 90 5D            [ 2]   65 	tnzw	y
      000013 27 08            [ 1]   66 	jreq	00101$
      000015                         67 00111$:
      000015 7B 04            [ 1]   68 	ld	a, (0x04, sp)
      000017 7B 03            [ 1]   69 	ld	a, (0x03, sp)
      000019 16 01            [ 2]   70 	ldw	y, (0x01, sp)
      00001B 2A 05            [ 1]   71 	jrpl	00102$
      00001D                         72 00101$:
                                     73 ;	../_fs2ulong.c: 112: return (0);
      00001D 5F               [ 1]   74 	clrw	x
      00001E 90 5F            [ 1]   75 	clrw	y
      000020 20 3A            [ 2]   76 	jra	00104$
      000022                         77 00102$:
                                     78 ;	../_fs2ulong.c: 114: exp = EXP (fl1.l) - EXCESS - 24;
      000022 1E 01            [ 2]   79 	ldw	x, (0x01, sp)
      000024 A6 80            [ 1]   80 	ld	a, #0x80
      000026 62               [ 2]   81 	div	x, a
      000027 4F               [ 1]   82 	clr	a
      000028 95               [ 1]   83 	ld	xh, a
      000029 1D 00 96         [ 2]   84 	subw	x, #0x0096
      00002C 1F 05            [ 2]   85 	ldw	(0x05, sp), x
                                     86 ;	../_fs2ulong.c: 115: l = MANT (fl1.l);
      00002E 16 03            [ 2]   87 	ldw	y, (0x03, sp)
      000030 1E 01            [ 2]   88 	ldw	x, (0x01, sp)
      000032 9F               [ 1]   89 	ld	a, xl
      000033 A4 7F            [ 1]   90 	and	a, #0x7f
      000035 97               [ 1]   91 	ld	xl, a
      000036 4F               [ 1]   92 	clr	a
      000037 01               [ 1]   93 	rrwa	x
      000038 AA 80            [ 1]   94 	or	a, #0x80
      00003A 97               [ 1]   95 	ld	xl, a
      00003B 17 09            [ 2]   96 	ldw	(0x09, sp), y
      00003D 1F 07            [ 2]   97 	ldw	(0x07, sp), x
                                     98 ;	../_fs2ulong.c: 117: l >>= -exp;
      00003F 7B 06            [ 1]   99 	ld	a, (0x06, sp)
      000041 40               [ 1]  100 	neg	a
      000042 16 09            [ 2]  101 	ldw	y, (0x09, sp)
      000044 17 0D            [ 2]  102 	ldw	(0x0d, sp), y
      000046 1E 07            [ 2]  103 	ldw	x, (0x07, sp)
      000048 4D               [ 1]  104 	tnz	a
      000049 27 08            [ 1]  105 	jreq	00114$
      00004B                        106 00113$:
      00004B 57               [ 2]  107 	sraw	x
      00004C 06 0D            [ 1]  108 	rrc	(0x0d, sp)
      00004E 06 0E            [ 1]  109 	rrc	(0x0e, sp)
      000050 4A               [ 1]  110 	dec	a
      000051 26 F8            [ 1]  111 	jrne	00113$
      000053                        112 00114$:
      000053 1F 07            [ 2]  113 	ldw	(0x07, sp), x
      000055 16 0D            [ 2]  114 	ldw	y, (0x0d, sp)
                                    115 ;	../_fs2ulong.c: 119: return l;
      000057 17 09            [ 2]  116 	ldw	(0x09, sp), y
      000059 93               [ 1]  117 	ldw	x, y
      00005A 16 07            [ 2]  118 	ldw	y, (0x07, sp)
      00005C                        119 00104$:
                                    120 ;	../_fs2ulong.c: 120: }
      00005C 5B 0E            [ 2]  121 	addw	sp, #14
      00005E 81               [ 4]  122 	ret
                                    123 	.area CODE
                                    124 	.area CONST
                                    125 	.area INITIALIZER
                                    126 	.area CABS (ABS)
