                                      1 ;--------------------------------------------------------
                                      2 ; File Created by SDCC : free open source ANSI-C Compiler
                                      3 ; Version 3.9.3 #11345 (Linux)
                                      4 ;--------------------------------------------------------
                                      5 	.module _fsadd
                                      6 	.optsdcc -mstm8
                                      7 	
                                      8 ;--------------------------------------------------------
                                      9 ; Public variables in this module
                                     10 ;--------------------------------------------------------
                                     11 	.globl ___fsadd
                                     12 ;--------------------------------------------------------
                                     13 ; ram data
                                     14 ;--------------------------------------------------------
                                     15 	.area DATA
                                     16 ;--------------------------------------------------------
                                     17 ; ram data
                                     18 ;--------------------------------------------------------
                                     19 	.area INITIALIZED
                                     20 ;--------------------------------------------------------
                                     21 ; absolute external ram data
                                     22 ;--------------------------------------------------------
                                     23 	.area DABS (ABS)
                                     24 
                                     25 ; default segment ordering for linker
                                     26 	.area HOME
                                     27 	.area GSINIT
                                     28 	.area GSFINAL
                                     29 	.area CONST
                                     30 	.area INITIALIZER
                                     31 	.area CODE
                                     32 
                                     33 ;--------------------------------------------------------
                                     34 ; global & static initialisations
                                     35 ;--------------------------------------------------------
                                     36 	.area HOME
                                     37 	.area GSINIT
                                     38 	.area GSFINAL
                                     39 	.area GSINIT
                                     40 ;--------------------------------------------------------
                                     41 ; Home
                                     42 ;--------------------------------------------------------
                                     43 	.area HOME
                                     44 	.area HOME
                                     45 ;--------------------------------------------------------
                                     46 ; code
                                     47 ;--------------------------------------------------------
                                     48 	.area CODE
                                     49 ;	../_fsadd.c: 170: float __fsadd (float a1, float a2)
                                     50 ;	-----------------------------------------
                                     51 ;	 function __fsadd
                                     52 ;	-----------------------------------------
      000000                         53 ___fsadd:
      000000 52 16            [ 2]   54 	sub	sp, #22
                                     55 ;	../_fsadd.c: 178: pfl2 = (long _AUTOMEM *)&a2;
      000002 96               [ 1]   56 	ldw	x, sp
      000003 1C 00 1D         [ 2]   57 	addw	x, #29
                                     58 ;	../_fsadd.c: 179: exp2 = EXP (*pfl2);
      000006 90 93            [ 1]   59 	ldw	y, x
      000008 90 EE 02         [ 2]   60 	ldw	y, (0x2, y)
      00000B 17 11            [ 2]   61 	ldw	(0x11, sp), y
      00000D FE               [ 2]   62 	ldw	x, (x)
      00000E 1F 0F            [ 2]   63 	ldw	(0x0f, sp), x
      000010 16 11            [ 2]   64 	ldw	y, (0x11, sp)
      000012 17 15            [ 2]   65 	ldw	(0x15, sp), y
      000014 16 0F            [ 2]   66 	ldw	y, (0x0f, sp)
      000016 17 13            [ 2]   67 	ldw	(0x13, sp), y
      000018 93               [ 1]   68 	ldw	x, y
      000019 A6 80            [ 1]   69 	ld	a, #0x80
      00001B 62               [ 2]   70 	div	x, a
      00001C 4F               [ 1]   71 	clr	a
      00001D 95               [ 1]   72 	ld	xh, a
      00001E 1F 01            [ 2]   73 	ldw	(0x01, sp), x
                                     74 ;	../_fsadd.c: 180: mant2 = MANT (*pfl2) << 4;
      000020 16 11            [ 2]   75 	ldw	y, (0x11, sp)
      000022 7B 10            [ 1]   76 	ld	a, (0x10, sp)
      000024 A4 7F            [ 1]   77 	and	a, #0x7f
      000026 95               [ 1]   78 	ld	xh, a
      000027 4F               [ 1]   79 	clr	a
      000028 97               [ 1]   80 	ld	xl, a
      000029 58               [ 2]   81 	sllw	x
      00002A 99               [ 1]   82 	scf
      00002B 56               [ 2]   83 	rrcw	x
      00002C 5E               [ 1]   84 	swapw	x
      00002D A6 04            [ 1]   85 	ld	a, #0x04
      00002F                         86 00240$:
      00002F 90 58            [ 2]   87 	sllw	y
      000031 59               [ 2]   88 	rlcw	x
      000032 4A               [ 1]   89 	dec	a
      000033 26 FA            [ 1]   90 	jrne	00240$
      000035 17 05            [ 2]   91 	ldw	(0x05, sp), y
      000037 1F 03            [ 2]   92 	ldw	(0x03, sp), x
                                     93 ;	../_fsadd.c: 181: if (SIGN (*pfl2))
      000039 0D 13            [ 1]   94 	tnz	(0x13, sp)
      00003B 2A 0E            [ 1]   95 	jrpl	00102$
                                     96 ;	../_fsadd.c: 182: mant2 = -mant2;
      00003D 16 05            [ 2]   97 	ldw	y, (0x05, sp)
      00003F 90 50            [ 2]   98 	negw	y
      000041 1E 03            [ 2]   99 	ldw	x, (0x03, sp)
      000043 24 01            [ 1]  100 	jrnc	00243$
      000045 5C               [ 1]  101 	incw	x
      000046                        102 00243$:
      000046 50               [ 2]  103 	negw	x
      000047 17 05            [ 2]  104 	ldw	(0x05, sp), y
      000049 1F 03            [ 2]  105 	ldw	(0x03, sp), x
      00004B                        106 00102$:
                                    107 ;	../_fsadd.c: 184: if (!*pfl2)
      00004B 1E 11            [ 2]  108 	ldw	x, (0x11, sp)
      00004D 26 0B            [ 1]  109 	jrne	00104$
      00004F 1E 0F            [ 2]  110 	ldw	x, (0x0f, sp)
      000051 26 07            [ 1]  111 	jrne	00104$
                                    112 ;	../_fsadd.c: 185: return (a1);
      000053 1E 1B            [ 2]  113 	ldw	x, (0x1b, sp)
      000055 16 19            [ 2]  114 	ldw	y, (0x19, sp)
      000057 CCr02r79         [ 2]  115 	jp	00137$
      00005A                        116 00104$:
                                    117 ;	../_fsadd.c: 187: pfl1 = (long _AUTOMEM *)&a1;
      00005A 96               [ 1]  118 	ldw	x, sp
      00005B 1C 00 19         [ 2]  119 	addw	x, #25
                                    120 ;	../_fsadd.c: 188: exp1 = EXP (*pfl1);
      00005E 1F 07            [ 2]  121 	ldw	(0x07, sp), x
      000060 90 93            [ 1]  122 	ldw	y, x
      000062 90 EE 02         [ 2]  123 	ldw	y, (0x2, y)
      000065 17 0B            [ 2]  124 	ldw	(0x0b, sp), y
      000067 FE               [ 2]  125 	ldw	x, (x)
      000068 1F 09            [ 2]  126 	ldw	(0x09, sp), x
      00006A 16 0B            [ 2]  127 	ldw	y, (0x0b, sp)
      00006C 17 15            [ 2]  128 	ldw	(0x15, sp), y
      00006E 16 09            [ 2]  129 	ldw	y, (0x09, sp)
      000070 17 13            [ 2]  130 	ldw	(0x13, sp), y
      000072 93               [ 1]  131 	ldw	x, y
      000073 A6 80            [ 1]  132 	ld	a, #0x80
      000075 62               [ 2]  133 	div	x, a
      000076 4F               [ 1]  134 	clr	a
      000077 95               [ 1]  135 	ld	xh, a
      000078 1F 0D            [ 2]  136 	ldw	(0x0d, sp), x
                                    137 ;	../_fsadd.c: 189: mant1 = MANT (*pfl1) << 4;
      00007A 16 0B            [ 2]  138 	ldw	y, (0x0b, sp)
      00007C 7B 0A            [ 1]  139 	ld	a, (0x0a, sp)
      00007E A4 7F            [ 1]  140 	and	a, #0x7f
      000080 95               [ 1]  141 	ld	xh, a
      000081 4F               [ 1]  142 	clr	a
      000082 97               [ 1]  143 	ld	xl, a
      000083 58               [ 2]  144 	sllw	x
      000084 99               [ 1]  145 	scf
      000085 56               [ 2]  146 	rrcw	x
      000086 5E               [ 1]  147 	swapw	x
      000087 A6 04            [ 1]  148 	ld	a, #0x04
      000089                        149 00246$:
      000089 90 58            [ 2]  150 	sllw	y
      00008B 59               [ 2]  151 	rlcw	x
      00008C 4A               [ 1]  152 	dec	a
      00008D 26 FA            [ 1]  153 	jrne	00246$
      00008F 17 11            [ 2]  154 	ldw	(0x11, sp), y
      000091 1F 0F            [ 2]  155 	ldw	(0x0f, sp), x
                                    156 ;	../_fsadd.c: 190: if (SIGN(*pfl1))
      000093 0D 13            [ 1]  157 	tnz	(0x13, sp)
      000095 2A 20            [ 1]  158 	jrpl	00108$
                                    159 ;	../_fsadd.c: 191: if (*pfl1 & 0x80000000)
      000097 0D 09            [ 1]  160 	tnz	(0x09, sp)
      000099 2A 1C            [ 1]  161 	jrpl	00108$
                                    162 ;	../_fsadd.c: 192: mant1 = -mant1;
      00009B 7B 12            [ 1]  163 	ld	a, (0x12, sp)
      00009D 40               [ 1]  164 	neg	a
      00009E 6B 16            [ 1]  165 	ld	(0x16, sp), a
      0000A0 4F               [ 1]  166 	clr	a
      0000A1 12 11            [ 1]  167 	sbc	a, (0x11, sp)
      0000A3 6B 15            [ 1]  168 	ld	(0x15, sp), a
      0000A5 4F               [ 1]  169 	clr	a
      0000A6 12 10            [ 1]  170 	sbc	a, (0x10, sp)
      0000A8 6B 14            [ 1]  171 	ld	(0x14, sp), a
      0000AA 4F               [ 1]  172 	clr	a
      0000AB 12 0F            [ 1]  173 	sbc	a, (0x0f, sp)
      0000AD 6B 0F            [ 1]  174 	ld	(0x0f, sp), a
      0000AF 16 15            [ 2]  175 	ldw	y, (0x15, sp)
      0000B1 17 11            [ 2]  176 	ldw	(0x11, sp), y
      0000B3 7B 14            [ 1]  177 	ld	a, (0x14, sp)
      0000B5 6B 10            [ 1]  178 	ld	(0x10, sp), a
      0000B7                        179 00108$:
                                    180 ;	../_fsadd.c: 194: if (!*pfl1)
      0000B7 1E 0B            [ 2]  181 	ldw	x, (0x0b, sp)
      0000B9 26 0B            [ 1]  182 	jrne	00110$
      0000BB 1E 09            [ 2]  183 	ldw	x, (0x09, sp)
      0000BD 26 07            [ 1]  184 	jrne	00110$
                                    185 ;	../_fsadd.c: 195: return (a2);
      0000BF 1E 1F            [ 2]  186 	ldw	x, (0x1f, sp)
      0000C1 16 1D            [ 2]  187 	ldw	y, (0x1d, sp)
      0000C3 CCr02r79         [ 2]  188 	jp	00137$
      0000C6                        189 00110$:
                                    190 ;	../_fsadd.c: 197: expd = exp1 - exp2;
      0000C6 1E 0D            [ 2]  191 	ldw	x, (0x0d, sp)
      0000C8 72 F0 01         [ 2]  192 	subw	x, (0x01, sp)
                                    193 ;	../_fsadd.c: 198: if (expd > 25)
      0000CB 1F 15            [ 2]  194 	ldw	(0x15, sp), x
      0000CD A3 00 19         [ 2]  195 	cpw	x, #0x0019
      0000D0 2D 07            [ 1]  196 	jrsle	00112$
                                    197 ;	../_fsadd.c: 199: return (a1);
      0000D2 1E 1B            [ 2]  198 	ldw	x, (0x1b, sp)
      0000D4 16 19            [ 2]  199 	ldw	y, (0x19, sp)
      0000D6 CCr02r79         [ 2]  200 	jp	00137$
      0000D9                        201 00112$:
                                    202 ;	../_fsadd.c: 200: if (expd < -25)
      0000D9 1E 15            [ 2]  203 	ldw	x, (0x15, sp)
      0000DB A3 FF E7         [ 2]  204 	cpw	x, #0xffe7
      0000DE 2E 07            [ 1]  205 	jrsge	00114$
                                    206 ;	../_fsadd.c: 201: return (a2);
      0000E0 1E 1F            [ 2]  207 	ldw	x, (0x1f, sp)
      0000E2 16 1D            [ 2]  208 	ldw	y, (0x1d, sp)
      0000E4 CCr02r79         [ 2]  209 	jp	00137$
      0000E7                        210 00114$:
                                    211 ;	../_fsadd.c: 203: if (expd < 0)
      0000E7 0D 15            [ 1]  212 	tnz	(0x15, sp)
      0000E9 2A 1E            [ 1]  213 	jrpl	00116$
                                    214 ;	../_fsadd.c: 205: expd = -expd;
      0000EB 1E 15            [ 2]  215 	ldw	x, (0x15, sp)
      0000ED 50               [ 2]  216 	negw	x
                                    217 ;	../_fsadd.c: 206: exp1 += expd;
      0000EE 1F 15            [ 2]  218 	ldw	(0x15, sp), x
      0000F0 72 FB 0D         [ 2]  219 	addw	x, (0x0d, sp)
      0000F3 1F 0D            [ 2]  220 	ldw	(0x0d, sp), x
                                    221 ;	../_fsadd.c: 207: mant1 >>= expd;
      0000F5 1E 11            [ 2]  222 	ldw	x, (0x11, sp)
      0000F7 16 0F            [ 2]  223 	ldw	y, (0x0f, sp)
      0000F9 7B 16            [ 1]  224 	ld	a, (0x16, sp)
      0000FB 27 06            [ 1]  225 	jreq	00256$
      0000FD                        226 00255$:
      0000FD 90 57            [ 2]  227 	sraw	y
      0000FF 56               [ 2]  228 	rrcw	x
      000100 4A               [ 1]  229 	dec	a
      000101 26 FA            [ 1]  230 	jrne	00255$
      000103                        231 00256$:
      000103 1F 11            [ 2]  232 	ldw	(0x11, sp), x
      000105 17 0F            [ 2]  233 	ldw	(0x0f, sp), y
      000107 20 12            [ 2]  234 	jra	00117$
      000109                        235 00116$:
                                    236 ;	../_fsadd.c: 211: mant2 >>= expd;
      000109 1E 05            [ 2]  237 	ldw	x, (0x05, sp)
      00010B 16 03            [ 2]  238 	ldw	y, (0x03, sp)
      00010D 7B 16            [ 1]  239 	ld	a, (0x16, sp)
      00010F 27 06            [ 1]  240 	jreq	00258$
      000111                        241 00257$:
      000111 90 57            [ 2]  242 	sraw	y
      000113 56               [ 2]  243 	rrcw	x
      000114 4A               [ 1]  244 	dec	a
      000115 26 FA            [ 1]  245 	jrne	00257$
      000117                        246 00258$:
      000117 1F 05            [ 2]  247 	ldw	(0x05, sp), x
      000119 17 03            [ 2]  248 	ldw	(0x03, sp), y
      00011B                        249 00117$:
                                    250 ;	../_fsadd.c: 213: mant1 += mant2;
      00011B 16 11            [ 2]  251 	ldw	y, (0x11, sp)
      00011D 72 F9 05         [ 2]  252 	addw	y, (0x05, sp)
      000120 1E 0F            [ 2]  253 	ldw	x, (0x0f, sp)
      000122 24 01            [ 1]  254 	jrnc	00259$
      000124 5C               [ 1]  255 	incw	x
      000125                        256 00259$:
      000125 72 FB 03         [ 2]  257 	addw	x, (0x03, sp)
      000128 17 13            [ 2]  258 	ldw	(0x13, sp), y
      00012A 1F 11            [ 2]  259 	ldw	(0x11, sp), x
                                    260 ;	../_fsadd.c: 215: sign = false;
      00012C 0F 10            [ 1]  261 	clr	(0x10, sp)
                                    262 ;	../_fsadd.c: 217: if (mant1 < 0)
      00012E 0D 11            [ 1]  263 	tnz	(0x11, sp)
      000130 2A 14            [ 1]  264 	jrpl	00121$
                                    265 ;	../_fsadd.c: 219: mant1 = -mant1;
      000132 16 13            [ 2]  266 	ldw	y, (0x13, sp)
      000134 90 50            [ 2]  267 	negw	y
      000136 1E 11            [ 2]  268 	ldw	x, (0x11, sp)
      000138 24 01            [ 1]  269 	jrnc	00261$
      00013A 5C               [ 1]  270 	incw	x
      00013B                        271 00261$:
      00013B 50               [ 2]  272 	negw	x
      00013C 17 13            [ 2]  273 	ldw	(0x13, sp), y
      00013E 1F 11            [ 2]  274 	ldw	(0x11, sp), x
                                    275 ;	../_fsadd.c: 220: sign = true;
      000140 A6 01            [ 1]  276 	ld	a, #0x01
      000142 6B 10            [ 1]  277 	ld	(0x10, sp), a
      000144 20 0D            [ 2]  278 	jra	00154$
      000146                        279 00121$:
                                    280 ;	../_fsadd.c: 222: else if (!mant1)
      000146 1E 13            [ 2]  281 	ldw	x, (0x13, sp)
      000148 26 09            [ 1]  282 	jrne	00154$
                                    283 ;	../_fsadd.c: 223: return (0);
      00014A 1E 11            [ 2]  284 	ldw	x, (0x11, sp)
      00014C 26 05            [ 1]  285 	jrne	00154$
      00014E 90 5F            [ 1]  286 	clrw	y
      000150 CCr02r79         [ 2]  287 	jp	00137$
                                    288 ;	../_fsadd.c: 226: while (mant1 < (HIDDEN<<4)) {
      000153                        289 00154$:
      000153 16 0D            [ 2]  290 	ldw	y, (0x0d, sp)
      000155 17 15            [ 2]  291 	ldw	(0x15, sp), y
      000157                        292 00123$:
      000157 1E 11            [ 2]  293 	ldw	x, (0x11, sp)
      000159 A3 08 00         [ 2]  294 	cpw	x, #0x0800
      00015C 24 0F            [ 1]  295 	jrnc	00157$
                                    296 ;	../_fsadd.c: 227: mant1 <<= 1;
      00015E 08 14            [ 1]  297 	sll	(0x14, sp)
      000160 09 13            [ 1]  298 	rlc	(0x13, sp)
      000162 09 12            [ 1]  299 	rlc	(0x12, sp)
      000164 09 11            [ 1]  300 	rlc	(0x11, sp)
                                    301 ;	../_fsadd.c: 228: exp1--;
      000166 1E 15            [ 2]  302 	ldw	x, (0x15, sp)
      000168 5A               [ 2]  303 	decw	x
      000169 1F 15            [ 2]  304 	ldw	(0x15, sp), x
      00016B 20 EA            [ 2]  305 	jra	00123$
                                    306 ;	../_fsadd.c: 232: while (mant1 & 0xf0000000) {
      00016D                        307 00157$:
      00016D                        308 00128$:
      00016D 7B 11            [ 1]  309 	ld	a, (0x11, sp)
      00016F A5 F0            [ 1]  310 	bcp	a, #0xf0
      000171 27 23            [ 1]  311 	jreq	00163$
                                    312 ;	../_fsadd.c: 233: if (mant1&1)
      000173 7B 14            [ 1]  313 	ld	a, (0x14, sp)
      000175 44               [ 1]  314 	srl	a
      000176 24 0F            [ 1]  315 	jrnc	00127$
                                    316 ;	../_fsadd.c: 234: mant1 += 2;
      000178 1E 13            [ 2]  317 	ldw	x, (0x13, sp)
      00017A 1C 00 02         [ 2]  318 	addw	x, #0x0002
      00017D 16 11            [ 2]  319 	ldw	y, (0x11, sp)
      00017F 24 02            [ 1]  320 	jrnc	00267$
      000181 90 5C            [ 1]  321 	incw	y
      000183                        322 00267$:
      000183 1F 13            [ 2]  323 	ldw	(0x13, sp), x
      000185 17 11            [ 2]  324 	ldw	(0x11, sp), y
      000187                        325 00127$:
                                    326 ;	../_fsadd.c: 235: mant1 >>= 1;
      000187 07 11            [ 1]  327 	sra	(0x11, sp)
      000189 06 12            [ 1]  328 	rrc	(0x12, sp)
      00018B 06 13            [ 1]  329 	rrc	(0x13, sp)
      00018D 06 14            [ 1]  330 	rrc	(0x14, sp)
                                    331 ;	../_fsadd.c: 236: exp1++;
      00018F 1E 15            [ 2]  332 	ldw	x, (0x15, sp)
      000191 5C               [ 1]  333 	incw	x
      000192 1F 15            [ 2]  334 	ldw	(0x15, sp), x
      000194 20 D7            [ 2]  335 	jra	00128$
      000196                        336 00163$:
      000196 16 15            [ 2]  337 	ldw	y, (0x15, sp)
      000198 17 0A            [ 2]  338 	ldw	(0x0a, sp), y
                                    339 ;	../_fsadd.c: 240: mant1 &= ~(HIDDEN<<4);
      00019A 16 13            [ 2]  340 	ldw	y, (0x13, sp)
      00019C 17 0E            [ 2]  341 	ldw	(0x0e, sp), y
      00019E 7B 12            [ 1]  342 	ld	a, (0x12, sp)
      0001A0 6B 0D            [ 1]  343 	ld	(0x0d, sp), a
      0001A2 7B 11            [ 1]  344 	ld	a, (0x11, sp)
      0001A4 A4 F7            [ 1]  345 	and	a, #0xf7
      0001A6 6B 0C            [ 1]  346 	ld	(0x0c, sp), a
      0001A8 16 0E            [ 2]  347 	ldw	y, (0x0e, sp)
      0001AA 17 13            [ 2]  348 	ldw	(0x13, sp), y
      0001AC 16 0C            [ 2]  349 	ldw	y, (0x0c, sp)
      0001AE 17 11            [ 2]  350 	ldw	(0x11, sp), y
                                    351 ;	../_fsadd.c: 243: if (exp1 >= 0x100)
      0001B0 1E 15            [ 2]  352 	ldw	x, (0x15, sp)
      0001B2 A3 01 00         [ 2]  353 	cpw	x, #0x0100
      0001B5 2F 22            [ 1]  354 	jrslt	00135$
                                    355 ;	../_fsadd.c: 244: *pfl1 = (sign ? (SIGNBIT | __INFINITY) : __INFINITY);
      0001B7 0D 10            [ 1]  356 	tnz	(0x10, sp)
      0001B9 27 0A            [ 1]  357 	jreq	00139$
      0001BB 5F               [ 1]  358 	clrw	x
      0001BC 1F 15            [ 2]  359 	ldw	(0x15, sp), x
      0001BE AE FF 80         [ 2]  360 	ldw	x, #0xff80
      0001C1 1F 13            [ 2]  361 	ldw	(0x13, sp), x
      0001C3 20 08            [ 2]  362 	jra	00140$
      0001C5                        363 00139$:
      0001C5 5F               [ 1]  364 	clrw	x
      0001C6 1F 15            [ 2]  365 	ldw	(0x15, sp), x
      0001C8 AE 7F 80         [ 2]  366 	ldw	x, #0x7f80
      0001CB 1F 13            [ 2]  367 	ldw	(0x13, sp), x
      0001CD                        368 00140$:
      0001CD 1E 07            [ 2]  369 	ldw	x, (0x07, sp)
      0001CF 16 15            [ 2]  370 	ldw	y, (0x15, sp)
      0001D1 EF 02            [ 2]  371 	ldw	(0x2, x), y
      0001D3 16 13            [ 2]  372 	ldw	y, (0x13, sp)
      0001D5 FF               [ 2]  373 	ldw	(x), y
      0001D6 CCr02r75         [ 2]  374 	jp	00136$
      0001D9                        375 00135$:
                                    376 ;	../_fsadd.c: 245: else if (exp1 < 0)
      0001D9 0D 15            [ 1]  377 	tnz	(0x15, sp)
      0001DB 2A 0C            [ 1]  378 	jrpl	00132$
                                    379 ;	../_fsadd.c: 246: *pfl1 = 0;
      0001DD 1E 07            [ 2]  380 	ldw	x, (0x07, sp)
      0001DF 6F 03            [ 1]  381 	clr	(0x3, x)
      0001E1 6F 02            [ 1]  382 	clr	(0x2, x)
      0001E3 6F 01            [ 1]  383 	clr	(0x1, x)
      0001E5 7F               [ 1]  384 	clr	(x)
      0001E6 CCr02r75         [ 2]  385 	jp	00136$
      0001E9                        386 00132$:
                                    387 ;	../_fsadd.c: 248: *pfl1 = PACK (sign ? SIGNBIT : 0 , exp1, mant1>>4);
      0001E9 0D 10            [ 1]  388 	tnz	(0x10, sp)
      0001EB 27 0A            [ 1]  389 	jreq	00141$
      0001ED 5F               [ 1]  390 	clrw	x
      0001EE 1F 05            [ 2]  391 	ldw	(0x05, sp), x
      0001F0 AE 80 00         [ 2]  392 	ldw	x, #0x8000
      0001F3 1F 03            [ 2]  393 	ldw	(0x03, sp), x
      0001F5 20 05            [ 2]  394 	jra	00142$
      0001F7                        395 00141$:
      0001F7 5F               [ 1]  396 	clrw	x
      0001F8 1F 05            [ 2]  397 	ldw	(0x05, sp), x
      0001FA 1F 03            [ 2]  398 	ldw	(0x03, sp), x
      0001FC                        399 00142$:
      0001FC 16 0A            [ 2]  400 	ldw	y, (0x0a, sp)
      0001FE 17 0F            [ 2]  401 	ldw	(0x0f, sp), y
      000200 7B 0F            [ 1]  402 	ld	a, (0x0f, sp)
      000202 49               [ 1]  403 	rlc	a
      000203 4F               [ 1]  404 	clr	a
      000204 A2 00            [ 1]  405 	sbc	a, #0x00
      000206 6B 0E            [ 1]  406 	ld	(0x0e, sp), a
      000208 6B 0D            [ 1]  407 	ld	(0x0d, sp), a
      00020A 16 0F            [ 2]  408 	ldw	y, (0x0f, sp)
      00020C 17 0D            [ 2]  409 	ldw	(0x0d, sp), y
      00020E 5F               [ 1]  410 	clrw	x
      00020F 1F 0F            [ 2]  411 	ldw	(0x0f, sp), x
      000211 A6 07            [ 1]  412 	ld	a, #0x07
      000213                        413 00273$:
      000213 08 0E            [ 1]  414 	sll	(0x0e, sp)
      000215 09 0D            [ 1]  415 	rlc	(0x0d, sp)
      000217 4A               [ 1]  416 	dec	a
      000218 26 F9            [ 1]  417 	jrne	00273$
      00021A 7B 06            [ 1]  418 	ld	a, (0x06, sp)
      00021C 1A 10            [ 1]  419 	or	a, (0x10, sp)
      00021E 6B 0C            [ 1]  420 	ld	(0x0c, sp), a
      000220 7B 05            [ 1]  421 	ld	a, (0x05, sp)
      000222 1A 0F            [ 1]  422 	or	a, (0x0f, sp)
      000224 6B 0B            [ 1]  423 	ld	(0x0b, sp), a
      000226 7B 04            [ 1]  424 	ld	a, (0x04, sp)
      000228 1A 0E            [ 1]  425 	or	a, (0x0e, sp)
      00022A 6B 0A            [ 1]  426 	ld	(0x0a, sp), a
      00022C 7B 03            [ 1]  427 	ld	a, (0x03, sp)
      00022E 1A 0D            [ 1]  428 	or	a, (0x0d, sp)
      000230 6B 09            [ 1]  429 	ld	(0x09, sp), a
      000232 16 11            [ 2]  430 	ldw	y, (0x11, sp)
      000234 17 03            [ 2]  431 	ldw	(0x03, sp), y
      000236 1E 13            [ 2]  432 	ldw	x, (0x13, sp)
      000238 07 03            [ 1]  433 	sra	(0x03, sp)
      00023A 06 04            [ 1]  434 	rrc	(0x04, sp)
      00023C 56               [ 2]  435 	rrcw	x
      00023D 07 03            [ 1]  436 	sra	(0x03, sp)
      00023F 06 04            [ 1]  437 	rrc	(0x04, sp)
      000241 56               [ 2]  438 	rrcw	x
      000242 07 03            [ 1]  439 	sra	(0x03, sp)
      000244 06 04            [ 1]  440 	rrc	(0x04, sp)
      000246 56               [ 2]  441 	rrcw	x
      000247 07 03            [ 1]  442 	sra	(0x03, sp)
      000249 06 04            [ 1]  443 	rrc	(0x04, sp)
      00024B 56               [ 2]  444 	rrcw	x
      00024C 1F 05            [ 2]  445 	ldw	(0x05, sp), x
      00024E 1F 15            [ 2]  446 	ldw	(0x15, sp), x
      000250 16 03            [ 2]  447 	ldw	y, (0x03, sp)
      000252 17 13            [ 2]  448 	ldw	(0x13, sp), y
      000254 7B 0C            [ 1]  449 	ld	a, (0x0c, sp)
      000256 1A 16            [ 1]  450 	or	a, (0x16, sp)
      000258 6B 12            [ 1]  451 	ld	(0x12, sp), a
      00025A 7B 0B            [ 1]  452 	ld	a, (0x0b, sp)
      00025C 1A 15            [ 1]  453 	or	a, (0x15, sp)
      00025E 6B 11            [ 1]  454 	ld	(0x11, sp), a
      000260 7B 0A            [ 1]  455 	ld	a, (0x0a, sp)
      000262 1A 14            [ 1]  456 	or	a, (0x14, sp)
      000264 6B 10            [ 1]  457 	ld	(0x10, sp), a
      000266 7B 09            [ 1]  458 	ld	a, (0x09, sp)
      000268 1A 13            [ 1]  459 	or	a, (0x13, sp)
      00026A 6B 0F            [ 1]  460 	ld	(0x0f, sp), a
      00026C 1E 07            [ 2]  461 	ldw	x, (0x07, sp)
      00026E 16 11            [ 2]  462 	ldw	y, (0x11, sp)
      000270 EF 02            [ 2]  463 	ldw	(0x2, x), y
      000272 16 0F            [ 2]  464 	ldw	y, (0x0f, sp)
      000274 FF               [ 2]  465 	ldw	(x), y
      000275                        466 00136$:
                                    467 ;	../_fsadd.c: 249: return (a1);
      000275 1E 1B            [ 2]  468 	ldw	x, (0x1b, sp)
      000277 16 19            [ 2]  469 	ldw	y, (0x19, sp)
      000279                        470 00137$:
                                    471 ;	../_fsadd.c: 250: }
      000279 5B 16            [ 2]  472 	addw	sp, #22
      00027B 81               [ 4]  473 	ret
                                    474 	.area CODE
                                    475 	.area CONST
                                    476 	.area INITIALIZER
                                    477 	.area CABS (ABS)
