                                      1 ;--------------------------------------------------------
                                      2 ; File Created by SDCC : free open source ANSI-C Compiler
                                      3 ; Version 3.9.3 #11345 (Linux)
                                      4 ;--------------------------------------------------------
                                      5 	.module _fsneq
                                      6 	.optsdcc -mstm8
                                      7 	
                                      8 ;--------------------------------------------------------
                                      9 ; Public variables in this module
                                     10 ;--------------------------------------------------------
                                     11 	.globl ___fsneq
                                     12 ;--------------------------------------------------------
                                     13 ; ram data
                                     14 ;--------------------------------------------------------
                                     15 	.area DATA
                                     16 ;--------------------------------------------------------
                                     17 ; ram data
                                     18 ;--------------------------------------------------------
                                     19 	.area INITIALIZED
                                     20 ;--------------------------------------------------------
                                     21 ; absolute external ram data
                                     22 ;--------------------------------------------------------
                                     23 	.area DABS (ABS)
                                     24 
                                     25 ; default segment ordering for linker
                                     26 	.area HOME
                                     27 	.area GSINIT
                                     28 	.area GSFINAL
                                     29 	.area CONST
                                     30 	.area INITIALIZER
                                     31 	.area CODE
                                     32 
                                     33 ;--------------------------------------------------------
                                     34 ; global & static initialisations
                                     35 ;--------------------------------------------------------
                                     36 	.area HOME
                                     37 	.area GSINIT
                                     38 	.area GSFINAL
                                     39 	.area GSINIT
                                     40 ;--------------------------------------------------------
                                     41 ; Home
                                     42 ;--------------------------------------------------------
                                     43 	.area HOME
                                     44 	.area HOME
                                     45 ;--------------------------------------------------------
                                     46 ; code
                                     47 ;--------------------------------------------------------
                                     48 	.area CODE
                                     49 ;	../_fsneq.c: 80: char __fsneq (float a1, float a2)
                                     50 ;	-----------------------------------------
                                     51 ;	 function __fsneq
                                     52 ;	-----------------------------------------
      000000                         53 ___fsneq:
      000000 52 10            [ 2]   54 	sub	sp, #16
                                     55 ;	../_fsneq.c: 84: fl1.f = a1;
      000002 16 15            [ 2]   56 	ldw	y, (0x15, sp)
      000004 17 03            [ 2]   57 	ldw	(0x03, sp), y
      000006 16 13            [ 2]   58 	ldw	y, (0x13, sp)
      000008 17 01            [ 2]   59 	ldw	(0x01, sp), y
                                     60 ;	../_fsneq.c: 85: fl2.f = a2;
      00000A 16 19            [ 2]   61 	ldw	y, (0x19, sp)
      00000C 17 07            [ 2]   62 	ldw	(0x07, sp), y
      00000E 16 17            [ 2]   63 	ldw	y, (0x17, sp)
      000010 17 05            [ 2]   64 	ldw	(0x05, sp), y
                                     65 ;	../_fsneq.c: 87: if (fl1.l == fl2.l)
      000012 16 03            [ 2]   66 	ldw	y, (0x03, sp)
      000014 17 0B            [ 2]   67 	ldw	(0x0b, sp), y
      000016 16 01            [ 2]   68 	ldw	y, (0x01, sp)
      000018 17 09            [ 2]   69 	ldw	(0x09, sp), y
      00001A 16 07            [ 2]   70 	ldw	y, (0x07, sp)
      00001C 17 0F            [ 2]   71 	ldw	(0x0f, sp), y
      00001E 16 05            [ 2]   72 	ldw	y, (0x05, sp)
      000020 1E 0B            [ 2]   73 	ldw	x, (0x0b, sp)
      000022 13 0F            [ 2]   74 	cpw	x, (0x0f, sp)
      000024 26 08            [ 1]   75 	jrne	00102$
      000026 93               [ 1]   76 	ldw	x, y
      000027 13 09            [ 2]   77 	cpw	x, (0x09, sp)
      000029 26 03            [ 1]   78 	jrne	00102$
                                     79 ;	../_fsneq.c: 88: return (0);
      00002B 4F               [ 1]   80 	clr	a
      00002C 20 2A            [ 2]   81 	jra	00105$
      00002E                         82 00102$:
                                     83 ;	../_fsneq.c: 89: if (((fl1.l | fl2.l) & 0x7FFFFFFF) == 0)
      00002E 16 03            [ 2]   84 	ldw	y, (0x03, sp)
      000030 17 0F            [ 2]   85 	ldw	(0x0f, sp), y
      000032 16 01            [ 2]   86 	ldw	y, (0x01, sp)
      000034 17 0D            [ 2]   87 	ldw	(0x0d, sp), y
      000036 1E 07            [ 2]   88 	ldw	x, (0x07, sp)
      000038 16 05            [ 2]   89 	ldw	y, (0x05, sp)
      00003A 9F               [ 1]   90 	ld	a, xl
      00003B 1A 10            [ 1]   91 	or	a, (0x10, sp)
      00003D 02               [ 1]   92 	rlwa	x
      00003E 1A 0F            [ 1]   93 	or	a, (0x0f, sp)
      000040 95               [ 1]   94 	ld	xh, a
      000041 90 9F            [ 1]   95 	ld	a, yl
      000043 1A 0E            [ 1]   96 	or	a, (0x0e, sp)
      000045 90 02            [ 1]   97 	rlwa	y
      000047 1A 0D            [ 1]   98 	or	a, (0x0d, sp)
      000049 A4 7F            [ 1]   99 	and	a, #0x7f
      00004B 90 95            [ 1]  100 	ld	yh, a
      00004D 5D               [ 2]  101 	tnzw	x
      00004E 26 06            [ 1]  102 	jrne	00104$
      000050 90 5D            [ 2]  103 	tnzw	y
      000052 26 02            [ 1]  104 	jrne	00104$
                                    105 ;	../_fsneq.c: 90: return (0);
      000054 4F               [ 1]  106 	clr	a
                                    107 ;	../_fsneq.c: 91: return (1);
      000055 C5                     108 	.byte 0xc5
      000056                        109 00104$:
      000056 A6 01            [ 1]  110 	ld	a, #0x01
      000058                        111 00105$:
                                    112 ;	../_fsneq.c: 92: }
      000058 5B 10            [ 2]  113 	addw	sp, #16
      00005A 81               [ 4]  114 	ret
                                    115 	.area CODE
                                    116 	.area CONST
                                    117 	.area INITIALIZER
                                    118 	.area CABS (ABS)
