                                      1 ;--------------------------------------------------------
                                      2 ; File Created by SDCC : free open source ANSI-C Compiler
                                      3 ; Version 3.9.3 #11345 (Linux)
                                      4 ;--------------------------------------------------------
                                      5 	.module _rlslonglong
                                      6 	.optsdcc -mstm8
                                      7 	
                                      8 ;--------------------------------------------------------
                                      9 ; Public variables in this module
                                     10 ;--------------------------------------------------------
                                     11 	.globl __rlslonglong
                                     12 ;--------------------------------------------------------
                                     13 ; ram data
                                     14 ;--------------------------------------------------------
                                     15 	.area DATA
                                     16 ;--------------------------------------------------------
                                     17 ; ram data
                                     18 ;--------------------------------------------------------
                                     19 	.area INITIALIZED
                                     20 ;--------------------------------------------------------
                                     21 ; absolute external ram data
                                     22 ;--------------------------------------------------------
                                     23 	.area DABS (ABS)
                                     24 
                                     25 ; default segment ordering for linker
                                     26 	.area HOME
                                     27 	.area GSINIT
                                     28 	.area GSFINAL
                                     29 	.area CONST
                                     30 	.area INITIALIZER
                                     31 	.area CODE
                                     32 
                                     33 ;--------------------------------------------------------
                                     34 ; global & static initialisations
                                     35 ;--------------------------------------------------------
                                     36 	.area HOME
                                     37 	.area GSINIT
                                     38 	.area GSFINAL
                                     39 	.area GSINIT
                                     40 ;--------------------------------------------------------
                                     41 ; Home
                                     42 ;--------------------------------------------------------
                                     43 	.area HOME
                                     44 	.area HOME
                                     45 ;--------------------------------------------------------
                                     46 ; code
                                     47 ;--------------------------------------------------------
                                     48 	.area CODE
                                     49 ;	../_rlslonglong.c: 35: long long _rlslonglong(long long l, char s)
                                     50 ;	-----------------------------------------
                                     51 ;	 function _rlslonglong
                                     52 ;	-----------------------------------------
      000000                         53 __rlslonglong:
      000000 52 11            [ 2]   54 	sub	sp, #17
                                     55 ;	../_rlslonglong.c: 37: return((unsigned long long)(l) << s);
      000002 16 1C            [ 2]   56 	ldw	y, (0x1c, sp)
      000004 17 07            [ 2]   57 	ldw	(0x07, sp), y
      000006 16 1A            [ 2]   58 	ldw	y, (0x1a, sp)
      000008 17 05            [ 2]   59 	ldw	(0x05, sp), y
      00000A 16 18            [ 2]   60 	ldw	y, (0x18, sp)
      00000C 17 03            [ 2]   61 	ldw	(0x03, sp), y
      00000E 16 16            [ 2]   62 	ldw	y, (0x16, sp)
      000010 17 01            [ 2]   63 	ldw	(0x01, sp), y
      000012 7B 1E            [ 1]   64 	ld	a, (0x1e, sp)
      000014 6B 11            [ 1]   65 	ld	(0x11, sp), a
      000016 16 05            [ 2]   66 	ldw	y, (0x05, sp)
      000018 17 0E            [ 2]   67 	ldw	(0x0e, sp), y
      00001A 16 03            [ 2]   68 	ldw	y, (0x03, sp)
      00001C 17 0C            [ 2]   69 	ldw	(0x0c, sp), y
      00001E 16 01            [ 2]   70 	ldw	y, (0x01, sp)
      000020 17 0A            [ 2]   71 	ldw	(0x0a, sp), y
      000022 1E 07            [ 2]   72 	ldw	x, (0x07, sp)
      000024 7B 11            [ 1]   73 	ld	a, (0x11, sp)
      000026 27 10            [ 1]   74 	jreq	00104$
      000028                         75 00103$:
      000028 58               [ 2]   76 	sllw	x
      000029 09 0F            [ 1]   77 	rlc	(0x0f, sp)
      00002B 09 0E            [ 1]   78 	rlc	(0x0e, sp)
      00002D 09 0D            [ 1]   79 	rlc	(0x0d, sp)
      00002F 09 0C            [ 1]   80 	rlc	(0x0c, sp)
      000031 09 0B            [ 1]   81 	rlc	(0x0b, sp)
      000033 09 0A            [ 1]   82 	rlc	(0x0a, sp)
      000035 4A               [ 1]   83 	dec	a
      000036 26 F0            [ 1]   84 	jrne	00103$
      000038                         85 00104$:
      000038 1F 10            [ 2]   86 	ldw	(0x10, sp), x
      00003A 1E 14            [ 2]   87 	ldw	x, (0x14, sp)
      00003C 16 10            [ 2]   88 	ldw	y, (0x10, sp)
      00003E EF 06            [ 2]   89 	ldw	(#6, x), y
      000040 16 0E            [ 2]   90 	ldw	y, (0x0e, sp)
      000042 EF 04            [ 2]   91 	ldw	(#4, x), y
      000044 16 0C            [ 2]   92 	ldw	y, (0x0c, sp)
      000046 EF 02            [ 2]   93 	ldw	(#2, x), y
      000048 16 0A            [ 2]   94 	ldw	y, (0x0a, sp)
      00004A FF               [ 2]   95 	ldw	(x), y
                                     96 ;	../_rlslonglong.c: 38: }
      00004B 5B 11            [ 2]   97 	addw	sp, #17
      00004D 81               [ 4]   98 	ret
                                     99 	.area CODE
                                    100 	.area CONST
                                    101 	.area INITIALIZER
                                    102 	.area CABS (ABS)
