                                      1 ;--------------------------------------------------------
                                      2 ; File Created by SDCC : free open source ANSI-C Compiler
                                      3 ; Version 3.9.3 #11345 (Linux)
                                      4 ;--------------------------------------------------------
                                      5 	.module _rrslonglong
                                      6 	.optsdcc -mstm8
                                      7 	
                                      8 ;--------------------------------------------------------
                                      9 ; Public variables in this module
                                     10 ;--------------------------------------------------------
                                     11 	.globl __rrslonglong
                                     12 ;--------------------------------------------------------
                                     13 ; ram data
                                     14 ;--------------------------------------------------------
                                     15 	.area DATA
                                     16 ;--------------------------------------------------------
                                     17 ; ram data
                                     18 ;--------------------------------------------------------
                                     19 	.area INITIALIZED
                                     20 ;--------------------------------------------------------
                                     21 ; absolute external ram data
                                     22 ;--------------------------------------------------------
                                     23 	.area DABS (ABS)
                                     24 
                                     25 ; default segment ordering for linker
                                     26 	.area HOME
                                     27 	.area GSINIT
                                     28 	.area GSFINAL
                                     29 	.area CONST
                                     30 	.area INITIALIZER
                                     31 	.area CODE
                                     32 
                                     33 ;--------------------------------------------------------
                                     34 ; global & static initialisations
                                     35 ;--------------------------------------------------------
                                     36 	.area HOME
                                     37 	.area GSINIT
                                     38 	.area GSFINAL
                                     39 	.area GSINIT
                                     40 ;--------------------------------------------------------
                                     41 ; Home
                                     42 ;--------------------------------------------------------
                                     43 	.area HOME
                                     44 	.area HOME
                                     45 ;--------------------------------------------------------
                                     46 ; code
                                     47 ;--------------------------------------------------------
                                     48 	.area CODE
                                     49 ;	../_rrslonglong.c: 38: long long _rrslonglong(long long l, char s)
                                     50 ;	-----------------------------------------
                                     51 ;	 function _rrslonglong
                                     52 ;	-----------------------------------------
      000000                         53 __rrslonglong:
      000000 52 10            [ 2]   54 	sub	sp, #16
                                     55 ;	../_rrslonglong.c: 40: int32_t *top = (uint32_t *)((char *)(&l) + 0);
      000002 90 96            [ 1]   56 	ldw	y, sp
      000004 72 A9 00 13      [ 2]   57 	addw	y, #19
      000008 93               [ 1]   58 	ldw	x, y
      000009 1F 05            [ 2]   59 	ldw	(0x05, sp), x
                                     60 ;	../_rrslonglong.c: 41: uint32_t *middle = (uint16_t *)((char *)(&l) + 2);
      00000B 93               [ 1]   61 	ldw	x, y
      00000C 5C               [ 1]   62 	incw	x
      00000D 5C               [ 1]   63 	incw	x
      00000E 1F 07            [ 2]   64 	ldw	(0x07, sp), x
                                     65 ;	../_rrslonglong.c: 42: uint32_t *bottom = (uint32_t *)((char *)(&l) + 4);
      000010 93               [ 1]   66 	ldw	x, y
      000011 1C 00 04         [ 2]   67 	addw	x, #0x0004
      000014 1F 09            [ 2]   68 	ldw	(0x09, sp), x
                                     69 ;	../_rrslonglong.c: 43: uint16_t *b = (uint16_t *)(&l);
      000016 17 0B            [ 2]   70 	ldw	(0x0b, sp), y
                                     71 ;	../_rrslonglong.c: 53: (*bottom) >>= s;
      000018                         72 00103$:
                                     73 ;	../_rrslonglong.c: 45: for(;s >= 16; s-= 16)
      000018 7B 1D            [ 1]   74 	ld	a, (0x1d, sp)
      00001A A1 10            [ 1]   75 	cp	a, #0x10
      00001C 25 3B            [ 1]   76 	jrc	00101$
                                     77 ;	../_rrslonglong.c: 47: b[3] = b[2];
      00001E 1E 0B            [ 2]   78 	ldw	x, (0x0b, sp)
      000020 1C 00 06         [ 2]   79 	addw	x, #0x0006
      000023 16 0B            [ 2]   80 	ldw	y, (0x0b, sp)
      000025 72 A9 00 04      [ 2]   81 	addw	y, #0x0004
      000029 17 0D            [ 2]   82 	ldw	(0x0d, sp), y
      00002B 90 FE            [ 2]   83 	ldw	y, (y)
      00002D FF               [ 2]   84 	ldw	(x), y
                                     85 ;	../_rrslonglong.c: 48: b[2] = b[1];
      00002E 1E 0B            [ 2]   86 	ldw	x, (0x0b, sp)
      000030 5C               [ 1]   87 	incw	x
      000031 5C               [ 1]   88 	incw	x
      000032 1F 0F            [ 2]   89 	ldw	(0x0f, sp), x
      000034 FE               [ 2]   90 	ldw	x, (x)
      000035 16 0D            [ 2]   91 	ldw	y, (0x0d, sp)
      000037 90 FF            [ 2]   92 	ldw	(y), x
                                     93 ;	../_rrslonglong.c: 49: b[1] = b[0];
      000039 1E 0B            [ 2]   94 	ldw	x, (0x0b, sp)
      00003B FE               [ 2]   95 	ldw	x, (x)
      00003C 16 0F            [ 2]   96 	ldw	y, (0x0f, sp)
      00003E 90 FF            [ 2]   97 	ldw	(y), x
                                     98 ;	../_rrslonglong.c: 50: b[0] = (b[0] & 0x8000) ? 0xffff : 0x000000;
      000040 16 0B            [ 2]   99 	ldw	y, (0x0b, sp)
      000042 17 0F            [ 2]  100 	ldw	(0x0f, sp), y
      000044 1E 0B            [ 2]  101 	ldw	x, (0x0b, sp)
      000046 FE               [ 2]  102 	ldw	x, (x)
      000047 2A 03            [ 1]  103 	jrpl	00107$
      000049 5F               [ 1]  104 	clrw	x
      00004A 5A               [ 2]  105 	decw	x
      00004B 21                     106 	.byte 0x21
      00004C                        107 00107$:
      00004C 5F               [ 1]  108 	clrw	x
      00004D                        109 00108$:
      00004D 16 0F            [ 2]  110 	ldw	y, (0x0f, sp)
      00004F 90 FF            [ 2]  111 	ldw	(y), x
                                    112 ;	../_rrslonglong.c: 45: for(;s >= 16; s-= 16)
      000051 7B 1D            [ 1]  113 	ld	a, (0x1d, sp)
      000053 A0 10            [ 1]  114 	sub	a, #0x10
      000055 6B 1D            [ 1]  115 	ld	(0x1d, sp), a
      000057 20 BF            [ 2]  116 	jra	00103$
      000059                        117 00101$:
                                    118 ;	../_rrslonglong.c: 53: (*bottom) >>= s;
      000059 1E 09            [ 2]  119 	ldw	x, (0x09, sp)
      00005B 90 93            [ 1]  120 	ldw	y, x
      00005D 90 EE 02         [ 2]  121 	ldw	y, (0x2, y)
      000060 FE               [ 2]  122 	ldw	x, (x)
      000061 7B 1D            [ 1]  123 	ld	a, (0x1d, sp)
      000063 27 06            [ 1]  124 	jreq	00127$
      000065                        125 00126$:
      000065 54               [ 2]  126 	srlw	x
      000066 90 56            [ 2]  127 	rrcw	y
      000068 4A               [ 1]  128 	dec	a
      000069 26 FA            [ 1]  129 	jrne	00126$
      00006B                        130 00127$:
      00006B 17 0F            [ 2]  131 	ldw	(0x0f, sp), y
      00006D 1F 0D            [ 2]  132 	ldw	(0x0d, sp), x
      00006F 1E 09            [ 2]  133 	ldw	x, (0x09, sp)
      000071 16 0F            [ 2]  134 	ldw	y, (0x0f, sp)
      000073 EF 02            [ 2]  135 	ldw	(0x2, x), y
      000075 16 0D            [ 2]  136 	ldw	y, (0x0d, sp)
      000077 FF               [ 2]  137 	ldw	(x), y
                                    138 ;	../_rrslonglong.c: 54: (*middle) |= (((*middle & 0xffff0000ul) >> s) & 0x0000fffful);
      000078 1E 07            [ 2]  139 	ldw	x, (0x07, sp)
      00007A 90 93            [ 1]  140 	ldw	y, x
      00007C 90 EE 02         [ 2]  141 	ldw	y, (0x2, y)
      00007F 17 03            [ 2]  142 	ldw	(0x03, sp), y
      000081 FE               [ 2]  143 	ldw	x, (x)
      000082 1F 01            [ 2]  144 	ldw	(0x01, sp), x
      000084 5F               [ 1]  145 	clrw	x
      000085 16 01            [ 2]  146 	ldw	y, (0x01, sp)
      000087 7B 1D            [ 1]  147 	ld	a, (0x1d, sp)
      000089 27 06            [ 1]  148 	jreq	00129$
      00008B                        149 00128$:
      00008B 90 54            [ 2]  150 	srlw	y
      00008D 56               [ 2]  151 	rrcw	x
      00008E 4A               [ 1]  152 	dec	a
      00008F 26 FA            [ 1]  153 	jrne	00128$
      000091                        154 00129$:
      000091 1F 0B            [ 2]  155 	ldw	(0x0b, sp), x
      000093 0F 0A            [ 1]  156 	clr	(0x0a, sp)
      000095 0F 09            [ 1]  157 	clr	(0x09, sp)
      000097 7B 04            [ 1]  158 	ld	a, (0x04, sp)
      000099 1A 0C            [ 1]  159 	or	a, (0x0c, sp)
      00009B 6B 10            [ 1]  160 	ld	(0x10, sp), a
      00009D 7B 03            [ 1]  161 	ld	a, (0x03, sp)
      00009F 1A 0B            [ 1]  162 	or	a, (0x0b, sp)
      0000A1 6B 0F            [ 1]  163 	ld	(0x0f, sp), a
      0000A3 7B 02            [ 1]  164 	ld	a, (0x02, sp)
      0000A5 1A 0A            [ 1]  165 	or	a, (0x0a, sp)
      0000A7 6B 0E            [ 1]  166 	ld	(0x0e, sp), a
      0000A9 7B 01            [ 1]  167 	ld	a, (0x01, sp)
      0000AB 1A 09            [ 1]  168 	or	a, (0x09, sp)
      0000AD 6B 0D            [ 1]  169 	ld	(0x0d, sp), a
      0000AF 1E 07            [ 2]  170 	ldw	x, (0x07, sp)
      0000B1 16 0F            [ 2]  171 	ldw	y, (0x0f, sp)
      0000B3 EF 02            [ 2]  172 	ldw	(0x2, x), y
      0000B5 16 0D            [ 2]  173 	ldw	y, (0x0d, sp)
      0000B7 FF               [ 2]  174 	ldw	(x), y
                                    175 ;	../_rrslonglong.c: 55: (*top) >>= s;
      0000B8 1E 05            [ 2]  176 	ldw	x, (0x05, sp)
      0000BA 90 93            [ 1]  177 	ldw	y, x
      0000BC 90 EE 02         [ 2]  178 	ldw	y, (0x2, y)
      0000BF FE               [ 2]  179 	ldw	x, (x)
      0000C0 7B 1D            [ 1]  180 	ld	a, (0x1d, sp)
      0000C2 27 06            [ 1]  181 	jreq	00131$
      0000C4                        182 00130$:
      0000C4 57               [ 2]  183 	sraw	x
      0000C5 90 56            [ 2]  184 	rrcw	y
      0000C7 4A               [ 1]  185 	dec	a
      0000C8 26 FA            [ 1]  186 	jrne	00130$
      0000CA                        187 00131$:
      0000CA 17 0F            [ 2]  188 	ldw	(0x0f, sp), y
      0000CC 1F 0D            [ 2]  189 	ldw	(0x0d, sp), x
      0000CE 1E 05            [ 2]  190 	ldw	x, (0x05, sp)
      0000D0 16 0F            [ 2]  191 	ldw	y, (0x0f, sp)
      0000D2 EF 02            [ 2]  192 	ldw	(0x2, x), y
      0000D4 16 0D            [ 2]  193 	ldw	y, (0x0d, sp)
      0000D6 FF               [ 2]  194 	ldw	(x), y
                                    195 ;	../_rrslonglong.c: 57: return(l);
      0000D7 1E 13            [ 2]  196 	ldw	x, (0x13, sp)
      0000D9 16 1B            [ 2]  197 	ldw	y, (0x1b, sp)
      0000DB EF 06            [ 2]  198 	ldw	(#6, x), y
      0000DD 16 19            [ 2]  199 	ldw	y, (0x19, sp)
      0000DF EF 04            [ 2]  200 	ldw	(#4, x), y
      0000E1 16 17            [ 2]  201 	ldw	y, (0x17, sp)
      0000E3 EF 02            [ 2]  202 	ldw	(#2, x), y
      0000E5 16 15            [ 2]  203 	ldw	y, (0x15, sp)
      0000E7 FF               [ 2]  204 	ldw	(x), y
                                    205 ;	../_rrslonglong.c: 58: }
      0000E8 5B 10            [ 2]  206 	addw	sp, #16
      0000EA 81               [ 4]  207 	ret
                                    208 	.area CODE
                                    209 	.area CONST
                                    210 	.area INITIALIZER
                                    211 	.area CABS (ABS)
