                                      1 ;--------------------------------------------------------
                                      2 ; File Created by SDCC : free open source ANSI-C Compiler
                                      3 ; Version 3.9.3 #11345 (Linux)
                                      4 ;--------------------------------------------------------
                                      5 	.module _strcat
                                      6 	.optsdcc -mstm8
                                      7 	
                                      8 ;--------------------------------------------------------
                                      9 ; Public variables in this module
                                     10 ;--------------------------------------------------------
                                     11 	.globl _strcat
                                     12 ;--------------------------------------------------------
                                     13 ; ram data
                                     14 ;--------------------------------------------------------
                                     15 	.area DATA
                                     16 ;--------------------------------------------------------
                                     17 ; ram data
                                     18 ;--------------------------------------------------------
                                     19 	.area INITIALIZED
                                     20 ;--------------------------------------------------------
                                     21 ; absolute external ram data
                                     22 ;--------------------------------------------------------
                                     23 	.area DABS (ABS)
                                     24 
                                     25 ; default segment ordering for linker
                                     26 	.area HOME
                                     27 	.area GSINIT
                                     28 	.area GSFINAL
                                     29 	.area CONST
                                     30 	.area INITIALIZER
                                     31 	.area CODE
                                     32 
                                     33 ;--------------------------------------------------------
                                     34 ; global & static initialisations
                                     35 ;--------------------------------------------------------
                                     36 	.area HOME
                                     37 	.area GSINIT
                                     38 	.area GSFINAL
                                     39 	.area GSINIT
                                     40 ;--------------------------------------------------------
                                     41 ; Home
                                     42 ;--------------------------------------------------------
                                     43 	.area HOME
                                     44 	.area HOME
                                     45 ;--------------------------------------------------------
                                     46 ; code
                                     47 ;--------------------------------------------------------
                                     48 	.area CODE
                                     49 ;	../_strcat.c: 31: char * strcat ( char * dst, const char * src )
                                     50 ;	-----------------------------------------
                                     51 ;	 function strcat
                                     52 ;	-----------------------------------------
      000000                         53 _strcat:
                                     54 ;	../_strcat.c: 33: char * cp = dst;
      000000 1E 03            [ 2]   55 	ldw	x, (0x03, sp)
                                     56 ;	../_strcat.c: 35: while( *cp )
      000002                         57 00101$:
      000002 F6               [ 1]   58 	ld	a, (x)
      000003 27 03            [ 1]   59 	jreq	00111$
                                     60 ;	../_strcat.c: 36: cp++;                   /* find end of dst */
      000005 5C               [ 1]   61 	incw	x
      000006 20 FA            [ 2]   62 	jra	00101$
                                     63 ;	../_strcat.c: 38: while( *cp++ = *src++ ) ;       /* Copy src to end of dst */
      000008                         64 00111$:
      000008 16 05            [ 2]   65 	ldw	y, (0x05, sp)
      00000A                         66 00104$:
      00000A 90 F6            [ 1]   67 	ld	a, (y)
      00000C 90 5C            [ 1]   68 	incw	y
      00000E F7               [ 1]   69 	ld	(x), a
      00000F 5C               [ 1]   70 	incw	x
      000010 4D               [ 1]   71 	tnz	a
      000011 26 F7            [ 1]   72 	jrne	00104$
                                     73 ;	../_strcat.c: 40: return( dst );                  /* return dst */
      000013 1E 03            [ 2]   74 	ldw	x, (0x03, sp)
                                     75 ;	../_strcat.c: 41: }
      000015 81               [ 4]   76 	ret
                                     77 	.area CODE
                                     78 	.area CONST
                                     79 	.area INITIALIZER
                                     80 	.area CABS (ABS)
