                                      1 ;--------------------------------------------------------
                                      2 ; File Created by SDCC : free open source ANSI-C Compiler
                                      3 ; Version 3.9.3 #11345 (Linux)
                                      4 ;--------------------------------------------------------
                                      5 	.module _uchar2fs
                                      6 	.optsdcc -mstm8
                                      7 	
                                      8 ;--------------------------------------------------------
                                      9 ; Public variables in this module
                                     10 ;--------------------------------------------------------
                                     11 	.globl ___ulong2fs
                                     12 	.globl ___uchar2fs
                                     13 ;--------------------------------------------------------
                                     14 ; ram data
                                     15 ;--------------------------------------------------------
                                     16 	.area DATA
                                     17 ;--------------------------------------------------------
                                     18 ; ram data
                                     19 ;--------------------------------------------------------
                                     20 	.area INITIALIZED
                                     21 ;--------------------------------------------------------
                                     22 ; absolute external ram data
                                     23 ;--------------------------------------------------------
                                     24 	.area DABS (ABS)
                                     25 
                                     26 ; default segment ordering for linker
                                     27 	.area HOME
                                     28 	.area GSINIT
                                     29 	.area GSFINAL
                                     30 	.area CONST
                                     31 	.area INITIALIZER
                                     32 	.area CODE
                                     33 
                                     34 ;--------------------------------------------------------
                                     35 ; global & static initialisations
                                     36 ;--------------------------------------------------------
                                     37 	.area HOME
                                     38 	.area GSINIT
                                     39 	.area GSFINAL
                                     40 	.area GSINIT
                                     41 ;--------------------------------------------------------
                                     42 ; Home
                                     43 ;--------------------------------------------------------
                                     44 	.area HOME
                                     45 	.area HOME
                                     46 ;--------------------------------------------------------
                                     47 ; code
                                     48 ;--------------------------------------------------------
                                     49 	.area CODE
                                     50 ;	../_uchar2fs.c: 55: float __uchar2fs (unsigned char uc) {
                                     51 ;	-----------------------------------------
                                     52 ;	 function __uchar2fs
                                     53 ;	-----------------------------------------
      000000                         54 ___uchar2fs:
                                     55 ;	../_uchar2fs.c: 56: return __ulong2fs(uc);
      000000 5F               [ 1]   56 	clrw	x
      000001 7B 03            [ 1]   57 	ld	a, (0x03, sp)
      000003 97               [ 1]   58 	ld	xl, a
      000004 90 5F            [ 1]   59 	clrw	y
      000006 89               [ 2]   60 	pushw	x
      000007 90 89            [ 2]   61 	pushw	y
      000009 CDr00r00         [ 4]   62 	call	___ulong2fs
      00000C 5B 04            [ 2]   63 	addw	sp, #4
                                     64 ;	../_uchar2fs.c: 57: }
      00000E 81               [ 4]   65 	ret
                                     66 	.area CODE
                                     67 	.area CONST
                                     68 	.area INITIALIZER
                                     69 	.area CABS (ABS)
