                                      1 ;--------------------------------------------------------
                                      2 ; File Created by SDCC : free open source ANSI-C Compiler
                                      3 ; Version 3.9.3 #11345 (Linux)
                                      4 ;--------------------------------------------------------
                                      5 	.module abs
                                      6 	.optsdcc -mstm8
                                      7 	
                                      8 ;--------------------------------------------------------
                                      9 ; Public variables in this module
                                     10 ;--------------------------------------------------------
                                     11 	.globl _abs
                                     12 ;--------------------------------------------------------
                                     13 ; ram data
                                     14 ;--------------------------------------------------------
                                     15 	.area DATA
                                     16 ;--------------------------------------------------------
                                     17 ; ram data
                                     18 ;--------------------------------------------------------
                                     19 	.area INITIALIZED
                                     20 ;--------------------------------------------------------
                                     21 ; absolute external ram data
                                     22 ;--------------------------------------------------------
                                     23 	.area DABS (ABS)
                                     24 
                                     25 ; default segment ordering for linker
                                     26 	.area HOME
                                     27 	.area GSINIT
                                     28 	.area GSFINAL
                                     29 	.area CONST
                                     30 	.area INITIALIZER
                                     31 	.area CODE
                                     32 
                                     33 ;--------------------------------------------------------
                                     34 ; global & static initialisations
                                     35 ;--------------------------------------------------------
                                     36 	.area HOME
                                     37 	.area GSINIT
                                     38 	.area GSFINAL
                                     39 	.area GSINIT
                                     40 ;--------------------------------------------------------
                                     41 ; Home
                                     42 ;--------------------------------------------------------
                                     43 	.area HOME
                                     44 	.area HOME
                                     45 ;--------------------------------------------------------
                                     46 ; code
                                     47 ;--------------------------------------------------------
                                     48 	.area CODE
                                     49 ;	../abs.c: 54: int abs(int j)
                                     50 ;	-----------------------------------------
                                     51 ;	 function abs
                                     52 ;	-----------------------------------------
      000000                         53 _abs:
                                     54 ;	../abs.c: 56: return (j < 0) ? -j : j;
      000000 0D 03            [ 1]   55 	tnz	(0x03, sp)
      000002 2A 04            [ 1]   56 	jrpl	00103$
      000004 1E 03            [ 2]   57 	ldw	x, (0x03, sp)
      000006 50               [ 2]   58 	negw	x
      000007 81               [ 4]   59 	ret
      000008                         60 00103$:
      000008 1E 03            [ 2]   61 	ldw	x, (0x03, sp)
                                     62 ;	../abs.c: 57: }
      00000A 81               [ 4]   63 	ret
                                     64 	.area CODE
                                     65 	.area CONST
                                     66 	.area INITIALIZER
                                     67 	.area CABS (ABS)
