                                      1 ;--------------------------------------------------------
                                      2 ; File Created by SDCC : free open source ANSI-C Compiler
                                      3 ; Version 3.9.3 #11345 (Linux)
                                      4 ;--------------------------------------------------------
                                      5 	.module asinf
                                      6 	.optsdcc -mstm8
                                      7 	
                                      8 ;--------------------------------------------------------
                                      9 ; Public variables in this module
                                     10 ;--------------------------------------------------------
                                     11 	.globl _asincosf
                                     12 	.globl _asinf
                                     13 ;--------------------------------------------------------
                                     14 ; ram data
                                     15 ;--------------------------------------------------------
                                     16 	.area DATA
                                     17 ;--------------------------------------------------------
                                     18 ; ram data
                                     19 ;--------------------------------------------------------
                                     20 	.area INITIALIZED
                                     21 ;--------------------------------------------------------
                                     22 ; absolute external ram data
                                     23 ;--------------------------------------------------------
                                     24 	.area DABS (ABS)
                                     25 
                                     26 ; default segment ordering for linker
                                     27 	.area HOME
                                     28 	.area GSINIT
                                     29 	.area GSFINAL
                                     30 	.area CONST
                                     31 	.area INITIALIZER
                                     32 	.area CODE
                                     33 
                                     34 ;--------------------------------------------------------
                                     35 ; global & static initialisations
                                     36 ;--------------------------------------------------------
                                     37 	.area HOME
                                     38 	.area GSINIT
                                     39 	.area GSFINAL
                                     40 	.area GSINIT
                                     41 ;--------------------------------------------------------
                                     42 ; Home
                                     43 ;--------------------------------------------------------
                                     44 	.area HOME
                                     45 	.area HOME
                                     46 ;--------------------------------------------------------
                                     47 ; code
                                     48 ;--------------------------------------------------------
                                     49 	.area CODE
                                     50 ;	../asinf.c: 36: float asinf(float x) _FLOAT_FUNC_REENTRANT
                                     51 ;	-----------------------------------------
                                     52 ;	 function asinf
                                     53 ;	-----------------------------------------
      000000                         54 _asinf:
                                     55 ;	../asinf.c: 38: if (x == 1.0) return  HALF_PI;
      000000 5F               [ 1]   56 	clrw	x
      000001 89               [ 2]   57 	pushw	x
      000002 4B 80            [ 1]   58 	push	#0x80
      000004 4B 3F            [ 1]   59 	push	#0x3f
      000006 1E 09            [ 2]   60 	ldw	x, (0x09, sp)
      000008 89               [ 2]   61 	pushw	x
      000009 1E 09            [ 2]   62 	ldw	x, (0x09, sp)
      00000B 89               [ 2]   63 	pushw	x
      00000C CDr00r00         [ 4]   64 	call	___fseq
      00000F 5B 08            [ 2]   65 	addw	sp, #8
      000011 4D               [ 1]   66 	tnz	a
      000012 27 08            [ 1]   67 	jreq	00108$
      000014 AE 0F DB         [ 2]   68 	ldw	x, #0x0fdb
      000017 90 AE 3F C9      [ 2]   69 	ldw	y, #0x3fc9
      00001B 81               [ 4]   70 	ret
      00001C                         71 00108$:
                                     72 ;	../asinf.c: 39: else if (x ==-1.0) return -HALF_PI;
      00001C 5F               [ 1]   73 	clrw	x
      00001D 89               [ 2]   74 	pushw	x
      00001E 4B 80            [ 1]   75 	push	#0x80
      000020 4B BF            [ 1]   76 	push	#0xbf
      000022 1E 09            [ 2]   77 	ldw	x, (0x09, sp)
      000024 89               [ 2]   78 	pushw	x
      000025 1E 09            [ 2]   79 	ldw	x, (0x09, sp)
      000027 89               [ 2]   80 	pushw	x
      000028 CDr00r00         [ 4]   81 	call	___fseq
      00002B 5B 08            [ 2]   82 	addw	sp, #8
      00002D 4D               [ 1]   83 	tnz	a
      00002E 27 08            [ 1]   84 	jreq	00105$
      000030 AE 0F DB         [ 2]   85 	ldw	x, #0x0fdb
      000033 90 AE BF C9      [ 2]   86 	ldw	y, #0xbfc9
      000037 81               [ 4]   87 	ret
      000038                         88 00105$:
                                     89 ;	../asinf.c: 40: else if (x == 0.0) return 0.0;
      000038 1E 05            [ 2]   90 	ldw	x, (0x05, sp)
      00003A 26 09            [ 1]   91 	jrne	00102$
      00003C 1E 03            [ 2]   92 	ldw	x, (0x03, sp)
      00003E 58               [ 2]   93 	sllw	x
      00003F 26 04            [ 1]   94 	jrne	00102$
      000041 5F               [ 1]   95 	clrw	x
      000042 90 5F            [ 1]   96 	clrw	y
      000044 81               [ 4]   97 	ret
      000045                         98 00102$:
                                     99 ;	../asinf.c: 41: else               return asincosf(x, false);
      000045 4B 00            [ 1]  100 	push	#0x00
      000047 1E 06            [ 2]  101 	ldw	x, (0x06, sp)
      000049 89               [ 2]  102 	pushw	x
      00004A 1E 06            [ 2]  103 	ldw	x, (0x06, sp)
      00004C 89               [ 2]  104 	pushw	x
      00004D CDr00r00         [ 4]  105 	call	_asincosf
      000050 5B 05            [ 2]  106 	addw	sp, #5
                                    107 ;	../asinf.c: 42: }
      000052 81               [ 4]  108 	ret
                                    109 	.area CODE
                                    110 	.area CONST
                                    111 	.area INITIALIZER
                                    112 	.area CABS (ABS)
