                                      1 ;--------------------------------------------------------
                                      2 ; File Created by SDCC : free open source ANSI-C Compiler
                                      3 ; Version 3.9.3 #11345 (Linux)
                                      4 ;--------------------------------------------------------
                                      5 	.module btowc
                                      6 	.optsdcc -mstm8
                                      7 	
                                      8 ;--------------------------------------------------------
                                      9 ; Public variables in this module
                                     10 ;--------------------------------------------------------
                                     11 	.globl _btowc
                                     12 ;--------------------------------------------------------
                                     13 ; ram data
                                     14 ;--------------------------------------------------------
                                     15 	.area DATA
                                     16 ;--------------------------------------------------------
                                     17 ; ram data
                                     18 ;--------------------------------------------------------
                                     19 	.area INITIALIZED
                                     20 ;--------------------------------------------------------
                                     21 ; absolute external ram data
                                     22 ;--------------------------------------------------------
                                     23 	.area DABS (ABS)
                                     24 
                                     25 ; default segment ordering for linker
                                     26 	.area HOME
                                     27 	.area GSINIT
                                     28 	.area GSFINAL
                                     29 	.area CONST
                                     30 	.area INITIALIZER
                                     31 	.area CODE
                                     32 
                                     33 ;--------------------------------------------------------
                                     34 ; global & static initialisations
                                     35 ;--------------------------------------------------------
                                     36 	.area HOME
                                     37 	.area GSINIT
                                     38 	.area GSFINAL
                                     39 	.area GSINIT
                                     40 ;--------------------------------------------------------
                                     41 ; Home
                                     42 ;--------------------------------------------------------
                                     43 	.area HOME
                                     44 	.area HOME
                                     45 ;--------------------------------------------------------
                                     46 ; code
                                     47 ;--------------------------------------------------------
                                     48 	.area CODE
                                     49 ;	../btowc.c: 35: wint_t btowc(int c)
                                     50 ;	-----------------------------------------
                                     51 ;	 function btowc
                                     52 ;	-----------------------------------------
      000000                         53 _btowc:
                                     54 ;	../btowc.c: 37: if(c & 0x80)
      000000 0D 04            [ 1]   55 	tnz	(0x04, sp)
      000002 2A 05            [ 1]   56 	jrpl	00102$
                                     57 ;	../btowc.c: 38: return WEOF;
      000004 5F               [ 1]   58 	clrw	x
      000005 5A               [ 2]   59 	decw	x
      000006 90 93            [ 1]   60 	ldw	y, x
      000008 81               [ 4]   61 	ret
      000009                         62 00102$:
                                     63 ;	../btowc.c: 39: return c;
      000009 1E 03            [ 2]   64 	ldw	x, (0x03, sp)
      00000B 90 5F            [ 1]   65 	clrw	y
      00000D 5D               [ 2]   66 	tnzw	x
      00000E 2A 02            [ 1]   67 	jrpl	00111$
      000010 90 5A            [ 2]   68 	decw	y
      000012                         69 00111$:
                                     70 ;	../btowc.c: 40: }
      000012 81               [ 4]   71 	ret
                                     72 	.area CODE
                                     73 	.area CONST
                                     74 	.area INITIALIZER
                                     75 	.area CABS (ABS)
