                                      1 ;--------------------------------------------------------
                                      2 ; File Created by SDCC : free open source ANSI-C Compiler
                                      3 ; Version 3.9.3 #11345 (Linux)
                                      4 ;--------------------------------------------------------
                                      5 	.module cotf
                                      6 	.optsdcc -mstm8
                                      7 	
                                      8 ;--------------------------------------------------------
                                      9 ; Public variables in this module
                                     10 ;--------------------------------------------------------
                                     11 	.globl _tancotf
                                     12 	.globl _fabsf
                                     13 	.globl _cotf
                                     14 ;--------------------------------------------------------
                                     15 ; ram data
                                     16 ;--------------------------------------------------------
                                     17 	.area DATA
                                     18 ;--------------------------------------------------------
                                     19 ; ram data
                                     20 ;--------------------------------------------------------
                                     21 	.area INITIALIZED
                                     22 ;--------------------------------------------------------
                                     23 ; absolute external ram data
                                     24 ;--------------------------------------------------------
                                     25 	.area DABS (ABS)
                                     26 
                                     27 ; default segment ordering for linker
                                     28 	.area HOME
                                     29 	.area GSINIT
                                     30 	.area GSFINAL
                                     31 	.area CONST
                                     32 	.area INITIALIZER
                                     33 	.area CODE
                                     34 
                                     35 ;--------------------------------------------------------
                                     36 ; global & static initialisations
                                     37 ;--------------------------------------------------------
                                     38 	.area HOME
                                     39 	.area GSINIT
                                     40 	.area GSFINAL
                                     41 	.area GSINIT
                                     42 ;--------------------------------------------------------
                                     43 ; Home
                                     44 ;--------------------------------------------------------
                                     45 	.area HOME
                                     46 	.area HOME
                                     47 ;--------------------------------------------------------
                                     48 ; code
                                     49 ;--------------------------------------------------------
                                     50 	.area CODE
                                     51 ;	../cotf.c: 37: float cotf(float x) _FLOAT_FUNC_REENTRANT
                                     52 ;	-----------------------------------------
                                     53 ;	 function cotf
                                     54 ;	-----------------------------------------
      000000                         55 _cotf:
                                     56 ;	../cotf.c: 41: y=fabsf(x);
      000000 1E 05            [ 2]   57 	ldw	x, (0x05, sp)
      000002 89               [ 2]   58 	pushw	x
      000003 1E 05            [ 2]   59 	ldw	x, (0x05, sp)
      000005 89               [ 2]   60 	pushw	x
      000006 CDr00r00         [ 4]   61 	call	_fabsf
      000009 5B 04            [ 2]   62 	addw	sp, #4
                                     63 ;	../cotf.c: 42: if (y<1.0E-30) //This one requires more thinking...
      00000B 4B 60            [ 1]   64 	push	#0x60
      00000D 4B 42            [ 1]   65 	push	#0x42
      00000F 4B A2            [ 1]   66 	push	#0xa2
      000011 4B 0D            [ 1]   67 	push	#0x0d
      000013 89               [ 2]   68 	pushw	x
      000014 90 89            [ 2]   69 	pushw	y
      000016 CDr00r00         [ 4]   70 	call	___fslt
      000019 5B 08            [ 2]   71 	addw	sp, #8
      00001B 4D               [ 1]   72 	tnz	a
      00001C 27 26            [ 1]   73 	jreq	00105$
                                     74 ;	../cotf.c: 44: errno = ERANGE;
      00001E AE 00 22         [ 2]   75 	ldw	x, #0x0022
      000021 CFu00u00         [ 2]   76 	ldw	_errno+0, x
                                     77 ;	../cotf.c: 45: if (x<0.0)
      000024 5F               [ 1]   78 	clrw	x
      000025 89               [ 2]   79 	pushw	x
      000026 5F               [ 1]   80 	clrw	x
      000027 89               [ 2]   81 	pushw	x
      000028 1E 09            [ 2]   82 	ldw	x, (0x09, sp)
      00002A 89               [ 2]   83 	pushw	x
      00002B 1E 09            [ 2]   84 	ldw	x, (0x09, sp)
      00002D 89               [ 2]   85 	pushw	x
      00002E CDr00r00         [ 4]   86 	call	___fslt
      000031 5B 08            [ 2]   87 	addw	sp, #8
      000033 4D               [ 1]   88 	tnz	a
      000034 27 07            [ 1]   89 	jreq	00102$
                                     90 ;	../cotf.c: 46: return -HUGE_VALF;
      000036 5F               [ 1]   91 	clrw	x
      000037 5A               [ 2]   92 	decw	x
      000038 90 AE FF 7F      [ 2]   93 	ldw	y, #0xff7f
      00003C 81               [ 4]   94 	ret
      00003D                         95 00102$:
                                     96 ;	../cotf.c: 48: return +HUGE_VALF;
      00003D 5F               [ 1]   97 	clrw	x
      00003E 5A               [ 2]   98 	decw	x
      00003F 90 AE 7F 7F      [ 2]   99 	ldw	y, #0x7f7f
      000043 81               [ 4]  100 	ret
      000044                        101 00105$:
                                    102 ;	../cotf.c: 50: return tancotf(x, 1);
      000044 4B 01            [ 1]  103 	push	#0x01
      000046 1E 06            [ 2]  104 	ldw	x, (0x06, sp)
      000048 89               [ 2]  105 	pushw	x
      000049 1E 06            [ 2]  106 	ldw	x, (0x06, sp)
      00004B 89               [ 2]  107 	pushw	x
      00004C CDr00r00         [ 4]  108 	call	_tancotf
      00004F 5B 05            [ 2]  109 	addw	sp, #5
                                    110 ;	../cotf.c: 51: }
      000051 81               [ 4]  111 	ret
                                    112 	.area CODE
                                    113 	.area CONST
                                    114 	.area INITIALIZER
                                    115 	.area CABS (ABS)
