                                      1 ;--------------------------------------------------------
                                      2 ; File Created by SDCC : free open source ANSI-C Compiler
                                      3 ; Version 3.9.3 #11345 (Linux)
                                      4 ;--------------------------------------------------------
                                      5 	.module fabsf
                                      6 	.optsdcc -mstm8
                                      7 	
                                      8 ;--------------------------------------------------------
                                      9 ; Public variables in this module
                                     10 ;--------------------------------------------------------
                                     11 	.globl _fabsf
                                     12 ;--------------------------------------------------------
                                     13 ; ram data
                                     14 ;--------------------------------------------------------
                                     15 	.area DATA
                                     16 ;--------------------------------------------------------
                                     17 ; ram data
                                     18 ;--------------------------------------------------------
                                     19 	.area INITIALIZED
                                     20 ;--------------------------------------------------------
                                     21 ; absolute external ram data
                                     22 ;--------------------------------------------------------
                                     23 	.area DABS (ABS)
                                     24 
                                     25 ; default segment ordering for linker
                                     26 	.area HOME
                                     27 	.area GSINIT
                                     28 	.area GSFINAL
                                     29 	.area CONST
                                     30 	.area INITIALIZER
                                     31 	.area CODE
                                     32 
                                     33 ;--------------------------------------------------------
                                     34 ; global & static initialisations
                                     35 ;--------------------------------------------------------
                                     36 	.area HOME
                                     37 	.area GSINIT
                                     38 	.area GSFINAL
                                     39 	.area GSINIT
                                     40 ;--------------------------------------------------------
                                     41 ; Home
                                     42 ;--------------------------------------------------------
                                     43 	.area HOME
                                     44 	.area HOME
                                     45 ;--------------------------------------------------------
                                     46 ; code
                                     47 ;--------------------------------------------------------
                                     48 	.area CODE
                                     49 ;	../fabsf.c: 34: float fabsf(float x) _FLOAT_FUNC_REENTRANT
                                     50 ;	-----------------------------------------
                                     51 ;	 function fabsf
                                     52 ;	-----------------------------------------
      000000                         53 _fabsf:
      000000 52 04            [ 2]   54 	sub	sp, #4
                                     55 ;	../fabsf.c: 38: fl.f = x;
      000002 16 09            [ 2]   56 	ldw	y, (0x09, sp)
      000004 17 03            [ 2]   57 	ldw	(0x03, sp), y
      000006 16 07            [ 2]   58 	ldw	y, (0x07, sp)
      000008 17 01            [ 2]   59 	ldw	(0x01, sp), y
                                     60 ;	../fabsf.c: 39: fl.l &= 0x7fffffff;
      00000A 16 03            [ 2]   61 	ldw	y, (0x03, sp)
      00000C 1E 01            [ 2]   62 	ldw	x, (0x01, sp)
      00000E 58               [ 2]   63 	sllw	x
      00000F 54               [ 2]   64 	srlw	x
      000010 17 03            [ 2]   65 	ldw	(0x03, sp), y
      000012 1F 01            [ 2]   66 	ldw	(0x01, sp), x
                                     67 ;	../fabsf.c: 40: return fl.f;
      000014 1E 03            [ 2]   68 	ldw	x, (0x03, sp)
      000016 16 01            [ 2]   69 	ldw	y, (0x01, sp)
                                     70 ;	../fabsf.c: 41: }
      000018 5B 04            [ 2]   71 	addw	sp, #4
      00001A 81               [ 4]   72 	ret
                                     73 	.area CODE
                                     74 	.area CONST
                                     75 	.area INITIALIZER
                                     76 	.area CABS (ABS)
