                                      1 ;--------------------------------------------------------------------------
                                      2 ;  heap.s
                                      3 ;
                                      4 ;  Copyright (C) 2014, Ben Shi
                                      5 ;
                                      6 ;  This library is free software; you can redistribute it and/or modify it
                                      7 ;  under the terms of the GNU General Public License as published by the
                                      8 ;  Free Software Foundation; either version 2, or (at your option) any
                                      9 ;  later version.
                                     10 ;
                                     11 ;  This library is distributed in the hope that it will be useful,
                                     12 ;  but WITHOUT ANY WARRANTY; without even the implied warranty of
                                     13 ;  MERCHANTABILITY or FITNESS FOR A PARTICULAR PURPOSE. See the
                                     14 ;  GNU General Public License for more details.
                                     15 ;
                                     16 ;  You should have received a copy of the GNU General Public License 
                                     17 ;  along with this library; see the file COPYING. If not, write to the
                                     18 ;  Free Software Foundation, 51 Franklin Street, Fifth Floor, Boston,
                                     19 ;   MA 02110-1301, USA.
                                     20 ;
                                     21 ;  As a special exception, if you link this library with other files,
                                     22 ;  some of which are compiled with SDCC, to produce an executable,
                                     23 ;  this library does not by itself cause the resulting executable to
                                     24 ;  be covered by the GNU General Public License. This exception does
                                     25 ;  not however invalidate any other reasons why the executable file
                                     26 ;   might be covered by the GNU General Public License.
                                     27 ;--------------------------------------------------------------------------
                                     28 
                                     29 	.globl ___sdcc_heap_init
                                     30 	.globl ___sdcc_heap
                                     31 	.globl ___sdcc_heap_end
                                     32 
                                     33 	.area GSINIT
      000000 CDr00r00         [ 4]   34 	call ___sdcc_heap_init
                                     35 
                                     36 	.area DATA
                                     37 	; For now just allocate 1024 bytes for the heap.
      000000                         38 ___sdcc_heap::
      000000                         39 	.ds 1023
      0003FF                         40 ___sdcc_heap_end::
      0003FF                         41 	.ds 1 
