                                      1 ;--------------------------------------------------------
                                      2 ; File Created by SDCC : free open source ANSI-C Compiler
                                      3 ; Version 3.9.3 #11345 (Linux)
                                      4 ;--------------------------------------------------------
                                      5 	.module islower
                                      6 	.optsdcc -mstm8
                                      7 	
                                      8 ;--------------------------------------------------------
                                      9 ; Public variables in this module
                                     10 ;--------------------------------------------------------
                                     11 	.globl _islower
                                     12 ;--------------------------------------------------------
                                     13 ; ram data
                                     14 ;--------------------------------------------------------
                                     15 	.area DATA
                                     16 ;--------------------------------------------------------
                                     17 ; ram data
                                     18 ;--------------------------------------------------------
                                     19 	.area INITIALIZED
                                     20 ;--------------------------------------------------------
                                     21 ; absolute external ram data
                                     22 ;--------------------------------------------------------
                                     23 	.area DABS (ABS)
                                     24 
                                     25 ; default segment ordering for linker
                                     26 	.area HOME
                                     27 	.area GSINIT
                                     28 	.area GSFINAL
                                     29 	.area CONST
                                     30 	.area INITIALIZER
                                     31 	.area CODE
                                     32 
                                     33 ;--------------------------------------------------------
                                     34 ; global & static initialisations
                                     35 ;--------------------------------------------------------
                                     36 	.area HOME
                                     37 	.area GSINIT
                                     38 	.area GSFINAL
                                     39 	.area GSINIT
                                     40 ;--------------------------------------------------------
                                     41 ; Home
                                     42 ;--------------------------------------------------------
                                     43 	.area HOME
                                     44 	.area HOME
                                     45 ;--------------------------------------------------------
                                     46 ; code
                                     47 ;--------------------------------------------------------
                                     48 	.area CODE
                                     49 ;	./../../include/ctype.h: 69: inline int islower (int c)
                                     50 ;	-----------------------------------------
                                     51 ;	 function islower
                                     52 ;	-----------------------------------------
      000000                         53 _islower:
                                     54 ;	./../../include/ctype.h: 71: return ((unsigned char)c >= 'a' && (unsigned char)c <= 'z');
      000000 7B 04            [ 1]   55 	ld	a, (0x04, sp)
      000002 A1 61            [ 1]   56 	cp	a, #0x61
      000004 25 04            [ 1]   57 	jrc	00103$
      000006 A1 7A            [ 1]   58 	cp	a, #0x7a
      000008 23 02            [ 2]   59 	jrule	00104$
      00000A                         60 00103$:
      00000A 4F               [ 1]   61 	clr	a
      00000B C5                      62 	.byte 0xc5
      00000C                         63 00104$:
      00000C A6 01            [ 1]   64 	ld	a, #0x01
      00000E                         65 00105$:
      00000E 5F               [ 1]   66 	clrw	x
      00000F 97               [ 1]   67 	ld	xl, a
                                     68 ;	./../../include/ctype.h: 72: }
      000010 81               [ 4]   69 	ret
                                     70 	.area CODE
                                     71 	.area CONST
                                     72 	.area INITIALIZER
                                     73 	.area CABS (ABS)
