                                      1 ;--------------------------------------------------------
                                      2 ; File Created by SDCC : free open source ANSI-C Compiler
                                      3 ; Version 3.9.3 #11345 (Linux)
                                      4 ;--------------------------------------------------------
                                      5 	.module isprint
                                      6 	.optsdcc -mstm8
                                      7 	
                                      8 ;--------------------------------------------------------
                                      9 ; Public variables in this module
                                     10 ;--------------------------------------------------------
                                     11 	.globl _isprint
                                     12 ;--------------------------------------------------------
                                     13 ; ram data
                                     14 ;--------------------------------------------------------
                                     15 	.area DATA
                                     16 ;--------------------------------------------------------
                                     17 ; ram data
                                     18 ;--------------------------------------------------------
                                     19 	.area INITIALIZED
                                     20 ;--------------------------------------------------------
                                     21 ; absolute external ram data
                                     22 ;--------------------------------------------------------
                                     23 	.area DABS (ABS)
                                     24 
                                     25 ; default segment ordering for linker
                                     26 	.area HOME
                                     27 	.area GSINIT
                                     28 	.area GSFINAL
                                     29 	.area CONST
                                     30 	.area INITIALIZER
                                     31 	.area CODE
                                     32 
                                     33 ;--------------------------------------------------------
                                     34 ; global & static initialisations
                                     35 ;--------------------------------------------------------
                                     36 	.area HOME
                                     37 	.area GSINIT
                                     38 	.area GSFINAL
                                     39 	.area GSINIT
                                     40 ;--------------------------------------------------------
                                     41 ; Home
                                     42 ;--------------------------------------------------------
                                     43 	.area HOME
                                     44 	.area HOME
                                     45 ;--------------------------------------------------------
                                     46 ; code
                                     47 ;--------------------------------------------------------
                                     48 	.area CODE
                                     49 ;	../isprint.c: 33: int isprint (int c)
                                     50 ;	-----------------------------------------
                                     51 ;	 function isprint
                                     52 ;	-----------------------------------------
      000000                         53 _isprint:
                                     54 ;	../isprint.c: 35: return (c >= ' ' && c <= '~');
      000000 1E 03            [ 2]   55 	ldw	x, (0x03, sp)
      000002 A3 00 20         [ 2]   56 	cpw	x, #0x0020
      000005 2F 05            [ 1]   57 	jrslt	00103$
      000007 A3 00 7E         [ 2]   58 	cpw	x, #0x007e
      00000A 2D 02            [ 1]   59 	jrsle	00104$
      00000C                         60 00103$:
      00000C 4F               [ 1]   61 	clr	a
      00000D C5                      62 	.byte 0xc5
      00000E                         63 00104$:
      00000E A6 01            [ 1]   64 	ld	a, #0x01
      000010                         65 00105$:
      000010 5F               [ 1]   66 	clrw	x
      000011 97               [ 1]   67 	ld	xl, a
                                     68 ;	../isprint.c: 36: }
      000012 81               [ 4]   69 	ret
                                     70 	.area CODE
                                     71 	.area CONST
                                     72 	.area INITIALIZER
                                     73 	.area CABS (ABS)
