                                      1 ;--------------------------------------------------------
                                      2 ; File Created by SDCC : free open source ANSI-C Compiler
                                      3 ; Version 3.9.3 #11345 (Linux)
                                      4 ;--------------------------------------------------------
                                      5 	.module ispunct
                                      6 	.optsdcc -mstm8
                                      7 	
                                      8 ;--------------------------------------------------------
                                      9 ; Public variables in this module
                                     10 ;--------------------------------------------------------
                                     11 	.globl _isalnum
                                     12 	.globl _isspace
                                     13 	.globl _isprint
                                     14 	.globl _ispunct
                                     15 ;--------------------------------------------------------
                                     16 ; ram data
                                     17 ;--------------------------------------------------------
                                     18 	.area DATA
                                     19 ;--------------------------------------------------------
                                     20 ; ram data
                                     21 ;--------------------------------------------------------
                                     22 	.area INITIALIZED
                                     23 ;--------------------------------------------------------
                                     24 ; absolute external ram data
                                     25 ;--------------------------------------------------------
                                     26 	.area DABS (ABS)
                                     27 
                                     28 ; default segment ordering for linker
                                     29 	.area HOME
                                     30 	.area GSINIT
                                     31 	.area GSFINAL
                                     32 	.area CONST
                                     33 	.area INITIALIZER
                                     34 	.area CODE
                                     35 
                                     36 ;--------------------------------------------------------
                                     37 ; global & static initialisations
                                     38 ;--------------------------------------------------------
                                     39 	.area HOME
                                     40 	.area GSINIT
                                     41 	.area GSFINAL
                                     42 	.area GSINIT
                                     43 ;--------------------------------------------------------
                                     44 ; Home
                                     45 ;--------------------------------------------------------
                                     46 	.area HOME
                                     47 	.area HOME
                                     48 ;--------------------------------------------------------
                                     49 ; code
                                     50 ;--------------------------------------------------------
                                     51 	.area CODE
                                     52 ;	../ispunct.c: 33: int ispunct (int c)
                                     53 ;	-----------------------------------------
                                     54 ;	 function ispunct
                                     55 ;	-----------------------------------------
      000000                         56 _ispunct:
                                     57 ;	../ispunct.c: 35: return (isprint (c) && !isspace (c) && !isalnum (c));
      000000 1E 03            [ 2]   58 	ldw	x, (0x03, sp)
      000002 89               [ 2]   59 	pushw	x
      000003 CDr00r00         [ 4]   60 	call	_isprint
      000006 5B 02            [ 2]   61 	addw	sp, #2
      000008 5D               [ 2]   62 	tnzw	x
      000009 27 16            [ 1]   63 	jreq	00103$
      00000B 1E 03            [ 2]   64 	ldw	x, (0x03, sp)
      00000D 89               [ 2]   65 	pushw	x
      00000E CDr00r00         [ 4]   66 	call	_isspace
      000011 5B 02            [ 2]   67 	addw	sp, #2
      000013 5D               [ 2]   68 	tnzw	x
      000014 26 0B            [ 1]   69 	jrne	00103$
      000016 1E 03            [ 2]   70 	ldw	x, (0x03, sp)
      000018 89               [ 2]   71 	pushw	x
      000019 CDr00r00         [ 4]   72 	call	_isalnum
      00001C 5B 02            [ 2]   73 	addw	sp, #2
      00001E 5D               [ 2]   74 	tnzw	x
      00001F 27 02            [ 1]   75 	jreq	00104$
      000021                         76 00103$:
      000021 4F               [ 1]   77 	clr	a
      000022 C5                      78 	.byte 0xc5
      000023                         79 00104$:
      000023 A6 01            [ 1]   80 	ld	a, #0x01
      000025                         81 00105$:
      000025 5F               [ 1]   82 	clrw	x
      000026 97               [ 1]   83 	ld	xl, a
                                     84 ;	../ispunct.c: 36: }
      000027 81               [ 4]   85 	ret
                                     86 	.area CODE
                                     87 	.area CONST
                                     88 	.area INITIALIZER
                                     89 	.area CABS (ABS)
