                                      1 ;--------------------------------------------------------------------------
                                      2 ;  setjmp.s
                                      3 ;
                                      4 ;  Copyright (C) 2014, Philipp Klaus Krause
                                      5 ;
                                      6 ;  This library is free software; you can redistribute it and/or modify it
                                      7 ;  under the terms of the GNU General Public License as published by the
                                      8 ;  Free Software Foundation; either version 2, or (at your option) any
                                      9 ;  later version.
                                     10 ;
                                     11 ;  This library is distributed in the hope that it will be useful,
                                     12 ;  but WITHOUT ANY WARRANTY; without even the implied warranty of
                                     13 ;  MERCHANTABILITY or FITNESS FOR A PARTICULAR PURPOSE. See the
                                     14 ;  GNU General Public License for more details.
                                     15 ;
                                     16 ;  You should have received a copy of the GNU General Public License 
                                     17 ;  along with this library; see the file COPYING. If not, write to the
                                     18 ;  Free Software Foundation, 51 Franklin Street, Fifth Floor, Boston,
                                     19 ;   MA 02110-1301, USA.
                                     20 ;
                                     21 ;  As a special exception, if you link this library with other files,
                                     22 ;  some of which are compiled with SDCC, to produce an executable,
                                     23 ;  this library does not by itself cause the resulting executable to
                                     24 ;  be covered by the GNU General Public License. This exception does
                                     25 ;  not however invalidate any other reasons why the executable file
                                     26 ;   might be covered by the GNU General Public License.
                                     27 ;--------------------------------------------------------------------------
                                     28 
                                     29 	.area   CODE
                                     30 
                                     31 	.globl ___setjmp
                                     32 
      000000                         33 ___setjmp:
      000000 16 03            [ 2]   34 	ldw	y, (3, sp)
                                     35 
                                     36 	; store return address
      000002 1E 01            [ 2]   37 	ldw	x, (1, sp)
      000004 90 FF            [ 2]   38 	ldw	(y), x
                                     39 
                                     40 	; store stack pointer
      000006 96               [ 1]   41 	ldw	x, sp
      000007 90 EF 02         [ 2]   42 	ldw	(2, y), x
                                     43 
                                     44 	; return 0
      00000A 5F               [ 1]   45 	clrw	x
                                     46 
      00000B 81               [ 4]   47 	ret
                                     48 
                                     49 	.globl _longjmp
                                     50 
      00000C                         51 _longjmp:
      00000C 1E 03            [ 2]   52 	ldw	x, (3, sp)
      00000E 16 05            [ 2]   53 	ldw	y, (5, sp)
                                     54 
                                     55 	; Restore stack pointer
      000010 89               [ 2]   56 	pushw	x
      000011 EE 02            [ 2]   57 	ldw	x, (2, x)
      000013 EF 01            [ 2]   58 	ldw	(1, x), y
      000015 90 85            [ 2]   59 	popw	y
      000017 94               [ 1]   60 	ldw	sp, x
                                     61 
                                     62 	; Calculate return value
      000018 85               [ 2]   63 	popw	x
      000019 5D               [ 2]   64 	tnzw	x
      00001A 26 01            [ 1]   65 	jrne	jump
      00001C 5C               [ 1]   66 	incw	x
      00001D                         67 jump:
                                     68 	; Return
      00001D 90 FE            [ 2]   69 	ldw	y, (y)
      00001F 90 FC            [ 2]   70 	jp	(y)
                                     71 
