                                      1 ;--------------------------------------------------------
                                      2 ; File Created by SDCC : free open source ANSI-C Compiler
                                      3 ; Version 3.9.3 #11345 (Linux)
                                      4 ;--------------------------------------------------------
                                      5 	.module sinf
                                      6 	.optsdcc -mstm8
                                      7 	
                                      8 ;--------------------------------------------------------
                                      9 ; Public variables in this module
                                     10 ;--------------------------------------------------------
                                     11 	.globl _sincosf
                                     12 	.globl _sinf
                                     13 ;--------------------------------------------------------
                                     14 ; ram data
                                     15 ;--------------------------------------------------------
                                     16 	.area DATA
                                     17 ;--------------------------------------------------------
                                     18 ; ram data
                                     19 ;--------------------------------------------------------
                                     20 	.area INITIALIZED
                                     21 ;--------------------------------------------------------
                                     22 ; absolute external ram data
                                     23 ;--------------------------------------------------------
                                     24 	.area DABS (ABS)
                                     25 
                                     26 ; default segment ordering for linker
                                     27 	.area HOME
                                     28 	.area GSINIT
                                     29 	.area GSFINAL
                                     30 	.area CONST
                                     31 	.area INITIALIZER
                                     32 	.area CODE
                                     33 
                                     34 ;--------------------------------------------------------
                                     35 ; global & static initialisations
                                     36 ;--------------------------------------------------------
                                     37 	.area HOME
                                     38 	.area GSINIT
                                     39 	.area GSFINAL
                                     40 	.area GSINIT
                                     41 ;--------------------------------------------------------
                                     42 ; Home
                                     43 ;--------------------------------------------------------
                                     44 	.area HOME
                                     45 	.area HOME
                                     46 ;--------------------------------------------------------
                                     47 ; code
                                     48 ;--------------------------------------------------------
                                     49 	.area CODE
                                     50 ;	../sinf.c: 36: float sinf(float x) _FLOAT_FUNC_REENTRANT
                                     51 ;	-----------------------------------------
                                     52 ;	 function sinf
                                     53 ;	-----------------------------------------
      000000                         54 _sinf:
                                     55 ;	../sinf.c: 38: if (x==0.0) return 0.0;
      000000 1E 05            [ 2]   56 	ldw	x, (0x05, sp)
      000002 26 09            [ 1]   57 	jrne	00102$
      000004 1E 03            [ 2]   58 	ldw	x, (0x03, sp)
      000006 58               [ 2]   59 	sllw	x
      000007 26 04            [ 1]   60 	jrne	00102$
      000009 5F               [ 1]   61 	clrw	x
      00000A 90 5F            [ 1]   62 	clrw	y
      00000C 81               [ 4]   63 	ret
      00000D                         64 00102$:
                                     65 ;	../sinf.c: 39: return sincosf(x, 0);
      00000D 4B 00            [ 1]   66 	push	#0x00
      00000F 1E 06            [ 2]   67 	ldw	x, (0x06, sp)
      000011 89               [ 2]   68 	pushw	x
      000012 1E 06            [ 2]   69 	ldw	x, (0x06, sp)
      000014 89               [ 2]   70 	pushw	x
      000015 CDr00r00         [ 4]   71 	call	_sincosf
      000018 5B 05            [ 2]   72 	addw	sp, #5
                                     73 ;	../sinf.c: 40: }
      00001A 81               [ 4]   74 	ret
                                     75 	.area CODE
                                     76 	.area CONST
                                     77 	.area INITIALIZER
                                     78 	.area CABS (ABS)
