                                      1 ;--------------------------------------------------------
                                      2 ; File Created by SDCC : free open source ANSI-C Compiler
                                      3 ; Version 3.9.3 #11345 (Linux)
                                      4 ;--------------------------------------------------------
                                      5 	.module strxfrm
                                      6 	.optsdcc -mstm8
                                      7 	
                                      8 ;--------------------------------------------------------
                                      9 ; Public variables in this module
                                     10 ;--------------------------------------------------------
                                     11 	.globl _strlen
                                     12 	.globl _strncpy
                                     13 	.globl _strxfrm
                                     14 ;--------------------------------------------------------
                                     15 ; ram data
                                     16 ;--------------------------------------------------------
                                     17 	.area DATA
                                     18 ;--------------------------------------------------------
                                     19 ; ram data
                                     20 ;--------------------------------------------------------
                                     21 	.area INITIALIZED
                                     22 ;--------------------------------------------------------
                                     23 ; absolute external ram data
                                     24 ;--------------------------------------------------------
                                     25 	.area DABS (ABS)
                                     26 
                                     27 ; default segment ordering for linker
                                     28 	.area HOME
                                     29 	.area GSINIT
                                     30 	.area GSFINAL
                                     31 	.area CONST
                                     32 	.area INITIALIZER
                                     33 	.area CODE
                                     34 
                                     35 ;--------------------------------------------------------
                                     36 ; global & static initialisations
                                     37 ;--------------------------------------------------------
                                     38 	.area HOME
                                     39 	.area GSINIT
                                     40 	.area GSFINAL
                                     41 	.area GSINIT
                                     42 ;--------------------------------------------------------
                                     43 ; Home
                                     44 ;--------------------------------------------------------
                                     45 	.area HOME
                                     46 	.area HOME
                                     47 ;--------------------------------------------------------
                                     48 ; code
                                     49 ;--------------------------------------------------------
                                     50 	.area CODE
                                     51 ;	../strxfrm.c: 31: size_t strxfrm(char *dest, const char *src, size_t n)
                                     52 ;	-----------------------------------------
                                     53 ;	 function strxfrm
                                     54 ;	-----------------------------------------
      000000                         55 _strxfrm:
                                     56 ;	../strxfrm.c: 33: strncpy(dest, src, n);
      000000 1E 07            [ 2]   57 	ldw	x, (0x07, sp)
      000002 89               [ 2]   58 	pushw	x
      000003 1E 07            [ 2]   59 	ldw	x, (0x07, sp)
      000005 89               [ 2]   60 	pushw	x
      000006 1E 07            [ 2]   61 	ldw	x, (0x07, sp)
      000008 89               [ 2]   62 	pushw	x
      000009 CDr00r00         [ 4]   63 	call	_strncpy
      00000C 5B 06            [ 2]   64 	addw	sp, #6
                                     65 ;	../strxfrm.c: 34: return(strlen(src) + 1);
      00000E 1E 05            [ 2]   66 	ldw	x, (0x05, sp)
      000010 89               [ 2]   67 	pushw	x
      000011 CDr00r00         [ 4]   68 	call	_strlen
      000014 5B 02            [ 2]   69 	addw	sp, #2
      000016 5C               [ 1]   70 	incw	x
                                     71 ;	../strxfrm.c: 35: }
      000017 81               [ 4]   72 	ret
                                     73 	.area CODE
                                     74 	.area CONST
                                     75 	.area INITIALIZER
                                     76 	.area CABS (ABS)
