                                      1 ;--------------------------------------------------------
                                      2 ; File Created by SDCC : free open source ANSI-C Compiler
                                      3 ; Version 3.9.3 #11345 (Linux)
                                      4 ;--------------------------------------------------------
                                      5 	.module toupper
                                      6 	.optsdcc -mstm8
                                      7 	
                                      8 ;--------------------------------------------------------
                                      9 ; Public variables in this module
                                     10 ;--------------------------------------------------------
                                     11 	.globl _toupper
                                     12 ;--------------------------------------------------------
                                     13 ; ram data
                                     14 ;--------------------------------------------------------
                                     15 	.area DATA
                                     16 ;--------------------------------------------------------
                                     17 ; ram data
                                     18 ;--------------------------------------------------------
                                     19 	.area INITIALIZED
                                     20 ;--------------------------------------------------------
                                     21 ; absolute external ram data
                                     22 ;--------------------------------------------------------
                                     23 	.area DABS (ABS)
                                     24 
                                     25 ; default segment ordering for linker
                                     26 	.area HOME
                                     27 	.area GSINIT
                                     28 	.area GSFINAL
                                     29 	.area CONST
                                     30 	.area INITIALIZER
                                     31 	.area CODE
                                     32 
                                     33 ;--------------------------------------------------------
                                     34 ; global & static initialisations
                                     35 ;--------------------------------------------------------
                                     36 	.area HOME
                                     37 	.area GSINIT
                                     38 	.area GSFINAL
                                     39 	.area GSINIT
                                     40 ;--------------------------------------------------------
                                     41 ; Home
                                     42 ;--------------------------------------------------------
                                     43 	.area HOME
                                     44 	.area HOME
                                     45 ;--------------------------------------------------------
                                     46 ; code
                                     47 ;--------------------------------------------------------
                                     48 	.area CODE
                                     49 ;	../toupper.c: 33: int toupper (int c)
                                     50 ;	-----------------------------------------
                                     51 ;	 function toupper
                                     52 ;	-----------------------------------------
      000000                         53 _toupper:
                                     54 ;	../toupper.c: 35: return (islower (c) ? c + ('A' - 'a') : c);
      000000 1E 03            [ 2]   55 	ldw	x, (0x03, sp)
                                     56 ;	./../../include/ctype.h: 71: return ((unsigned char)c >= 'a' && (unsigned char)c <= 'z');
      000002 9F               [ 1]   57 	ld	a, xl
      000003 A1 61            [ 1]   58 	cp	a, #0x61
      000005 24 01            [ 1]   59 	jrnc	00117$
      000007 81               [ 4]   60 	ret
      000008                         61 00117$:
      000008 A1 7A            [ 1]   62 	cp	a, #0x7a
      00000A 23 01            [ 2]   63 	jrule	00118$
      00000C 81               [ 4]   64 	ret
      00000D                         65 00118$:
                                     66 ;	../toupper.c: 35: return (islower (c) ? c + ('A' - 'a') : c);
      00000D 1C FF E0         [ 2]   67 	addw	x, #0xffe0
                                     68 ;	../toupper.c: 36: }
      000010 81               [ 4]   69 	ret
                                     70 	.area CODE
                                     71 	.area CONST
                                     72 	.area INITIALIZER
                                     73 	.area CABS (ABS)
