                                      1 ;--------------------------------------------------------
                                      2 ; File Created by SDCC : free open source ANSI-C Compiler
                                      3 ; Version 3.9.3 #11345 (Linux)
                                      4 ;--------------------------------------------------------
                                      5 	.module wctob
                                      6 	.optsdcc -mstm8
                                      7 	
                                      8 ;--------------------------------------------------------
                                      9 ; Public variables in this module
                                     10 ;--------------------------------------------------------
                                     11 	.globl _wctob
                                     12 ;--------------------------------------------------------
                                     13 ; ram data
                                     14 ;--------------------------------------------------------
                                     15 	.area DATA
                                     16 ;--------------------------------------------------------
                                     17 ; ram data
                                     18 ;--------------------------------------------------------
                                     19 	.area INITIALIZED
                                     20 ;--------------------------------------------------------
                                     21 ; absolute external ram data
                                     22 ;--------------------------------------------------------
                                     23 	.area DABS (ABS)
                                     24 
                                     25 ; default segment ordering for linker
                                     26 	.area HOME
                                     27 	.area GSINIT
                                     28 	.area GSFINAL
                                     29 	.area CONST
                                     30 	.area INITIALIZER
                                     31 	.area CODE
                                     32 
                                     33 ;--------------------------------------------------------
                                     34 ; global & static initialisations
                                     35 ;--------------------------------------------------------
                                     36 	.area HOME
                                     37 	.area GSINIT
                                     38 	.area GSFINAL
                                     39 	.area GSINIT
                                     40 ;--------------------------------------------------------
                                     41 ; Home
                                     42 ;--------------------------------------------------------
                                     43 	.area HOME
                                     44 	.area HOME
                                     45 ;--------------------------------------------------------
                                     46 ; code
                                     47 ;--------------------------------------------------------
                                     48 	.area CODE
                                     49 ;	../wctob.c: 35: int wctob(wint_t c)
                                     50 ;	-----------------------------------------
                                     51 ;	 function wctob
                                     52 ;	-----------------------------------------
      000000                         53 _wctob:
      000000 52 04            [ 2]   54 	sub	sp, #4
                                     55 ;	../wctob.c: 37: if(c & 0xffffff80)
      000002 7B 0A            [ 1]   56 	ld	a, (0x0a, sp)
      000004 A4 80            [ 1]   57 	and	a, #0x80
      000006 6B 04            [ 1]   58 	ld	(0x04, sp), a
      000008 1E 07            [ 2]   59 	ldw	x, (0x07, sp)
      00000A 7B 09            [ 1]   60 	ld	a, (0x09, sp)
      00000C 6B 03            [ 1]   61 	ld	(0x03, sp), a
      00000E 16 03            [ 2]   62 	ldw	y, (0x03, sp)
      000010 26 03            [ 1]   63 	jrne	00110$
      000012 5D               [ 2]   64 	tnzw	x
      000013 27 03            [ 1]   65 	jreq	00102$
      000015                         66 00110$:
                                     67 ;	../wctob.c: 38: return WEOF;
      000015 5F               [ 1]   68 	clrw	x
      000016 5A               [ 2]   69 	decw	x
                                     70 ;	../wctob.c: 39: return c;
      000017 C5                      71 	.byte 0xc5
      000018                         72 00102$:
      000018 1E 09            [ 2]   73 	ldw	x, (0x09, sp)
      00001A                         74 00103$:
                                     75 ;	../wctob.c: 40: }
      00001A 5B 04            [ 2]   76 	addw	sp, #4
      00001C 81               [ 4]   77 	ret
                                     78 	.area CODE
                                     79 	.area CONST
                                     80 	.area INITIALIZER
                                     81 	.area CABS (ABS)
